<?xml version="1.0" encoding="UTF-8" standalone="no"?>
<!DOCTYPE log SYSTEM "logger.dtd">
<log>
<record>
  <date>2019-06-20T10:00:05</date>
  <millis>1561005005533</millis>
  <sequence>0</sequence>
  <level>START</level>
  <class>com.kms.katalon.core.logging.XmlKeywordLogger</class>
  <method>startSuite</method>
  <thread>1</thread>
  <message>Start Test Suite : Test Suites/Map_Controller_API</message>
  <nestedLevel>0</nestedLevel>
  <property name="name">Map_Controller_API</property>
  <property name="description"></property>
  <property name="id">Test Suites/Map_Controller_API</property>
</record>
<record>
  <date>2019-06-20T10:00:05</date>
  <millis>1561005005579</millis>
  <sequence>1</sequence>
  <level>RUN_DATA</level>
  <class>com.kms.katalon.core.logging.XmlKeywordLogger</class>
  <method>logMessage</method>
  <thread>1</thread>
  <message>hostName = khaja.h - LP-5CD7465GP0.HCLT.CORP.HCL.IN</message>
  <nestedLevel>0</nestedLevel>
  <property name="hostName">khaja.h - LP-5CD7465GP0.HCLT.CORP.HCL.IN</property>
</record>
<record>
  <date>2019-06-20T10:00:05</date>
  <millis>1561005005581</millis>
  <sequence>2</sequence>
  <level>RUN_DATA</level>
  <class>com.kms.katalon.core.logging.XmlKeywordLogger</class>
  <method>logMessage</method>
  <thread>1</thread>
  <message>os = Windows 10 64bit</message>
  <nestedLevel>0</nestedLevel>
  <property name="os">Windows 10 64bit</property>
</record>
<record>
  <date>2019-06-20T10:00:05</date>
  <millis>1561005005584</millis>
  <sequence>3</sequence>
  <level>RUN_DATA</level>
  <class>com.kms.katalon.core.logging.XmlKeywordLogger</class>
  <method>logMessage</method>
  <thread>1</thread>
  <message>hostAddress = 172.23.0.1</message>
  <nestedLevel>0</nestedLevel>
  <property name="hostAddress">172.23.0.1</property>
</record>
<record>
  <date>2019-06-20T10:00:05</date>
  <millis>1561005005590</millis>
  <sequence>4</sequence>
  <level>RUN_DATA</level>
  <class>com.kms.katalon.core.logging.XmlKeywordLogger</class>
  <method>logMessage</method>
  <thread>1</thread>
  <message>katalonVersion = 5.10.1.1</message>
  <nestedLevel>0</nestedLevel>
  <property name="katalonVersion">5.10.1.1</property>
</record>
<record>
  <date>2019-06-20T10:00:06</date>
  <millis>1561005006554</millis>
  <sequence>5</sequence>
  <level>START</level>
  <class>com.kms.katalon.core.logging.XmlKeywordLogger</class>
  <method>startTest</method>
  <thread>1</thread>
  <message>Start Test Case : Test Cases/Map_Controller_API/Map_Controller_Verify_Response_with_valid_Values</message>
  <nestedLevel>1</nestedLevel>
  <property name="name">Test Cases/Map_Controller_API/Map_Controller_Verify_Response_with_valid_Values</property>
  <property name="description"></property>
  <property name="id">Test Cases/Map_Controller_API/Map_Controller_Verify_Response_with_valid_Values</property>
  <property name="source">C:\\Users\\khaja.h\\Katalon Studio\\ADDI_Project\\Test Cases\\Map_Controller_API\\Map_Controller_Verify_Response_with_valid_Values.tc</property>
  <property name="isOptional">false</property>
</record>
<record>
  <date>2019-06-20T10:00:06</date>
  <millis>1561005006699</millis>
  <sequence>7</sequence>
  <level>INFO</level>
  <class>com.kms.katalon.core.logging.XmlKeywordLogger</class>
  <method>logMessage</method>
  <thread>1</thread>
  <message>typ = MAP</message>
  <nestedLevel>1</nestedLevel>
</record>
<record>
  <date>2019-06-20T10:00:06</date>
  <millis>1561005006702</millis>
  <sequence>8</sequence>
  <level>INFO</level>
  <class>com.kms.katalon.core.logging.XmlKeywordLogger</class>
  <method>logMessage</method>
  <thread>1</thread>
  <message>owner = API</message>
  <nestedLevel>1</nestedLevel>
</record>
<record>
  <date>2019-06-20T10:00:06</date>
  <millis>1561005006703</millis>
  <sequence>9</sequence>
  <level>INFO</level>
  <class>com.kms.katalon.core.logging.XmlKeywordLogger</class>
  <method>logMessage</method>
  <thread>1</thread>
  <message>language = ENU</message>
  <nestedLevel>1</nestedLevel>
</record>
<record>
  <date>2019-06-20T10:00:06</date>
  <millis>1561005006704</millis>
  <sequence>10</sequence>
  <level>INFO</level>
  <class>com.kms.katalon.core.logging.XmlKeywordLogger</class>
  <method>logMessage</method>
  <thread>1</thread>
  <message>mapName = A40001M</message>
  <nestedLevel>1</nestedLevel>
</record>
<record>
  <date>2019-06-20T10:00:06</date>
  <millis>1561005006708</millis>
  <sequence>11</sequence>
  <level>INFO</level>
  <class>com.kms.katalon.core.logging.XmlKeywordLogger</class>
  <method>logMessage</method>
  <thread>1</thread>
  <message>device = A</message>
  <nestedLevel>1</nestedLevel>
</record>
<record>
  <date>2019-06-20T10:00:06</date>
  <millis>1561005006710</millis>
  <sequence>12</sequence>
  <level>INFO</level>
  <class>com.kms.katalon.core.logging.XmlKeywordLogger</class>
  <method>logMessage</method>
  <thread>1</thread>
  <message>compGroup = ALL</message>
  <nestedLevel>1</nestedLevel>
</record>
<record>
  <date>2019-06-20T10:00:06</date>
  <millis>1561005006711</millis>
  <sequence>13</sequence>
  <level>INFO</level>
  <class>com.kms.katalon.core.logging.XmlKeywordLogger</class>
  <method>logMessage</method>
  <thread>1</thread>
  <message>description = API ROUTING PCD 840001</message>
  <nestedLevel>1</nestedLevel>
</record>
<record>
  <date>2019-06-20T10:00:06</date>
  <millis>1561005006711</millis>
  <sequence>14</sequence>
  <level>INFO</level>
  <class>com.kms.katalon.core.logging.XmlKeywordLogger</class>
  <method>logMessage</method>
  <thread>1</thread>
  <message>linkname = A40001MA</message>
  <nestedLevel>1</nestedLevel>
</record>
<record>
  <date>2019-06-20T10:00:06</date>
  <millis>1561005006712</millis>
  <sequence>15</sequence>
  <level>INFO</level>
  <class>com.kms.katalon.core.logging.XmlKeywordLogger</class>
  <method>logMessage</method>
  <thread>1</thread>
  <message>type = U</message>
  <nestedLevel>1</nestedLevel>
</record>
<record>
  <date>2019-06-20T10:00:06</date>
  <millis>1561005006714</millis>
  <sequence>16</sequence>
  <level>INFO</level>
  <class>com.kms.katalon.core.logging.XmlKeywordLogger</class>
  <method>logMessage</method>
  <thread>1</thread>
  <message>txn = null</message>
  <nestedLevel>1</nestedLevel>
</record>
<record>
  <date>2019-06-20T10:00:06</date>
  <millis>1561005006715</millis>
  <sequence>17</sequence>
  <level>INFO</level>
  <class>com.kms.katalon.core.logging.XmlKeywordLogger</class>
  <method>logMessage</method>
  <thread>1</thread>
  <message>a = N</message>
  <nestedLevel>1</nestedLevel>
</record>
<record>
  <date>2019-06-20T10:00:06</date>
  <millis>1561005006718</millis>
  <sequence>18</sequence>
  <level>INFO</level>
  <class>com.kms.katalon.core.logging.XmlKeywordLogger</class>
  <method>logMessage</method>
  <thread>1</thread>
  <message>b = N</message>
  <nestedLevel>1</nestedLevel>
</record>
<record>
  <date>2019-06-20T10:00:06</date>
  <millis>1561005006719</millis>
  <sequence>19</sequence>
  <level>INFO</level>
  <class>com.kms.katalon.core.logging.XmlKeywordLogger</class>
  <method>logMessage</method>
  <thread>1</thread>
  <message>x = </message>
  <nestedLevel>1</nestedLevel>
</record>
<record>
  <date>2019-06-20T10:00:06</date>
  <millis>1561005006722</millis>
  <sequence>20</sequence>
  <level>INFO</level>
  <class>com.kms.katalon.core.logging.XmlKeywordLogger</class>
  <method>logMessage</method>
  <thread>1</thread>
  <message>y = N</message>
  <nestedLevel>1</nestedLevel>
</record>
<record>
  <date>2019-06-20T10:00:06</date>
  <millis>1561005006723</millis>
  <sequence>21</sequence>
  <level>INFO</level>
  <class>com.kms.katalon.core.logging.XmlKeywordLogger</class>
  <method>logMessage</method>
  <thread>1</thread>
  <message>z = N</message>
  <nestedLevel>1</nestedLevel>
</record>
<record>
  <date>2019-06-20T10:00:06</date>
  <millis>1561005006724</millis>
  <sequence>22</sequence>
  <level>INFO</level>
  <class>com.kms.katalon.core.logging.XmlKeywordLogger</class>
  <method>logMessage</method>
  <thread>1</thread>
  <message>mapType = SCR</message>
  <nestedLevel>1</nestedLevel>
</record>
<record>
  <date>2019-06-20T10:00:06</date>
  <millis>1561005006725</millis>
  <sequence>23</sequence>
  <level>INFO</level>
  <class>com.kms.katalon.core.logging.XmlKeywordLogger</class>
  <method>logMessage</method>
  <thread>1</thread>
  <message>noOfDg = 000</message>
  <nestedLevel>1</nestedLevel>
</record>
<record>
  <date>2019-06-20T10:00:06</date>
  <millis>1561005006726</millis>
  <sequence>24</sequence>
  <level>INFO</level>
  <class>com.kms.katalon.core.logging.XmlKeywordLogger</class>
  <method>logMessage</method>
  <thread>1</thread>
  <message>dgNumbers = </message>
  <nestedLevel>1</nestedLevel>
</record>
<record>
  <date>2019-06-20T10:00:08</date>
  <millis>1561005008144</millis>
  <sequence>25</sequence>
  <level>START</level>
  <class>com.kms.katalon.core.logging.XmlKeywordLogger</class>
  <method>startKeyword</method>
  <thread>1</thread>
  <message>Start action : response = sendRequest(findTestObject(\&amp;quot;Map_Controller_API/Map_Controller_Verify_Response_with_valid_Values\&amp;quot;))</message>
  <nestedLevel>1</nestedLevel>
  <property name="startLine">17</property>
  <property name="stepIndex">1</property>
</record>
