<?xml version="1.0" encoding="UTF-8" standalone="no"?>
<!DOCTYPE log SYSTEM "logger.dtd">
<log>
<record>
  <date>2019-06-27T18:27:42</date>
  <millis>1561640262701</millis>
  <sequence>0</sequence>
  <level>START</level>
  <class>com.kms.katalon.core.logging.XmlKeywordLogger</class>
  <method>startSuite</method>
  <thread>1</thread>
  <message>Start Test Suite : Test Suites/Ccp_Controller_API</message>
  <nestedLevel>0</nestedLevel>
  <property name="name">Ccp_Controller_API</property>
  <property name="description"></property>
  <property name="id">Test Suites/Ccp_Controller_API</property>
</record>
<record>
  <date>2019-06-27T18:27:42</date>
  <millis>1561640262730</millis>
  <sequence>1</sequence>
  <level>RUN_DATA</level>
  <class>com.kms.katalon.core.logging.XmlKeywordLogger</class>
  <method>logMessage</method>
  <thread>1</thread>
  <message>hostName = khaja.h - LP-5CD7465GP0.HCLT.CORP.HCL.IN</message>
  <nestedLevel>0</nestedLevel>
  <property name="hostName">khaja.h - LP-5CD7465GP0.HCLT.CORP.HCL.IN</property>
</record>
<record>
  <date>2019-06-27T18:27:42</date>
  <millis>1561640262732</millis>
  <sequence>2</sequence>
  <level>RUN_DATA</level>
  <class>com.kms.katalon.core.logging.XmlKeywordLogger</class>
  <method>logMessage</method>
  <thread>1</thread>
  <message>os = Windows 10 64bit</message>
  <nestedLevel>0</nestedLevel>
  <property name="os">Windows 10 64bit</property>
</record>
<record>
  <date>2019-06-27T18:27:42</date>
  <millis>1561640262735</millis>
  <sequence>3</sequence>
  <level>RUN_DATA</level>
  <class>com.kms.katalon.core.logging.XmlKeywordLogger</class>
  <method>logMessage</method>
  <thread>1</thread>
  <message>hostAddress = 172.23.0.1</message>
  <nestedLevel>0</nestedLevel>
  <property name="hostAddress">172.23.0.1</property>
</record>
<record>
  <date>2019-06-27T18:27:42</date>
  <millis>1561640262741</millis>
  <sequence>4</sequence>
  <level>RUN_DATA</level>
  <class>com.kms.katalon.core.logging.XmlKeywordLogger</class>
  <method>logMessage</method>
  <thread>1</thread>
  <message>katalonVersion = 5.10.1.1</message>
  <nestedLevel>0</nestedLevel>
  <property name="katalonVersion">5.10.1.1</property>
</record>
<record>
  <date>2019-06-27T18:27:43</date>
  <millis>1561640263175</millis>
  <sequence>5</sequence>
  <level>START</level>
  <class>com.kms.katalon.core.logging.XmlKeywordLogger</class>
  <method>startTest</method>
  <thread>1</thread>
  <message>Start Test Case : Test Cases/Ccp_Controller_API/Ccp_Controller_Verify_Response_with_valid_Values</message>
  <nestedLevel>1</nestedLevel>
  <property name="name">Test Cases/Ccp_Controller_API/Ccp_Controller_Verify_Response_with_valid_Values</property>
  <property name="description"></property>
  <property name="id">Test Cases/Ccp_Controller_API/Ccp_Controller_Verify_Response_with_valid_Values</property>
  <property name="source">C:\\Users\\khaja.h\\Katalon Studio\\ADDI_Project\\Test Cases\\Ccp_Controller_API\\Ccp_Controller_Verify_Response_with_valid_Values.tc</property>
  <property name="isOptional">false</property>
</record>
<record>
  <date>2019-06-27T18:27:43</date>
  <millis>1561640263221</millis>
  <sequence>7</sequence>
  <level>INFO</level>
  <class>com.kms.katalon.core.logging.XmlKeywordLogger</class>
  <method>logMessage</method>
  <thread>1</thread>
  <message>type = null</message>
  <nestedLevel>1</nestedLevel>
</record>
<record>
  <date>2019-06-27T18:27:43</date>
  <millis>1561640263223</millis>
  <sequence>8</sequence>
  <level>INFO</level>
  <class>com.kms.katalon.core.logging.XmlKeywordLogger</class>
  <method>logMessage</method>
  <thread>1</thread>
  <message>owner = ILP</message>
  <nestedLevel>1</nestedLevel>
</record>
<record>
  <date>2019-06-27T18:27:43</date>
  <millis>1561640263225</millis>
  <sequence>9</sequence>
  <level>INFO</level>
  <class>com.kms.katalon.core.logging.XmlKeywordLogger</class>
  <method>logMessage</method>
  <thread>1</thread>
  <message>application = 00000</message>
  <nestedLevel>1</nestedLevel>
</record>
<record>
  <date>2019-06-27T18:27:43</date>
  <millis>1561640263228</millis>
  <sequence>10</sequence>
  <level>INFO</level>
  <class>com.kms.katalon.core.logging.XmlKeywordLogger</class>
  <method>logMessage</method>
  <thread>1</thread>
  <message>ccpid = 10018</message>
  <nestedLevel>1</nestedLevel>
</record>
<record>
  <date>2019-06-27T18:27:43</date>
  <millis>1561640263229</millis>
  <sequence>11</sequence>
  <level>INFO</level>
  <class>com.kms.katalon.core.logging.XmlKeywordLogger</class>
  <method>logMessage</method>
  <thread>1</thread>
  <message>description = BELOW MARKET RATE SET TO ZERO</message>
  <nestedLevel>1</nestedLevel>
</record>
<record>
  <date>2019-06-27T18:27:43</date>
  <millis>1561640263231</millis>
  <sequence>12</sequence>
  <level>INFO</level>
  <class>com.kms.katalon.core.logging.XmlKeywordLogger</class>
  <method>logMessage</method>
  <thread>1</thread>
  <message>messageCategory = </message>
  <nestedLevel>1</nestedLevel>
</record>
<record>
  <date>2019-06-27T18:27:43</date>
  <millis>1561640263765</millis>
  <sequence>13</sequence>
  <level>START</level>
  <class>com.kms.katalon.core.logging.XmlKeywordLogger</class>
  <method>startKeyword</method>
  <thread>1</thread>
  <message>Start action : response = sendRequest(findTestObject(\&amp;quot;Ccp_Controller_API/Ccp_Controller_Verify_Response_with_valid_Values\&amp;quot;))</message>
  <nestedLevel>1</nestedLevel>
  <property name="startLine">16</property>
  <property name="stepIndex">1</property>
</record>
<record>
  <date>2019-06-27T18:27:47</date>
  <millis>1561640267381</millis>
  <sequence>17</sequence>
  <level>INFO</level>
  <class>com.kms.katalon.core.logging.XmlKeywordLogger</class>
  <method>logMessage</method>
  <thread>1</thread>
  <message>HAR: C:\\Users\\khaja.h\\Katalon Studio\\ADDI_Project\\Reports\\Ccp_Controller_API\\20190627_182627\\requests\\main\\0.har</message>
  <nestedLevel>1</nestedLevel>
  <property name="harId">5092c22c-0dc0-4989-b6f4-1c5e2ea8d5ee</property>
</record>
<record>
  <date>2019-06-27T18:27:47</date>
  <millis>1561640267586</millis>
  <sequence>18</sequence>
  <level>PASSED</level>
  <class>com.kms.katalon.core.logging.XmlKeywordLogger</class>
  <method>logMessage</method>
  <thread>1</thread>
  <message>Send request successfully</message>
  <nestedLevel>1</nestedLevel>
</record>
<record>
  <date>2019-06-27T18:27:47</date>
  <millis>1561640267587</millis>
  <sequence>19</sequence>
  <level>END</level>
  <class>com.kms.katalon.core.logging.XmlKeywordLogger</class>
  <method>endKeyword</method>
  <thread>1</thread>
  <message>End action : response = sendRequest(findTestObject(\&amp;quot;Ccp_Controller_API/Ccp_Controller_Verify_Response_with_valid_Values\&amp;quot;))</message>
  <nestedLevel>1</nestedLevel>
</record>
<record>
  <date>2019-06-27T18:27:47</date>
  <millis>1561640267589</millis>
  <sequence>20</sequence>
  <level>START</level>
  <class>com.kms.katalon.core.logging.XmlKeywordLogger</class>
  <method>startKeyword</method>
  <thread>1</thread>
  <message>Start action : verifyResponseStatusCode(response, 200)</message>
  <nestedLevel>1</nestedLevel>
  <property name="startLine">18</property>
  <property name="stepIndex">2</property>
</record>
<record>
  <date>2019-06-27T18:27:47</date>
  <millis>1561640267615</millis>
  <sequence>22</sequence>
  <level>PASSED</level>
  <class>com.kms.katalon.core.logging.XmlKeywordLogger</class>
  <method>logMessage</method>
  <thread>1</thread>
  <message>Verify response status code successfully</message>
  <nestedLevel>1</nestedLevel>
</record>
<record>
  <date>2019-06-27T18:27:47</date>
  <millis>1561640267616</millis>
  <sequence>23</sequence>
  <level>END</level>
  <class>com.kms.katalon.core.logging.XmlKeywordLogger</class>
  <method>endKeyword</method>
  <thread>1</thread>
  <message>End action : verifyResponseStatusCode(response, 200)</message>
  <nestedLevel>1</nestedLevel>
</record>
<record>
  <date>2019-06-27T18:27:47</date>
  <millis>1561640267617</millis>
  <sequence>24</sequence>
  <level>START</level>
  <class>com.kms.katalon.core.logging.XmlKeywordLogger</class>
  <method>startKeyword</method>
  <thread>1</thread>
  <message>Start action : verifyElementPropertyValue(response, \&amp;quot;[0].type\&amp;quot;, type)</message>
  <nestedLevel>1</nestedLevel>
  <property name="startLine">20</property>
  <property name="stepIndex">3</property>
</record>
<record>
  <date>2019-06-27T18:27:47</date>
  <millis>1561640267737</millis>
  <sequence>26</sequence>
  <level>PASSED</level>
  <class>com.kms.katalon.core.logging.XmlKeywordLogger</class>
  <method>logMessage</method>
  <thread>1</thread>
  <message>Verify element property value successfully</message>
  <nestedLevel>1</nestedLevel>
</record>
<record>
  <date>2019-06-27T18:27:47</date>
  <millis>1561640267739</millis>
  <sequence>27</sequence>
  <level>END</level>
  <class>com.kms.katalon.core.logging.XmlKeywordLogger</class>
  <method>endKeyword</method>
  <thread>1</thread>
  <message>End action : verifyElementPropertyValue(response, \&amp;quot;[0].type\&amp;quot;, type)</message>
  <nestedLevel>1</nestedLevel>
</record>
<record>
  <date>2019-06-27T18:27:47</date>
  <millis>1561640267742</millis>
  <sequence>28</sequence>
  <level>START</level>
  <class>com.kms.katalon.core.logging.XmlKeywordLogger</class>
  <method>startKeyword</method>
  <thread>1</thread>
  <message>Start action : verifyElementPropertyValue(response, \&amp;quot;[0].owner\&amp;quot;, owner)</message>
  <nestedLevel>1</nestedLevel>
  <property name="startLine">22</property>
  <property name="stepIndex">4</property>
</record>
<record>
  <date>2019-06-27T18:27:47</date>
  <millis>1561640267776</millis>
  <sequence>30</sequence>
  <level>PASSED</level>
  <class>com.kms.katalon.core.logging.XmlKeywordLogger</class>
  <method>logMessage</method>
  <thread>1</thread>
  <message>Verify element property value successfully</message>
  <nestedLevel>1</nestedLevel>
</record>
<record>
  <date>2019-06-27T18:27:47</date>
  <millis>1561640267780</millis>
  <sequence>31</sequence>
  <level>END</level>
  <class>com.kms.katalon.core.logging.XmlKeywordLogger</class>
  <method>endKeyword</method>
  <thread>1</thread>
  <message>End action : verifyElementPropertyValue(response, \&amp;quot;[0].owner\&amp;quot;, owner)</message>
  <nestedLevel>1</nestedLevel>
</record>
<record>
  <date>2019-06-27T18:27:47</date>
  <millis>1561640267781</millis>
  <sequence>32</sequence>
  <level>START</level>
  <class>com.kms.katalon.core.logging.XmlKeywordLogger</class>
  <method>startKeyword</method>
  <thread>1</thread>
  <message>Start action : verifyElementPropertyValue(response, \&amp;quot;[0].application\&amp;quot;, application)</message>
  <nestedLevel>1</nestedLevel>
  <property name="startLine">24</property>
  <property name="stepIndex">5</property>
</record>
<record>
  <date>2019-06-27T18:27:47</date>
  <millis>1561640267831</millis>
  <sequence>34</sequence>
  <level>PASSED</level>
  <class>com.kms.katalon.core.logging.XmlKeywordLogger</class>
  <method>logMessage</method>
  <thread>1</thread>
  <message>Verify element property value successfully</message>
  <nestedLevel>1</nestedLevel>
</record>
<record>
  <date>2019-06-27T18:27:47</date>
  <millis>1561640267833</millis>
  <sequence>35</sequence>
  <level>END</level>
  <class>com.kms.katalon.core.logging.XmlKeywordLogger</class>
  <method>endKeyword</method>
  <thread>1</thread>
  <message>End action : verifyElementPropertyValue(response, \&amp;quot;[0].application\&amp;quot;, application)</message>
  <nestedLevel>1</nestedLevel>
</record>
<record>
  <date>2019-06-27T18:27:47</date>
  <millis>1561640267834</millis>
  <sequence>36</sequence>
  <level>START</level>
  <class>com.kms.katalon.core.logging.XmlKeywordLogger</class>
  <method>startKeyword</method>
  <thread>1</thread>
  <message>Start action : verifyElementPropertyValue(response, \&amp;quot;[0].ccpid\&amp;quot;, ccpid)</message>
  <nestedLevel>1</nestedLevel>
  <property name="startLine">26</property>
  <property name="stepIndex">6</property>
</record>
<record>
  <date>2019-06-27T18:27:47</date>
  <millis>1561640267882</millis>
  <sequence>38</sequence>
  <level>PASSED</level>
  <class>com.kms.katalon.core.logging.XmlKeywordLogger</class>
  <method>logMessage</method>
  <thread>1</thread>
  <message>Verify element property value successfully</message>
  <nestedLevel>1</nestedLevel>
</record>
<record>
  <date>2019-06-27T18:27:47</date>
  <millis>1561640267885</millis>
  <sequence>39</sequence>
  <level>END</level>
  <class>com.kms.katalon.core.logging.XmlKeywordLogger</class>
  <method>endKeyword</method>
  <thread>1</thread>
  <message>End action : verifyElementPropertyValue(response, \&amp;quot;[0].ccpid\&amp;quot;, ccpid)</message>
  <nestedLevel>1</nestedLevel>
</record>
<record>
  <date>2019-06-27T18:27:47</date>
  <millis>1561640267886</millis>
  <sequence>40</sequence>
  <level>START</level>
  <class>com.kms.katalon.core.logging.XmlKeywordLogger</class>
  <method>startKeyword</method>
  <thread>1</thread>
  <message>Start action : verifyElementPropertyValue(response, \&amp;quot;[0].description\&amp;quot;, description)</message>
  <nestedLevel>1</nestedLevel>
  <property name="startLine">28</property>
  <property name="stepIndex">7</property>
</record>
<record>
  <date>2019-06-27T18:27:47</date>
  <millis>1561640267919</millis>
  <sequence>42</sequence>
  <level>PASSED</level>
  <class>com.kms.katalon.core.logging.XmlKeywordLogger</class>
  <method>logMessage</method>
  <thread>1</thread>
  <message>Verify element property value successfully</message>
  <nestedLevel>1</nestedLevel>
</record>
<record>
  <date>2019-06-27T18:27:47</date>
  <millis>1561640267920</millis>
  <sequence>43</sequence>
  <level>END</level>
  <class>com.kms.katalon.core.logging.XmlKeywordLogger</class>
  <method>endKeyword</method>
  <thread>1</thread>
  <message>End action : verifyElementPropertyValue(response, \&amp;quot;[0].description\&amp;quot;, description)</message>
  <nestedLevel>1</nestedLevel>
</record>
<record>
  <date>2019-06-27T18:27:47</date>
  <millis>1561640267921</millis>
  <sequence>44</sequence>
  <level>START</level>
  <class>com.kms.katalon.core.logging.XmlKeywordLogger</class>
  <method>startKeyword</method>
  <thread>1</thread>
  <message>Start action : verifyElementPropertyValue(response, \&amp;quot;[0].messageCategory\&amp;quot;, messageCategory)</message>
  <nestedLevel>1</nestedLevel>
  <property name="startLine">30</property>
  <property name="stepIndex">8</property>
</record>
<record>
  <date>2019-06-27T18:27:47</date>
  <millis>1561640267958</millis>
  <sequence>46</sequence>
  <level>PASSED</level>
  <class>com.kms.katalon.core.logging.XmlKeywordLogger</class>
  <method>logMessage</method>
  <thread>1</thread>
  <message>Verify element property value successfully</message>
  <nestedLevel>1</nestedLevel>
</record>
<record>
  <date>2019-06-27T18:27:47</date>
  <millis>1561640267958</millis>
  <sequence>47</sequence>
  <level>END</level>
  <class>com.kms.katalon.core.logging.XmlKeywordLogger</class>
  <method>endKeyword</method>
  <thread>1</thread>
  <message>End action : verifyElementPropertyValue(response, \&amp;quot;[0].messageCategory\&amp;quot;, messageCategory)</message>
  <nestedLevel>1</nestedLevel>
</record>
<record>
  <date>2019-06-27T18:27:47</date>
  <millis>1561640267959</millis>
  <sequence>48</sequence>
  <level>PASSED</level>
  <class>com.kms.katalon.core.logging.XmlKeywordLogger</class>
  <method>logMessage</method>
  <thread>1</thread>
  <message>Test Cases/Ccp_Controller_API/Ccp_Controller_Verify_Response_with_valid_Values</message>
  <nestedLevel>1</nestedLevel>
</record>
<record>
  <date>2019-06-27T18:27:47</date>
  <millis>1561640267962</millis>
  <sequence>49</sequence>
  <level>END</level>
  <class>com.kms.katalon.core.logging.XmlKeywordLogger</class>
  <method>endTest</method>
  <thread>1</thread>
  <message>End Test Case : Test Cases/Ccp_Controller_API/Ccp_Controller_Verify_Response_with_valid_Values</message>
  <nestedLevel>0</nestedLevel>
</record>
<record>
  <date>2019-06-27T18:27:48</date>
  <millis>1561640268007</millis>
  <sequence>50</sequence>
  <level>START</level>
  <class>com.kms.katalon.core.logging.XmlKeywordLogger</class>
  <method>startTest</method>
  <thread>1</thread>
  <message>Start Test Case : Test Cases/Ccp_Controller_API/Ccp_Controller_Verify_Response_with_Empty_Values</message>
  <nestedLevel>1</nestedLevel>
  <property name="name">Test Cases/Ccp_Controller_API/Ccp_Controller_Verify_Response_with_Empty_Values</property>
  <property name="description"></property>
  <property name="id">Test Cases/Ccp_Controller_API/Ccp_Controller_Verify_Response_with_Empty_Values</property>
  <property name="source">C:\\Users\\khaja.h\\Katalon Studio\\ADDI_Project\\Test Cases\\Ccp_Controller_API\\Ccp_Controller_Verify_Response_with_Empty_Values.tc</property>
  <property name="isOptional">false</property>
</record>
<record>
  <date>2019-06-27T18:27:48</date>
  <millis>1561640268031</millis>
  <sequence>52</sequence>
  <level>INFO</level>
  <class>com.kms.katalon.core.logging.XmlKeywordLogger</class>
  <method>logMessage</method>
  <thread>1</thread>
  <message>type = </message>
  <nestedLevel>1</nestedLevel>
</record>
<record>
  <date>2019-06-27T18:27:48</date>
  <millis>1561640268033</millis>
  <sequence>53</sequence>
  <level>INFO</level>
  <class>com.kms.katalon.core.logging.XmlKeywordLogger</class>
  <method>logMessage</method>
  <thread>1</thread>
  <message>owner = </message>
  <nestedLevel>1</nestedLevel>
</record>
<record>
  <date>2019-06-27T18:27:48</date>
  <millis>1561640268039</millis>
  <sequence>54</sequence>
  <level>INFO</level>
  <class>com.kms.katalon.core.logging.XmlKeywordLogger</class>
  <method>logMessage</method>
  <thread>1</thread>
  <message>application = </message>
  <nestedLevel>1</nestedLevel>
</record>
<record>
  <date>2019-06-27T18:27:48</date>
  <millis>1561640268050</millis>
  <sequence>55</sequence>
  <level>INFO</level>
  <class>com.kms.katalon.core.logging.XmlKeywordLogger</class>
  <method>logMessage</method>
  <thread>1</thread>
  <message>ccpid = </message>
  <nestedLevel>1</nestedLevel>
</record>
<record>
  <date>2019-06-27T18:27:48</date>
  <millis>1561640268052</millis>
  <sequence>56</sequence>
  <level>INFO</level>
  <class>com.kms.katalon.core.logging.XmlKeywordLogger</class>
  <method>logMessage</method>
  <thread>1</thread>
  <message>description = </message>
  <nestedLevel>1</nestedLevel>
</record>
<record>
  <date>2019-06-27T18:27:48</date>
  <millis>1561640268054</millis>
  <sequence>57</sequence>
  <level>INFO</level>
  <class>com.kms.katalon.core.logging.XmlKeywordLogger</class>
  <method>logMessage</method>
  <thread>1</thread>
  <message>messageCategory = gtfv</message>
  <nestedLevel>1</nestedLevel>
</record>
<record>
  <date>2019-06-27T18:27:48</date>
  <millis>1561640268619</millis>
  <sequence>58</sequence>
  <level>START</level>
  <class>com.kms.katalon.core.logging.XmlKeywordLogger</class>
  <method>startKeyword</method>
  <thread>1</thread>
  <message>Start action : response = sendRequest(findTestObject(\&amp;quot;Ccp_Controller_API/Ccp_Controller_Verify_Response_with_Empty_Values\&amp;quot;))</message>
  <nestedLevel>1</nestedLevel>
  <property name="startLine">16</property>
  <property name="stepIndex">1</property>
</record>
<record>
  <date>2019-06-27T18:27:49</date>
  <millis>1561640269061</millis>
  <sequence>62</sequence>
  <level>INFO</level>
  <class>com.kms.katalon.core.logging.XmlKeywordLogger</class>
  <method>logMessage</method>
  <thread>1</thread>
  <message>HAR: C:\\Users\\khaja.h\\Katalon Studio\\ADDI_Project\\Reports\\Ccp_Controller_API\\20190627_182627\\requests\\main\\1.har</message>
  <nestedLevel>1</nestedLevel>
  <property name="harId">62a456ea-433d-4c0f-8e0d-22e0482368d3</property>
</record>
<record>
  <date>2019-06-27T18:27:49</date>
  <millis>1561640269072</millis>
  <sequence>63</sequence>
  <level>PASSED</level>
  <class>com.kms.katalon.core.logging.XmlKeywordLogger</class>
  <method>logMessage</method>
  <thread>1</thread>
  <message>Send request successfully</message>
  <nestedLevel>1</nestedLevel>
</record>
<record>
  <date>2019-06-27T18:27:49</date>
  <millis>1561640269073</millis>
  <sequence>64</sequence>
  <level>END</level>
  <class>com.kms.katalon.core.logging.XmlKeywordLogger</class>
  <method>endKeyword</method>
  <thread>1</thread>
  <message>End action : response = sendRequest(findTestObject(\&amp;quot;Ccp_Controller_API/Ccp_Controller_Verify_Response_with_Empty_Values\&amp;quot;))</message>
  <nestedLevel>1</nestedLevel>
</record>
<record>
  <date>2019-06-27T18:27:49</date>
  <millis>1561640269074</millis>
  <sequence>65</sequence>
  <level>START</level>
  <class>com.kms.katalon.core.logging.XmlKeywordLogger</class>
  <method>startKeyword</method>
  <thread>1</thread>
  <message>Start action : verifyResponseStatusCode(response, 200)</message>
  <nestedLevel>1</nestedLevel>
  <property name="startLine">18</property>
  <property name="stepIndex">2</property>
</record>
<record>
  <date>2019-06-27T18:27:49</date>
  <millis>1561640269076</millis>
  <sequence>67</sequence>
  <level>PASSED</level>
  <class>com.kms.katalon.core.logging.XmlKeywordLogger</class>
  <method>logMessage</method>
  <thread>1</thread>
  <message>Verify response status code successfully</message>
  <nestedLevel>1</nestedLevel>
</record>
<record>
  <date>2019-06-27T18:27:49</date>
  <millis>1561640269078</millis>
  <sequence>68</sequence>
  <level>END</level>
  <class>com.kms.katalon.core.logging.XmlKeywordLogger</class>
  <method>endKeyword</method>
  <thread>1</thread>
  <message>End action : verifyResponseStatusCode(response, 200)</message>
  <nestedLevel>1</nestedLevel>
</record>
<record>
  <date>2019-06-27T18:27:49</date>
  <millis>1561640269078</millis>
  <sequence>69</sequence>
  <level>START</level>
  <class>com.kms.katalon.core.logging.XmlKeywordLogger</class>
  <method>startKeyword</method>
  <thread>1</thread>
  <message>Start action : verifyElementPropertyValue(response, \&amp;quot;[0].type\&amp;quot;, type)</message>
  <nestedLevel>1</nestedLevel>
  <property name="startLine">20</property>
  <property name="stepIndex">3</property>
</record>
<record>
  <date>2019-06-27T18:27:49</date>
  <millis>1561640269151</millis>
  <sequence>71</sequence>
  <level>FAILED</level>
  <class>com.kms.katalon.core.logging.XmlKeywordLogger</class>
  <method>logMessage</method>
  <thread>1</thread>
  <message>Expected element property value &amp;apos;&amp;apos; is not equal with actual property value &amp;apos;null&amp;apos;</message>
  <nestedLevel>1</nestedLevel>
</record>
<record>
  <date>2019-06-27T18:27:49</date>
  <millis>1561640269154</millis>
  <sequence>72</sequence>
  <level>END</level>
  <class>com.kms.katalon.core.logging.XmlKeywordLogger</class>
  <method>endKeyword</method>
  <thread>1</thread>
  <message>End action : verifyElementPropertyValue(response, \&amp;quot;[0].type\&amp;quot;, type)</message>
  <nestedLevel>1</nestedLevel>
</record>
<record>
  <date>2019-06-27T18:27:49</date>
  <millis>1561640269158</millis>
  <sequence>73</sequence>
  <level>START</level>
  <class>com.kms.katalon.core.logging.XmlKeywordLogger</class>
  <method>startKeyword</method>
  <thread>1</thread>
  <message>Start action : verifyElementPropertyValue(response, \&amp;quot;[0].owner\&amp;quot;, owner)</message>
  <nestedLevel>1</nestedLevel>
  <property name="startLine">22</property>
  <property name="stepIndex">4</property>
</record>
<record>
  <date>2019-06-27T18:27:49</date>
  <millis>1561640269283</millis>
  <sequence>75</sequence>
  <level>FAILED</level>
  <class>com.kms.katalon.core.logging.XmlKeywordLogger</class>
  <method>logMessage</method>
  <thread>1</thread>
  <message>Expected element property value &amp;apos;&amp;apos; is not equal with actual property value &amp;apos;ILP&amp;apos;</message>
  <nestedLevel>1</nestedLevel>
</record>
<record>
  <date>2019-06-27T18:27:49</date>
  <millis>1561640269287</millis>
  <sequence>76</sequence>
  <level>END</level>
  <class>com.kms.katalon.core.logging.XmlKeywordLogger</class>
  <method>endKeyword</method>
  <thread>1</thread>
  <message>End action : verifyElementPropertyValue(response, \&amp;quot;[0].owner\&amp;quot;, owner)</message>
  <nestedLevel>1</nestedLevel>
</record>
<record>
  <date>2019-06-27T18:27:49</date>
  <millis>1561640269289</millis>
  <sequence>77</sequence>
  <level>START</level>
  <class>com.kms.katalon.core.logging.XmlKeywordLogger</class>
  <method>startKeyword</method>
  <thread>1</thread>
  <message>Start action : verifyElementPropertyValue(response, \&amp;quot;[0].application\&amp;quot;, application)</message>
  <nestedLevel>1</nestedLevel>
  <property name="startLine">24</property>
  <property name="stepIndex">5</property>
</record>
<record>
  <date>2019-06-27T18:27:49</date>
  <millis>1561640269352</millis>
  <sequence>79</sequence>
  <level>FAILED</level>
  <class>com.kms.katalon.core.logging.XmlKeywordLogger</class>
  <method>logMessage</method>
  <thread>1</thread>
  <message>Expected element property value &amp;apos;&amp;apos; is not equal with actual property value &amp;apos;00000&amp;apos;</message>
  <nestedLevel>1</nestedLevel>
</record>
<record>
  <date>2019-06-27T18:27:49</date>
  <millis>1561640269354</millis>
  <sequence>80</sequence>
  <level>END</level>
  <class>com.kms.katalon.core.logging.XmlKeywordLogger</class>
  <method>endKeyword</method>
  <thread>1</thread>
  <message>End action : verifyElementPropertyValue(response, \&amp;quot;[0].application\&amp;quot;, application)</message>
  <nestedLevel>1</nestedLevel>
</record>
<record>
  <date>2019-06-27T18:27:49</date>
  <millis>1561640269363</millis>
  <sequence>81</sequence>
  <level>START</level>
  <class>com.kms.katalon.core.logging.XmlKeywordLogger</class>
  <method>startKeyword</method>
  <thread>1</thread>
  <message>Start action : verifyElementPropertyValue(response, \&amp;quot;[0].ccpid\&amp;quot;, ccpid)</message>
  <nestedLevel>1</nestedLevel>
  <property name="startLine">26</property>
  <property name="stepIndex">6</property>
</record>
<record>
  <date>2019-06-27T18:27:49</date>
  <millis>1561640269413</millis>
  <sequence>83</sequence>
  <level>FAILED</level>
  <class>com.kms.katalon.core.logging.XmlKeywordLogger</class>
  <method>logMessage</method>
  <thread>1</thread>
  <message>Expected element property value &amp;apos;&amp;apos; is not equal with actual property value &amp;apos;10018&amp;apos;</message>
  <nestedLevel>1</nestedLevel>
</record>
<record>
  <date>2019-06-27T18:27:49</date>
  <millis>1561640269435</millis>
  <sequence>84</sequence>
  <level>END</level>
  <class>com.kms.katalon.core.logging.XmlKeywordLogger</class>
  <method>endKeyword</method>
  <thread>1</thread>
  <message>End action : verifyElementPropertyValue(response, \&amp;quot;[0].ccpid\&amp;quot;, ccpid)</message>
  <nestedLevel>1</nestedLevel>
</record>
<record>
  <date>2019-06-27T18:27:49</date>
  <millis>1561640269437</millis>
  <sequence>85</sequence>
  <level>START</level>
  <class>com.kms.katalon.core.logging.XmlKeywordLogger</class>
  <method>startKeyword</method>
  <thread>1</thread>
  <message>Start action : verifyElementPropertyValue(response, \&amp;quot;[0].description\&amp;quot;, description)</message>
  <nestedLevel>1</nestedLevel>
  <property name="startLine">28</property>
  <property name="stepIndex">7</property>
</record>
<record>
  <date>2019-06-27T18:27:49</date>
  <millis>1561640269468</millis>
  <sequence>87</sequence>
  <level>FAILED</level>
  <class>com.kms.katalon.core.logging.XmlKeywordLogger</class>
  <method>logMessage</method>
  <thread>1</thread>
  <message>Expected element property value &amp;apos;&amp;apos; is not equal with actual property value &amp;apos;BELOW MARKET RATE SET TO ZERO&amp;apos;</message>
  <nestedLevel>1</nestedLevel>
</record>
<record>
  <date>2019-06-27T18:27:49</date>
  <millis>1561640269472</millis>
  <sequence>88</sequence>
  <level>END</level>
  <class>com.kms.katalon.core.logging.XmlKeywordLogger</class>
  <method>endKeyword</method>
  <thread>1</thread>
  <message>End action : verifyElementPropertyValue(response, \&amp;quot;[0].description\&amp;quot;, description)</message>
  <nestedLevel>1</nestedLevel>
</record>
<record>
  <date>2019-06-27T18:27:49</date>
  <millis>1561640269475</millis>
  <sequence>89</sequence>
  <level>START</level>
  <class>com.kms.katalon.core.logging.XmlKeywordLogger</class>
  <method>startKeyword</method>
  <thread>1</thread>
  <message>Start action : verifyElementPropertyValue(response, \&amp;quot;[0].messageCategory\&amp;quot;, messageCategory)</message>
  <nestedLevel>1</nestedLevel>
  <property name="startLine">30</property>
  <property name="stepIndex">8</property>
</record>
<record>
  <date>2019-06-27T18:27:49</date>
  <millis>1561640269535</millis>
  <sequence>91</sequence>
  <level>FAILED</level>
  <class>com.kms.katalon.core.logging.XmlKeywordLogger</class>
  <method>logMessage</method>
  <thread>1</thread>
  <message>Expected element property value &amp;apos;gtfv&amp;apos; is not equal with actual property value &amp;apos;&amp;apos;</message>
  <nestedLevel>1</nestedLevel>
</record>
<record>
  <date>2019-06-27T18:27:49</date>
  <millis>1561640269555</millis>
  <sequence>93</sequence>
  <logger>com.kms.katalon.core.logging.XmlKeywordLogger</logger>
  <level>FAILED</level>
  <class>com.kms.katalon.core.logging.XmlKeywordLogger</class>
  <method>logMessage</method>
  <thread>1</thread>
  <message>verifyElementPropertyValue(response, \&amp;quot;[0].messageCategory\&amp;quot;, messageCategory) FAILED.\nReason:\ncom.kms.katalon.core.exception.StepFailedException: Expected element property value &amp;apos;&amp;apos; is not equal with actual property value &amp;apos;null&amp;apos;\r\n\tat com.kms.katalon.core.keyword.internal.KeywordMain.stepFailed(KeywordMain.groovy:32)\r\n\tat com.kms.katalon.core.webservice.keyword.builtin.VerifyElementPropertyValueKeyword$_verifyElementPropertyValue_closure1.doCall(VerifyElementPropertyValueKeyword.groovy:56)\r\n\tat com.kms.katalon.core.webservice.keyword.builtin.VerifyElementPropertyValueKeyword$_verifyElementPropertyValue_closure1.call(VerifyElementPropertyValueKeyword.groovy)\r\n\tat com.kms.katalon.core.keyword.internal.KeywordMain.runKeyword(KeywordMain.groovy:54)\r\n\tat com.kms.katalon.core.webservice.keyword.builtin.VerifyElementPropertyValueKeyword.verifyElementPropertyValue(VerifyElementPropertyValueKeyword.groovy:48)\r\n\tat com.kms.katalon.core.webservice.keyword.builtin.VerifyElementPropertyValueKeyword.execute(VerifyElementPropertyValueKeyword.groovy:43)\r\n\tat com.kms.katalon.core.keyword.internal.KeywordExecutor.executeKeywordForPlatform(KeywordExecutor.groovy:53)\r\n\tat com.kms.katalon.core.webservice.keyword.WSBuiltInKeywords.verifyElementPropertyValue(WSBuiltInKeywords.groovy:123)\r\n\tat com.kms.katalon.core.webservice.keyword.WSBuiltInKeywords$verifyElementPropertyValue$1.call(Unknown Source)\r\n\tat Ccp_Controller_Verify_Response_with_Empty_Values.run(Ccp_Controller_Verify_Response_with_Empty_Values:20)\r\n\tat com.kms.katalon.core.main.ScriptEngine.run(ScriptEngine.java:194)\r\n\tat com.kms.katalon.core.main.ScriptEngine.runScriptAsRawText(ScriptEngine.java:119)\r\n\tat com.kms.katalon.core.main.TestCaseExecutor.runScript(TestCaseExecutor.java:328)\r\n\tat com.kms.katalon.core.main.TestCaseExecutor.doExecute(TestCaseExecutor.java:319)\r\n\tat com.kms.katalon.core.main.TestCaseExecutor.processExecutionPhase(TestCaseExecutor.java:298)\r\n\tat com.kms.katalon.core.main.TestCaseExecutor.accessMainPhase(TestCaseExecutor.java:290)\r\n\tat com.kms.katalon.core.main.TestCaseExecutor.execute(TestCaseExecutor.java:224)\r\n\tat com.kms.katalon.core.main.TestSuiteExecutor.accessTestCaseMainPhase(TestSuiteExecutor.java:129)\r\n\tat com.kms.katalon.core.main.TestSuiteExecutor.accessTestSuiteMainPhase(TestSuiteExecutor.java:112)\r\n\tat com.kms.katalon.core.main.TestSuiteExecutor.execute(TestSuiteExecutor.java:81)\r\n\tat com.kms.katalon.core.main.TestCaseMain.startTestSuite(TestCaseMain.java:149)\r\n\tat com.kms.katalon.core.main.TestCaseMain$startTestSuite$0.call(Unknown Source)\r\n\tat TempTestSuite1561640192975.run(TempTestSuite1561640192975.groovy:36)\r\n</message>
  <exception>
    <message>com.kms.katalon.core.exception.StepFailedException: Expected element property value '' is not equal with actual property value 'null'</message>
    <frame>
      <class>com.kms.katalon.core.keyword.internal.KeywordMain</class>
      <method>stepFailed</method>
      <line>32</line>
    </frame>
    <frame>
      <class>com.kms.katalon.core.webservice.keyword.builtin.VerifyElementPropertyValueKeyword$_verifyElementPropertyValue_closure1</class>
      <method>doCall</method>
      <line>56</line>
    </frame>
    <frame>
      <class>com.kms.katalon.core.webservice.keyword.builtin.VerifyElementPropertyValueKeyword$_verifyElementPropertyValue_closure1</class>
      <method>call</method>
    </frame>
    <frame>
      <class>com.kms.katalon.core.keyword.internal.KeywordMain</class>
      <method>runKeyword</method>
      <line>54</line>
    </frame>
    <frame>
      <class>com.kms.katalon.core.webservice.keyword.builtin.VerifyElementPropertyValueKeyword</class>
      <method>verifyElementPropertyValue</method>
      <line>48</line>
    </frame>
    <frame>
      <class>com.kms.katalon.core.webservice.keyword.builtin.VerifyElementPropertyValueKeyword</class>
      <method>execute</method>
      <line>43</line>
    </frame>
    <frame>
      <class>com.kms.katalon.core.keyword.internal.KeywordExecutor</class>
      <method>executeKeywordForPlatform</method>
      <line>53</line>
    </frame>
    <frame>
      <class>com.kms.katalon.core.webservice.keyword.WSBuiltInKeywords</class>
      <method>verifyElementPropertyValue</method>
      <line>123</line>
    </frame>
    <frame>
      <class>com.kms.katalon.core.webservice.keyword.WSBuiltInKeywords$verifyElementPropertyValue$1</class>
      <method>call</method>
    </frame>
    <frame>
      <class>Ccp_Controller_Verify_Response_with_Empty_Values</class>
      <method>run</method>
      <line>20</line>
    </frame>
    <frame>
      <class>com.kms.katalon.core.main.ScriptEngine</class>
      <method>run</method>
      <line>194</line>
    </frame>
    <frame>
      <class>com.kms.katalon.core.main.ScriptEngine</class>
      <method>runScriptAsRawText</method>
      <line>119</line>
    </frame>
    <frame>
      <class>com.kms.katalon.core.main.TestCaseExecutor</class>
      <method>runScript</method>
      <line>328</line>
    </frame>
    <frame>
      <class>com.kms.katalon.core.main.TestCaseExecutor</class>
      <method>doExecute</method>
      <line>319</line>
    </frame>
    <frame>
      <class>com.kms.katalon.core.main.TestCaseExecutor</class>
      <method>processExecutionPhase</method>
      <line>298</line>
    </frame>
    <frame>
      <class>com.kms.katalon.core.main.TestCaseExecutor</class>
      <method>accessMainPhase</method>
      <line>290</line>
    </frame>
    <frame>
      <class>com.kms.katalon.core.main.TestCaseExecutor</class>
      <method>execute</method>
      <line>224</line>
    </frame>
    <frame>
      <class>com.kms.katalon.core.main.TestSuiteExecutor</class>
      <method>accessTestCaseMainPhase</method>
      <line>129</line>
    </frame>
    <frame>
      <class>com.kms.katalon.core.main.TestSuiteExecutor</class>
      <method>accessTestSuiteMainPhase</method>
      <line>112</line>
    </frame>
    <frame>
      <class>com.kms.katalon.core.main.TestSuiteExecutor</class>
      <method>execute</method>
      <line>81</line>
    </frame>
    <frame>
      <class>com.kms.katalon.core.main.TestCaseMain</class>
      <method>startTestSuite</method>
      <line>149</line>
    </frame>
    <frame>
      <class>com.kms.katalon.core.main.TestCaseMain$startTestSuite$0</class>
      <method>call</method>
    </frame>
    <frame>
      <class>TempTestSuite1561640192975</class>
      <method>run</method>
      <line>36</line>
    </frame>
  </exception>
  <nestedLevel>0</nestedLevel>
</record>
<record>
  <date>2019-06-27T18:27:49</date>
  <millis>1561640269561</millis>
  <sequence>94</sequence>
  <level>END</level>
  <class>com.kms.katalon.core.logging.XmlKeywordLogger</class>
  <method>endKeyword</method>
  <thread>1</thread>
  <message>End action : verifyElementPropertyValue(response, \&amp;quot;[0].messageCategory\&amp;quot;, messageCategory)</message>
  <nestedLevel>1</nestedLevel>
</record>
<record>
  <date>2019-06-27T18:27:49</date>
  <millis>1561640269563</millis>
  <sequence>96</sequence>
  <logger>com.kms.katalon.core.logging.XmlKeywordLogger</logger>
  <level>FAILED</level>
  <class>com.kms.katalon.core.logging.XmlKeywordLogger</class>
  <method>logMessage</method>
  <thread>1</thread>
  <message>Test Cases/Ccp_Controller_API/Ccp_Controller_Verify_Response_with_Empty_Values FAILED.\nReason:\ncom.kms.katalon.core.exception.StepFailedException: Expected element property value &amp;apos;&amp;apos; is not equal with actual property value &amp;apos;null&amp;apos;\r\n\tat com.kms.katalon.core.keyword.internal.KeywordMain.stepFailed(KeywordMain.groovy:32)\r\n\tat com.kms.katalon.core.webservice.keyword.builtin.VerifyElementPropertyValueKeyword$_verifyElementPropertyValue_closure1.doCall(VerifyElementPropertyValueKeyword.groovy:56)\r\n\tat com.kms.katalon.core.webservice.keyword.builtin.VerifyElementPropertyValueKeyword$_verifyElementPropertyValue_closure1.call(VerifyElementPropertyValueKeyword.groovy)\r\n\tat com.kms.katalon.core.keyword.internal.KeywordMain.runKeyword(KeywordMain.groovy:54)\r\n\tat com.kms.katalon.core.webservice.keyword.builtin.VerifyElementPropertyValueKeyword.verifyElementPropertyValue(VerifyElementPropertyValueKeyword.groovy:48)\r\n\tat com.kms.katalon.core.webservice.keyword.builtin.VerifyElementPropertyValueKeyword.execute(VerifyElementPropertyValueKeyword.groovy:43)\r\n\tat com.kms.katalon.core.keyword.internal.KeywordExecutor.executeKeywordForPlatform(KeywordExecutor.groovy:53)\r\n\tat com.kms.katalon.core.webservice.keyword.WSBuiltInKeywords.verifyElementPropertyValue(WSBuiltInKeywords.groovy:123)\r\n\tat com.kms.katalon.core.webservice.keyword.WSBuiltInKeywords$verifyElementPropertyValue$1.call(Unknown Source)\r\n\tat Ccp_Controller_Verify_Response_with_Empty_Values.run(Ccp_Controller_Verify_Response_with_Empty_Values:20)\r\n\tat com.kms.katalon.core.main.ScriptEngine.run(ScriptEngine.java:194)\r\n\tat com.kms.katalon.core.main.ScriptEngine.runScriptAsRawText(ScriptEngine.java:119)\r\n\tat com.kms.katalon.core.main.TestCaseExecutor.runScript(TestCaseExecutor.java:328)\r\n\tat com.kms.katalon.core.main.TestCaseExecutor.doExecute(TestCaseExecutor.java:319)\r\n\tat com.kms.katalon.core.main.TestCaseExecutor.processExecutionPhase(TestCaseExecutor.java:298)\r\n\tat com.kms.katalon.core.main.TestCaseExecutor.accessMainPhase(TestCaseExecutor.java:290)\r\n\tat com.kms.katalon.core.main.TestCaseExecutor.execute(TestCaseExecutor.java:224)\r\n\tat com.kms.katalon.core.main.TestSuiteExecutor.accessTestCaseMainPhase(TestSuiteExecutor.java:129)\r\n\tat com.kms.katalon.core.main.TestSuiteExecutor.accessTestSuiteMainPhase(TestSuiteExecutor.java:112)\r\n\tat com.kms.katalon.core.main.TestSuiteExecutor.execute(TestSuiteExecutor.java:81)\r\n\tat com.kms.katalon.core.main.TestCaseMain.startTestSuite(TestCaseMain.java:149)\r\n\tat com.kms.katalon.core.main.TestCaseMain$startTestSuite$0.call(Unknown Source)\r\n\tat TempTestSuite1561640192975.run(TempTestSuite1561640192975.groovy:36)\r\n</message>
  <exception>
    <message>com.kms.katalon.core.exception.StepFailedException: Expected element property value '' is not equal with actual property value 'null'</message>
    <frame>
      <class>com.kms.katalon.core.keyword.internal.KeywordMain</class>
      <method>stepFailed</method>
      <line>32</line>
    </frame>
    <frame>
      <class>com.kms.katalon.core.webservice.keyword.builtin.VerifyElementPropertyValueKeyword$_verifyElementPropertyValue_closure1</class>
      <method>doCall</method>
      <line>56</line>
    </frame>
    <frame>
      <class>com.kms.katalon.core.webservice.keyword.builtin.VerifyElementPropertyValueKeyword$_verifyElementPropertyValue_closure1</class>
      <method>call</method>
    </frame>
    <frame>
      <class>com.kms.katalon.core.keyword.internal.KeywordMain</class>
      <method>runKeyword</method>
      <line>54</line>
    </frame>
    <frame>
      <class>com.kms.katalon.core.webservice.keyword.builtin.VerifyElementPropertyValueKeyword</class>
      <method>verifyElementPropertyValue</method>
      <line>48</line>
    </frame>
    <frame>
      <class>com.kms.katalon.core.webservice.keyword.builtin.VerifyElementPropertyValueKeyword</class>
      <method>execute</method>
      <line>43</line>
    </frame>
    <frame>
      <class>com.kms.katalon.core.keyword.internal.KeywordExecutor</class>
      <method>executeKeywordForPlatform</method>
      <line>53</line>
    </frame>
    <frame>
      <class>com.kms.katalon.core.webservice.keyword.WSBuiltInKeywords</class>
      <method>verifyElementPropertyValue</method>
      <line>123</line>
    </frame>
    <frame>
      <class>com.kms.katalon.core.webservice.keyword.WSBuiltInKeywords$verifyElementPropertyValue$1</class>
      <method>call</method>
    </frame>
    <frame>
      <class>Ccp_Controller_Verify_Response_with_Empty_Values</class>
      <method>run</method>
      <line>20</line>
    </frame>
    <frame>
      <class>com.kms.katalon.core.main.ScriptEngine</class>
      <method>run</method>
      <line>194</line>
    </frame>
    <frame>
      <class>com.kms.katalon.core.main.ScriptEngine</class>
      <method>runScriptAsRawText</method>
      <line>119</line>
    </frame>
    <frame>
      <class>com.kms.katalon.core.main.TestCaseExecutor</class>
      <method>runScript</method>
      <line>328</line>
    </frame>
    <frame>
      <class>com.kms.katalon.core.main.TestCaseExecutor</class>
      <method>doExecute</method>
      <line>319</line>
    </frame>
    <frame>
      <class>com.kms.katalon.core.main.TestCaseExecutor</class>
      <method>processExecutionPhase</method>
      <line>298</line>
    </frame>
    <frame>
      <class>com.kms.katalon.core.main.TestCaseExecutor</class>
      <method>accessMainPhase</method>
      <line>290</line>
    </frame>
    <frame>
      <class>com.kms.katalon.core.main.TestCaseExecutor</class>
      <method>execute</method>
      <line>224</line>
    </frame>
    <frame>
      <class>com.kms.katalon.core.main.TestSuiteExecutor</class>
      <method>accessTestCaseMainPhase</method>
      <line>129</line>
    </frame>
    <frame>
      <class>com.kms.katalon.core.main.TestSuiteExecutor</class>
      <method>accessTestSuiteMainPhase</method>
      <line>112</line>
    </frame>
    <frame>
      <class>com.kms.katalon.core.main.TestSuiteExecutor</class>
      <method>execute</method>
      <line>81</line>
    </frame>
    <frame>
      <class>com.kms.katalon.core.main.TestCaseMain</class>
      <method>startTestSuite</method>
      <line>149</line>
    </frame>
    <frame>
      <class>com.kms.katalon.core.main.TestCaseMain$startTestSuite$0</class>
      <method>call</method>
    </frame>
    <frame>
      <class>TempTestSuite1561640192975</class>
      <method>run</method>
      <line>36</line>
    </frame>
  </exception>
  <nestedLevel>0</nestedLevel>
</record>
<record>
  <date>2019-06-27T18:27:49</date>
  <millis>1561640269569</millis>
  <sequence>97</sequence>
  <level>END</level>
  <class>com.kms.katalon.core.logging.XmlKeywordLogger</class>
  <method>endTest</method>
  <thread>1</thread>
  <message>End Test Case : Test Cases/Ccp_Controller_API/Ccp_Controller_Verify_Response_with_Empty_Values</message>
  <nestedLevel>0</nestedLevel>
</record>
<record>
  <date>2019-06-27T18:27:49</date>
  <millis>1561640269634</millis>
  <sequence>98</sequence>
  <level>START</level>
  <class>com.kms.katalon.core.logging.XmlKeywordLogger</class>
  <method>startTest</method>
  <thread>1</thread>
  <message>Start Test Case : Test Cases/Ccp_Controller_API/Ccp_Controller_Verify_Response__with_Invalid_Values</message>
  <nestedLevel>1</nestedLevel>
  <property name="name">Test Cases/Ccp_Controller_API/Ccp_Controller_Verify_Response__with_Invalid_Values</property>
  <property name="description"></property>
  <property name="id">Test Cases/Ccp_Controller_API/Ccp_Controller_Verify_Response__with_Invalid_Values</property>
  <property name="source">C:\\Users\\khaja.h\\Katalon Studio\\ADDI_Project\\Test Cases\\Ccp_Controller_API\\Ccp_Controller_Verify_Response__with_Invalid_Values.tc</property>
  <property name="isOptional">false</property>
</record>
<record>
  <date>2019-06-27T18:27:49</date>
  <millis>1561640269659</millis>
  <sequence>100</sequence>
  <level>INFO</level>
  <class>com.kms.katalon.core.logging.XmlKeywordLogger</class>
  <method>logMessage</method>
  <thread>1</thread>
  <message>type = yhgt</message>
  <nestedLevel>1</nestedLevel>
</record>
<record>
  <date>2019-06-27T18:27:49</date>
  <millis>1561640269662</millis>
  <sequence>101</sequence>
  <level>INFO</level>
  <class>com.kms.katalon.core.logging.XmlKeywordLogger</class>
  <method>logMessage</method>
  <thread>1</thread>
  <message>owner = LKJHN</message>
  <nestedLevel>1</nestedLevel>
</record>
<record>
  <date>2019-06-27T18:27:49</date>
  <millis>1561640269665</millis>
  <sequence>102</sequence>
  <level>INFO</level>
  <class>com.kms.katalon.core.logging.XmlKeywordLogger</class>
  <method>logMessage</method>
  <thread>1</thread>
  <message>application = 098723</message>
  <nestedLevel>1</nestedLevel>
</record>
<record>
  <date>2019-06-27T18:27:49</date>
  <millis>1561640269667</millis>
  <sequence>103</sequence>
  <level>INFO</level>
  <class>com.kms.katalon.core.logging.XmlKeywordLogger</class>
  <method>logMessage</method>
  <thread>1</thread>
  <message>ccpid = fgvfc</message>
  <nestedLevel>1</nestedLevel>
</record>
<record>
  <date>2019-06-27T18:27:49</date>
  <millis>1561640269670</millis>
  <sequence>104</sequence>
  <level>INFO</level>
  <class>com.kms.katalon.core.logging.XmlKeywordLogger</class>
  <method>logMessage</method>
  <thread>1</thread>
  <message>description = SGBDVGF</message>
  <nestedLevel>1</nestedLevel>
</record>
<record>
  <date>2019-06-27T18:27:49</date>
  <millis>1561640269672</millis>
  <sequence>105</sequence>
  <level>INFO</level>
  <class>com.kms.katalon.core.logging.XmlKeywordLogger</class>
  <method>logMessage</method>
  <thread>1</thread>
  <message>messageCategory = MNJH</message>
  <nestedLevel>1</nestedLevel>
</record>
<record>
  <date>2019-06-27T18:27:50</date>
  <millis>1561640270026</millis>
  <sequence>106</sequence>
  <level>START</level>
  <class>com.kms.katalon.core.logging.XmlKeywordLogger</class>
  <method>startKeyword</method>
  <thread>1</thread>
  <message>Start action : response = sendRequest(findTestObject(\&amp;quot;Ccp_Controller_API/Ccp_Controller_Verify_Response__with_Invalid_Values\&amp;quot;))</message>
  <nestedLevel>1</nestedLevel>
  <property name="startLine">16</property>
  <property name="stepIndex">1</property>
</record>
<record>
  <date>2019-06-27T18:27:50</date>
  <millis>1561640270281</millis>
  <sequence>110</sequence>
  <level>INFO</level>
  <class>com.kms.katalon.core.logging.XmlKeywordLogger</class>
  <method>logMessage</method>
  <thread>1</thread>
  <message>HAR: C:\\Users\\khaja.h\\Katalon Studio\\ADDI_Project\\Reports\\Ccp_Controller_API\\20190627_182627\\requests\\main\\2.har</message>
  <nestedLevel>1</nestedLevel>
  <property name="harId">cacde10c-5d57-4f39-8d51-ac78131a7342</property>
</record>
<record>
  <date>2019-06-27T18:27:50</date>
  <millis>1561640270288</millis>
  <sequence>111</sequence>
  <level>PASSED</level>
  <class>com.kms.katalon.core.logging.XmlKeywordLogger</class>
  <method>logMessage</method>
  <thread>1</thread>
  <message>Send request successfully</message>
  <nestedLevel>1</nestedLevel>
</record>
<record>
  <date>2019-06-27T18:27:50</date>
  <millis>1561640270291</millis>
  <sequence>112</sequence>
  <level>END</level>
  <class>com.kms.katalon.core.logging.XmlKeywordLogger</class>
  <method>endKeyword</method>
  <thread>1</thread>
  <message>End action : response = sendRequest(findTestObject(\&amp;quot;Ccp_Controller_API/Ccp_Controller_Verify_Response__with_Invalid_Values\&amp;quot;))</message>
  <nestedLevel>1</nestedLevel>
</record>
<record>
  <date>2019-06-27T18:27:50</date>
  <millis>1561640270292</millis>
  <sequence>113</sequence>
  <level>START</level>
  <class>com.kms.katalon.core.logging.XmlKeywordLogger</class>
  <method>startKeyword</method>
  <thread>1</thread>
  <message>Start action : verifyResponseStatusCode(response, 200)</message>
  <nestedLevel>1</nestedLevel>
  <property name="startLine">18</property>
  <property name="stepIndex">2</property>
</record>
<record>
  <date>2019-06-27T18:27:50</date>
  <millis>1561640270293</millis>
  <sequence>115</sequence>
  <level>PASSED</level>
  <class>com.kms.katalon.core.logging.XmlKeywordLogger</class>
  <method>logMessage</method>
  <thread>1</thread>
  <message>Verify response status code successfully</message>
  <nestedLevel>1</nestedLevel>
</record>
<record>
  <date>2019-06-27T18:27:50</date>
  <millis>1561640270295</millis>
  <sequence>116</sequence>
  <level>END</level>
  <class>com.kms.katalon.core.logging.XmlKeywordLogger</class>
  <method>endKeyword</method>
  <thread>1</thread>
  <message>End action : verifyResponseStatusCode(response, 200)</message>
  <nestedLevel>1</nestedLevel>
</record>
<record>
  <date>2019-06-27T18:27:50</date>
  <millis>1561640270296</millis>
  <sequence>117</sequence>
  <level>START</level>
  <class>com.kms.katalon.core.logging.XmlKeywordLogger</class>
  <method>startKeyword</method>
  <thread>1</thread>
  <message>Start action : verifyElementPropertyValue(response, \&amp;quot;[0].type\&amp;quot;, type)</message>
  <nestedLevel>1</nestedLevel>
  <property name="startLine">20</property>
  <property name="stepIndex">3</property>
</record>
<record>
  <date>2019-06-27T18:27:50</date>
  <millis>1561640270342</millis>
  <sequence>119</sequence>
  <level>FAILED</level>
  <class>com.kms.katalon.core.logging.XmlKeywordLogger</class>
  <method>logMessage</method>
  <thread>1</thread>
  <message>Expected element property value &amp;apos;yhgt&amp;apos; is not equal with actual property value &amp;apos;null&amp;apos;</message>
  <nestedLevel>1</nestedLevel>
</record>
<record>
  <date>2019-06-27T18:27:50</date>
  <millis>1561640270345</millis>
  <sequence>120</sequence>
  <level>END</level>
  <class>com.kms.katalon.core.logging.XmlKeywordLogger</class>
  <method>endKeyword</method>
  <thread>1</thread>
  <message>End action : verifyElementPropertyValue(response, \&amp;quot;[0].type\&amp;quot;, type)</message>
  <nestedLevel>1</nestedLevel>
</record>
<record>
  <date>2019-06-27T18:27:50</date>
  <millis>1561640270347</millis>
  <sequence>121</sequence>
  <level>START</level>
  <class>com.kms.katalon.core.logging.XmlKeywordLogger</class>
  <method>startKeyword</method>
  <thread>1</thread>
  <message>Start action : verifyElementPropertyValue(response, \&amp;quot;[0].owner\&amp;quot;, owner)</message>
  <nestedLevel>1</nestedLevel>
  <property name="startLine">22</property>
  <property name="stepIndex">4</property>
</record>
<record>
  <date>2019-06-27T18:27:50</date>
  <millis>1561640270399</millis>
  <sequence>123</sequence>
  <level>FAILED</level>
  <class>com.kms.katalon.core.logging.XmlKeywordLogger</class>
  <method>logMessage</method>
  <thread>1</thread>
  <message>Expected element property value &amp;apos;LKJHN&amp;apos; is not equal with actual property value &amp;apos;ILP&amp;apos;</message>
  <nestedLevel>1</nestedLevel>
</record>
<record>
  <date>2019-06-27T18:27:50</date>
  <millis>1561640270400</millis>
  <sequence>124</sequence>
  <level>END</level>
  <class>com.kms.katalon.core.logging.XmlKeywordLogger</class>
  <method>endKeyword</method>
  <thread>1</thread>
  <message>End action : verifyElementPropertyValue(response, \&amp;quot;[0].owner\&amp;quot;, owner)</message>
  <nestedLevel>1</nestedLevel>
</record>
<record>
  <date>2019-06-27T18:27:50</date>
  <millis>1561640270400</millis>
  <sequence>125</sequence>
  <level>START</level>
  <class>com.kms.katalon.core.logging.XmlKeywordLogger</class>
  <method>startKeyword</method>
  <thread>1</thread>
  <message>Start action : verifyElementPropertyValue(response, \&amp;quot;[0].application\&amp;quot;, application)</message>
  <nestedLevel>1</nestedLevel>
  <property name="startLine">24</property>
  <property name="stepIndex">5</property>
</record>
<record>
  <date>2019-06-27T18:27:50</date>
  <millis>1561640270444</millis>
  <sequence>127</sequence>
  <level>FAILED</level>
  <class>com.kms.katalon.core.logging.XmlKeywordLogger</class>
  <method>logMessage</method>
  <thread>1</thread>
  <message>Expected element property value &amp;apos;098723&amp;apos; is not equal with actual property value &amp;apos;00000&amp;apos;</message>
  <nestedLevel>1</nestedLevel>
</record>
<record>
  <date>2019-06-27T18:27:50</date>
  <millis>1561640270446</millis>
  <sequence>128</sequence>
  <level>END</level>
  <class>com.kms.katalon.core.logging.XmlKeywordLogger</class>
  <method>endKeyword</method>
  <thread>1</thread>
  <message>End action : verifyElementPropertyValue(response, \&amp;quot;[0].application\&amp;quot;, application)</message>
  <nestedLevel>1</nestedLevel>
</record>
<record>
  <date>2019-06-27T18:27:50</date>
  <millis>1561640270446</millis>
  <sequence>129</sequence>
  <level>START</level>
  <class>com.kms.katalon.core.logging.XmlKeywordLogger</class>
  <method>startKeyword</method>
  <thread>1</thread>
  <message>Start action : verifyElementPropertyValue(response, \&amp;quot;[0].ccpid\&amp;quot;, ccpid)</message>
  <nestedLevel>1</nestedLevel>
  <property name="startLine">26</property>
  <property name="stepIndex">6</property>
</record>
<record>
  <date>2019-06-27T18:27:50</date>
  <millis>1561640270488</millis>
  <sequence>131</sequence>
  <level>FAILED</level>
  <class>com.kms.katalon.core.logging.XmlKeywordLogger</class>
  <method>logMessage</method>
  <thread>1</thread>
  <message>Expected element property value &amp;apos;fgvfc&amp;apos; is not equal with actual property value &amp;apos;10018&amp;apos;</message>
  <nestedLevel>1</nestedLevel>
</record>
<record>
  <date>2019-06-27T18:27:50</date>
  <millis>1561640270492</millis>
  <sequence>132</sequence>
  <level>END</level>
  <class>com.kms.katalon.core.logging.XmlKeywordLogger</class>
  <method>endKeyword</method>
  <thread>1</thread>
  <message>End action : verifyElementPropertyValue(response, \&amp;quot;[0].ccpid\&amp;quot;, ccpid)</message>
  <nestedLevel>1</nestedLevel>
</record>
<record>
  <date>2019-06-27T18:27:50</date>
  <millis>1561640270493</millis>
  <sequence>133</sequence>
  <level>START</level>
  <class>com.kms.katalon.core.logging.XmlKeywordLogger</class>
  <method>startKeyword</method>
  <thread>1</thread>
  <message>Start action : verifyElementPropertyValue(response, \&amp;quot;[0].description\&amp;quot;, description)</message>
  <nestedLevel>1</nestedLevel>
  <property name="startLine">28</property>
  <property name="stepIndex">7</property>
</record>
<record>
  <date>2019-06-27T18:27:50</date>
  <millis>1561640270526</millis>
  <sequence>135</sequence>
  <level>FAILED</level>
  <class>com.kms.katalon.core.logging.XmlKeywordLogger</class>
  <method>logMessage</method>
  <thread>1</thread>
  <message>Expected element property value &amp;apos;SGBDVGF&amp;apos; is not equal with actual property value &amp;apos;BELOW MARKET RATE SET TO ZERO&amp;apos;</message>
  <nestedLevel>1</nestedLevel>
</record>
<record>
  <date>2019-06-27T18:27:50</date>
  <millis>1561640270528</millis>
  <sequence>136</sequence>
  <level>END</level>
  <class>com.kms.katalon.core.logging.XmlKeywordLogger</class>
  <method>endKeyword</method>
  <thread>1</thread>
  <message>End action : verifyElementPropertyValue(response, \&amp;quot;[0].description\&amp;quot;, description)</message>
  <nestedLevel>1</nestedLevel>
</record>
<record>
  <date>2019-06-27T18:27:50</date>
  <millis>1561640270528</millis>
  <sequence>137</sequence>
  <level>START</level>
  <class>com.kms.katalon.core.logging.XmlKeywordLogger</class>
  <method>startKeyword</method>
  <thread>1</thread>
  <message>Start action : verifyElementPropertyValue(response, \&amp;quot;[0].messageCategory\&amp;quot;, messageCategory)</message>
  <nestedLevel>1</nestedLevel>
  <property name="startLine">30</property>
  <property name="stepIndex">8</property>
</record>
<record>
  <date>2019-06-27T18:27:50</date>
  <millis>1561640270563</millis>
  <sequence>139</sequence>
  <level>FAILED</level>
  <class>com.kms.katalon.core.logging.XmlKeywordLogger</class>
  <method>logMessage</method>
  <thread>1</thread>
  <message>Expected element property value &amp;apos;MNJH&amp;apos; is not equal with actual property value &amp;apos;&amp;apos;</message>
  <nestedLevel>1</nestedLevel>
</record>
<record>
  <date>2019-06-27T18:27:50</date>
  <millis>1561640270566</millis>
  <sequence>141</sequence>
  <logger>com.kms.katalon.core.logging.XmlKeywordLogger</logger>
  <level>FAILED</level>
  <class>com.kms.katalon.core.logging.XmlKeywordLogger</class>
  <method>logMessage</method>
  <thread>1</thread>
  <message>verifyElementPropertyValue(response, \&amp;quot;[0].messageCategory\&amp;quot;, messageCategory) FAILED.\nReason:\ncom.kms.katalon.core.exception.StepFailedException: Expected element property value &amp;apos;yhgt&amp;apos; is not equal with actual property value &amp;apos;null&amp;apos;\r\n\tat com.kms.katalon.core.keyword.internal.KeywordMain.stepFailed(KeywordMain.groovy:32)\r\n\tat com.kms.katalon.core.webservice.keyword.builtin.VerifyElementPropertyValueKeyword$_verifyElementPropertyValue_closure1.doCall(VerifyElementPropertyValueKeyword.groovy:56)\r\n\tat com.kms.katalon.core.webservice.keyword.builtin.VerifyElementPropertyValueKeyword$_verifyElementPropertyValue_closure1.call(VerifyElementPropertyValueKeyword.groovy)\r\n\tat com.kms.katalon.core.keyword.internal.KeywordMain.runKeyword(KeywordMain.groovy:54)\r\n\tat com.kms.katalon.core.webservice.keyword.builtin.VerifyElementPropertyValueKeyword.verifyElementPropertyValue(VerifyElementPropertyValueKeyword.groovy:48)\r\n\tat com.kms.katalon.core.webservice.keyword.builtin.VerifyElementPropertyValueKeyword.execute(VerifyElementPropertyValueKeyword.groovy:43)\r\n\tat com.kms.katalon.core.keyword.internal.KeywordExecutor.executeKeywordForPlatform(KeywordExecutor.groovy:53)\r\n\tat com.kms.katalon.core.webservice.keyword.WSBuiltInKeywords.verifyElementPropertyValue(WSBuiltInKeywords.groovy:123)\r\n\tat com.kms.katalon.core.webservice.keyword.WSBuiltInKeywords$verifyElementPropertyValue$1.call(Unknown Source)\r\n\tat Ccp_Controller_Verify_Response__with_Invalid_Values.run(Ccp_Controller_Verify_Response__with_Invalid_Values:20)\r\n\tat com.kms.katalon.core.main.ScriptEngine.run(ScriptEngine.java:194)\r\n\tat com.kms.katalon.core.main.ScriptEngine.runScriptAsRawText(ScriptEngine.java:119)\r\n\tat com.kms.katalon.core.main.TestCaseExecutor.runScript(TestCaseExecutor.java:328)\r\n\tat com.kms.katalon.core.main.TestCaseExecutor.doExecute(TestCaseExecutor.java:319)\r\n\tat com.kms.katalon.core.main.TestCaseExecutor.processExecutionPhase(TestCaseExecutor.java:298)\r\n\tat com.kms.katalon.core.main.TestCaseExecutor.accessMainPhase(TestCaseExecutor.java:290)\r\n\tat com.kms.katalon.core.main.TestCaseExecutor.execute(TestCaseExecutor.java:224)\r\n\tat com.kms.katalon.core.main.TestSuiteExecutor.accessTestCaseMainPhase(TestSuiteExecutor.java:129)\r\n\tat com.kms.katalon.core.main.TestSuiteExecutor.accessTestSuiteMainPhase(TestSuiteExecutor.java:112)\r\n\tat com.kms.katalon.core.main.TestSuiteExecutor.execute(TestSuiteExecutor.java:81)\r\n\tat com.kms.katalon.core.main.TestCaseMain.startTestSuite(TestCaseMain.java:149)\r\n\tat com.kms.katalon.core.main.TestCaseMain$startTestSuite$0.call(Unknown Source)\r\n\tat TempTestSuite1561640192975.run(TempTestSuite1561640192975.groovy:36)\r\n</message>
  <exception>
    <message>com.kms.katalon.core.exception.StepFailedException: Expected element property value 'yhgt' is not equal with actual property value 'null'</message>
    <frame>
      <class>com.kms.katalon.core.keyword.internal.KeywordMain</class>
      <method>stepFailed</method>
      <line>32</line>
    </frame>
    <frame>
      <class>com.kms.katalon.core.webservice.keyword.builtin.VerifyElementPropertyValueKeyword$_verifyElementPropertyValue_closure1</class>
      <method>doCall</method>
      <line>56</line>
    </frame>
    <frame>
      <class>com.kms.katalon.core.webservice.keyword.builtin.VerifyElementPropertyValueKeyword$_verifyElementPropertyValue_closure1</class>
      <method>call</method>
    </frame>
    <frame>
      <class>com.kms.katalon.core.keyword.internal.KeywordMain</class>
      <method>runKeyword</method>
      <line>54</line>
    </frame>
    <frame>
      <class>com.kms.katalon.core.webservice.keyword.builtin.VerifyElementPropertyValueKeyword</class>
      <method>verifyElementPropertyValue</method>
      <line>48</line>
    </frame>
    <frame>
      <class>com.kms.katalon.core.webservice.keyword.builtin.VerifyElementPropertyValueKeyword</class>
      <method>execute</method>
      <line>43</line>
    </frame>
    <frame>
      <class>com.kms.katalon.core.keyword.internal.KeywordExecutor</class>
      <method>executeKeywordForPlatform</method>
      <line>53</line>
    </frame>
    <frame>
      <class>com.kms.katalon.core.webservice.keyword.WSBuiltInKeywords</class>
      <method>verifyElementPropertyValue</method>
      <line>123</line>
    </frame>
    <frame>
      <class>com.kms.katalon.core.webservice.keyword.WSBuiltInKeywords$verifyElementPropertyValue$1</class>
      <method>call</method>
    </frame>
    <frame>
      <class>Ccp_Controller_Verify_Response__with_Invalid_Values</class>
      <method>run</method>
      <line>20</line>
    </frame>
    <frame>
      <class>com.kms.katalon.core.main.ScriptEngine</class>
      <method>run</method>
      <line>194</line>
    </frame>
    <frame>
      <class>com.kms.katalon.core.main.ScriptEngine</class>
      <method>runScriptAsRawText</method>
      <line>119</line>
    </frame>
    <frame>
      <class>com.kms.katalon.core.main.TestCaseExecutor</class>
      <method>runScript</method>
      <line>328</line>
    </frame>
    <frame>
      <class>com.kms.katalon.core.main.TestCaseExecutor</class>
      <method>doExecute</method>
      <line>319</line>
    </frame>
    <frame>
      <class>com.kms.katalon.core.main.TestCaseExecutor</class>
      <method>processExecutionPhase</method>
      <line>298</line>
    </frame>
    <frame>
      <class>com.kms.katalon.core.main.TestCaseExecutor</class>
      <method>accessMainPhase</method>
      <line>290</line>
    </frame>
    <frame>
      <class>com.kms.katalon.core.main.TestCaseExecutor</class>
      <method>execute</method>
      <line>224</line>
    </frame>
    <frame>
      <class>com.kms.katalon.core.main.TestSuiteExecutor</class>
      <method>accessTestCaseMainPhase</method>
      <line>129</line>
    </frame>
    <frame>
      <class>com.kms.katalon.core.main.TestSuiteExecutor</class>
      <method>accessTestSuiteMainPhase</method>
      <line>112</line>
    </frame>
    <frame>
      <class>com.kms.katalon.core.main.TestSuiteExecutor</class>
      <method>execute</method>
      <line>81</line>
    </frame>
    <frame>
      <class>com.kms.katalon.core.main.TestCaseMain</class>
      <method>startTestSuite</method>
      <line>149</line>
    </frame>
    <frame>
      <class>com.kms.katalon.core.main.TestCaseMain$startTestSuite$0</class>
      <method>call</method>
    </frame>
    <frame>
      <class>TempTestSuite1561640192975</class>
      <method>run</method>
      <line>36</line>
    </frame>
  </exception>
  <nestedLevel>0</nestedLevel>
</record>
<record>
  <date>2019-06-27T18:27:50</date>
  <millis>1561640270569</millis>
  <sequence>142</sequence>
  <level>END</level>
  <class>com.kms.katalon.core.logging.XmlKeywordLogger</class>
  <method>endKeyword</method>
  <thread>1</thread>
  <message>End action : verifyElementPropertyValue(response, \&amp;quot;[0].messageCategory\&amp;quot;, messageCategory)</message>
  <nestedLevel>1</nestedLevel>
</record>
<record>
  <date>2019-06-27T18:27:50</date>
  <millis>1561640270571</millis>
  <sequence>144</sequence>
  <logger>com.kms.katalon.core.logging.XmlKeywordLogger</logger>
  <level>FAILED</level>
  <class>com.kms.katalon.core.logging.XmlKeywordLogger</class>
  <method>logMessage</method>
  <thread>1</thread>
  <message>Test Cases/Ccp_Controller_API/Ccp_Controller_Verify_Response__with_Invalid_Values FAILED.\nReason:\ncom.kms.katalon.core.exception.StepFailedException: Expected element property value &amp;apos;yhgt&amp;apos; is not equal with actual property value &amp;apos;null&amp;apos;\r\n\tat com.kms.katalon.core.keyword.internal.KeywordMain.stepFailed(KeywordMain.groovy:32)\r\n\tat com.kms.katalon.core.webservice.keyword.builtin.VerifyElementPropertyValueKeyword$_verifyElementPropertyValue_closure1.doCall(VerifyElementPropertyValueKeyword.groovy:56)\r\n\tat com.kms.katalon.core.webservice.keyword.builtin.VerifyElementPropertyValueKeyword$_verifyElementPropertyValue_closure1.call(VerifyElementPropertyValueKeyword.groovy)\r\n\tat com.kms.katalon.core.keyword.internal.KeywordMain.runKeyword(KeywordMain.groovy:54)\r\n\tat com.kms.katalon.core.webservice.keyword.builtin.VerifyElementPropertyValueKeyword.verifyElementPropertyValue(VerifyElementPropertyValueKeyword.groovy:48)\r\n\tat com.kms.katalon.core.webservice.keyword.builtin.VerifyElementPropertyValueKeyword.execute(VerifyElementPropertyValueKeyword.groovy:43)\r\n\tat com.kms.katalon.core.keyword.internal.KeywordExecutor.executeKeywordForPlatform(KeywordExecutor.groovy:53)\r\n\tat com.kms.katalon.core.webservice.keyword.WSBuiltInKeywords.verifyElementPropertyValue(WSBuiltInKeywords.groovy:123)\r\n\tat com.kms.katalon.core.webservice.keyword.WSBuiltInKeywords$verifyElementPropertyValue$1.call(Unknown Source)\r\n\tat Ccp_Controller_Verify_Response__with_Invalid_Values.run(Ccp_Controller_Verify_Response__with_Invalid_Values:20)\r\n\tat com.kms.katalon.core.main.ScriptEngine.run(ScriptEngine.java:194)\r\n\tat com.kms.katalon.core.main.ScriptEngine.runScriptAsRawText(ScriptEngine.java:119)\r\n\tat com.kms.katalon.core.main.TestCaseExecutor.runScript(TestCaseExecutor.java:328)\r\n\tat com.kms.katalon.core.main.TestCaseExecutor.doExecute(TestCaseExecutor.java:319)\r\n\tat com.kms.katalon.core.main.TestCaseExecutor.processExecutionPhase(TestCaseExecutor.java:298)\r\n\tat com.kms.katalon.core.main.TestCaseExecutor.accessMainPhase(TestCaseExecutor.java:290)\r\n\tat com.kms.katalon.core.main.TestCaseExecutor.execute(TestCaseExecutor.java:224)\r\n\tat com.kms.katalon.core.main.TestSuiteExecutor.accessTestCaseMainPhase(TestSuiteExecutor.java:129)\r\n\tat com.kms.katalon.core.main.TestSuiteExecutor.accessTestSuiteMainPhase(TestSuiteExecutor.java:112)\r\n\tat com.kms.katalon.core.main.TestSuiteExecutor.execute(TestSuiteExecutor.java:81)\r\n\tat com.kms.katalon.core.main.TestCaseMain.startTestSuite(TestCaseMain.java:149)\r\n\tat com.kms.katalon.core.main.TestCaseMain$startTestSuite$0.call(Unknown Source)\r\n\tat TempTestSuite1561640192975.run(TempTestSuite1561640192975.groovy:36)\r\n</message>
  <exception>
    <message>com.kms.katalon.core.exception.StepFailedException: Expected element property value 'yhgt' is not equal with actual property value 'null'</message>
    <frame>
      <class>com.kms.katalon.core.keyword.internal.KeywordMain</class>
      <method>stepFailed</method>
      <line>32</line>
    </frame>
    <frame>
      <class>com.kms.katalon.core.webservice.keyword.builtin.VerifyElementPropertyValueKeyword$_verifyElementPropertyValue_closure1</class>
      <method>doCall</method>
      <line>56</line>
    </frame>
    <frame>
      <class>com.kms.katalon.core.webservice.keyword.builtin.VerifyElementPropertyValueKeyword$_verifyElementPropertyValue_closure1</class>
      <method>call</method>
    </frame>
    <frame>
      <class>com.kms.katalon.core.keyword.internal.KeywordMain</class>
      <method>runKeyword</method>
      <line>54</line>
    </frame>
    <frame>
      <class>com.kms.katalon.core.webservice.keyword.builtin.VerifyElementPropertyValueKeyword</class>
      <method>verifyElementPropertyValue</method>
      <line>48</line>
    </frame>
    <frame>
      <class>com.kms.katalon.core.webservice.keyword.builtin.VerifyElementPropertyValueKeyword</class>
      <method>execute</method>
      <line>43</line>
    </frame>
    <frame>
      <class>com.kms.katalon.core.keyword.internal.KeywordExecutor</class>
      <method>executeKeywordForPlatform</method>
      <line>53</line>
    </frame>
    <frame>
      <class>com.kms.katalon.core.webservice.keyword.WSBuiltInKeywords</class>
      <method>verifyElementPropertyValue</method>
      <line>123</line>
    </frame>
    <frame>
      <class>com.kms.katalon.core.webservice.keyword.WSBuiltInKeywords$verifyElementPropertyValue$1</class>
      <method>call</method>
    </frame>
    <frame>
      <class>Ccp_Controller_Verify_Response__with_Invalid_Values</class>
      <method>run</method>
      <line>20</line>
    </frame>
    <frame>
      <class>com.kms.katalon.core.main.ScriptEngine</class>
      <method>run</method>
      <line>194</line>
    </frame>
    <frame>
      <class>com.kms.katalon.core.main.ScriptEngine</class>
      <method>runScriptAsRawText</method>
      <line>119</line>
    </frame>
    <frame>
      <class>com.kms.katalon.core.main.TestCaseExecutor</class>
      <method>runScript</method>
      <line>328</line>
    </frame>
    <frame>
      <class>com.kms.katalon.core.main.TestCaseExecutor</class>
      <method>doExecute</method>
      <line>319</line>
    </frame>
    <frame>
      <class>com.kms.katalon.core.main.TestCaseExecutor</class>
      <method>processExecutionPhase</method>
      <line>298</line>
    </frame>
    <frame>
      <class>com.kms.katalon.core.main.TestCaseExecutor</class>
      <method>accessMainPhase</method>
      <line>290</line>
    </frame>
    <frame>
      <class>com.kms.katalon.core.main.TestCaseExecutor</class>
      <method>execute</method>
      <line>224</line>
    </frame>
    <frame>
      <class>com.kms.katalon.core.main.TestSuiteExecutor</class>
      <method>accessTestCaseMainPhase</method>
      <line>129</line>
    </frame>
    <frame>
      <class>com.kms.katalon.core.main.TestSuiteExecutor</class>
      <method>accessTestSuiteMainPhase</method>
      <line>112</line>
    </frame>
    <frame>
      <class>com.kms.katalon.core.main.TestSuiteExecutor</class>
      <method>execute</method>
      <line>81</line>
    </frame>
    <frame>
      <class>com.kms.katalon.core.main.TestCaseMain</class>
      <method>startTestSuite</method>
      <line>149</line>
    </frame>
    <frame>
      <class>com.kms.katalon.core.main.TestCaseMain$startTestSuite$0</class>
      <method>call</method>
    </frame>
    <frame>
      <class>TempTestSuite1561640192975</class>
      <method>run</method>
      <line>36</line>
    </frame>
  </exception>
  <nestedLevel>0</nestedLevel>
</record>
<record>
  <date>2019-06-27T18:27:50</date>
  <millis>1561640270576</millis>
  <sequence>145</sequence>
  <level>END</level>
  <class>com.kms.katalon.core.logging.XmlKeywordLogger</class>
  <method>endTest</method>
  <thread>1</thread>
  <message>End Test Case : Test Cases/Ccp_Controller_API/Ccp_Controller_Verify_Response__with_Invalid_Values</message>
  <nestedLevel>0</nestedLevel>
</record>
<record>
  <date>2019-06-27T18:27:50</date>
  <millis>1561640270594</millis>
  <sequence>146</sequence>
  <level>START</level>
  <class>com.kms.katalon.core.logging.XmlKeywordLogger</class>
  <method>startTest</method>
  <thread>1</thread>
  <message>Start Test Case : Test Cases/Ccp_Controller_API/Ccp_Controller_Verify_Response_with_Invalid_parameters</message>
  <nestedLevel>1</nestedLevel>
  <property name="name">Test Cases/Ccp_Controller_API/Ccp_Controller_Verify_Response_with_Invalid_parameters</property>
  <property name="description"></property>
  <property name="id">Test Cases/Ccp_Controller_API/Ccp_Controller_Verify_Response_with_Invalid_parameters</property>
  <property name="source">C:\\Users\\khaja.h\\Katalon Studio\\ADDI_Project\\Test Cases\\Ccp_Controller_API\\Ccp_Controller_Verify_Response_with_Invalid_parameters.tc</property>
  <property name="isOptional">false</property>
</record>
<record>
  <date>2019-06-27T18:27:50</date>
  <millis>1561640270932</millis>
  <sequence>148</sequence>
  <level>START</level>
  <class>com.kms.katalon.core.logging.XmlKeywordLogger</class>
  <method>startKeyword</method>
  <thread>1</thread>
  <message>Start action : response = sendRequest(findTestObject(\&amp;quot;Ccp_Controller_API/Ccp_Controller_Verify_Response_with_Invalid_parameters\&amp;quot;))</message>
  <nestedLevel>1</nestedLevel>
  <property name="startLine">16</property>
  <property name="stepIndex">1</property>
</record>
<record>
  <date>2019-06-27T18:27:51</date>
  <millis>1561640271182</millis>
  <sequence>152</sequence>
  <level>INFO</level>
  <class>com.kms.katalon.core.logging.XmlKeywordLogger</class>
  <method>logMessage</method>
  <thread>1</thread>
  <message>HAR: C:\\Users\\khaja.h\\Katalon Studio\\ADDI_Project\\Reports\\Ccp_Controller_API\\20190627_182627\\requests\\main\\3.har</message>
  <nestedLevel>1</nestedLevel>
  <property name="harId">3bce303d-9899-4a46-a742-7b5f67937a82</property>
</record>
<record>
  <date>2019-06-27T18:27:51</date>
  <millis>1561640271190</millis>
  <sequence>153</sequence>
  <level>PASSED</level>
  <class>com.kms.katalon.core.logging.XmlKeywordLogger</class>
  <method>logMessage</method>
  <thread>1</thread>
  <message>Send request successfully</message>
  <nestedLevel>1</nestedLevel>
</record>
<record>
  <date>2019-06-27T18:27:51</date>
  <millis>1561640271191</millis>
  <sequence>154</sequence>
  <level>END</level>
  <class>com.kms.katalon.core.logging.XmlKeywordLogger</class>
  <method>endKeyword</method>
  <thread>1</thread>
  <message>End action : response = sendRequest(findTestObject(\&amp;quot;Ccp_Controller_API/Ccp_Controller_Verify_Response_with_Invalid_parameters\&amp;quot;))</message>
  <nestedLevel>1</nestedLevel>
</record>
<record>
  <date>2019-06-27T18:27:51</date>
  <millis>1561640271191</millis>
  <sequence>155</sequence>
  <level>START</level>
  <class>com.kms.katalon.core.logging.XmlKeywordLogger</class>
  <method>startKeyword</method>
  <thread>1</thread>
  <message>Start action : verifyResponseStatusCode(response, 400)</message>
  <nestedLevel>1</nestedLevel>
  <property name="startLine">18</property>
  <property name="stepIndex">2</property>
</record>
<record>
  <date>2019-06-27T18:27:51</date>
  <millis>1561640271193</millis>
  <sequence>157</sequence>
  <level>PASSED</level>
  <class>com.kms.katalon.core.logging.XmlKeywordLogger</class>
  <method>logMessage</method>
  <thread>1</thread>
  <message>Verify response status code successfully</message>
  <nestedLevel>1</nestedLevel>
</record>
<record>
  <date>2019-06-27T18:27:51</date>
  <millis>1561640271193</millis>
  <sequence>158</sequence>
  <level>END</level>
  <class>com.kms.katalon.core.logging.XmlKeywordLogger</class>
  <method>endKeyword</method>
  <thread>1</thread>
  <message>End action : verifyResponseStatusCode(response, 400)</message>
  <nestedLevel>1</nestedLevel>
</record>
<record>
  <date>2019-06-27T18:27:51</date>
  <millis>1561640271194</millis>
  <sequence>159</sequence>
  <level>PASSED</level>
  <class>com.kms.katalon.core.logging.XmlKeywordLogger</class>
  <method>logMessage</method>
  <thread>1</thread>
  <message>Test Cases/Ccp_Controller_API/Ccp_Controller_Verify_Response_with_Invalid_parameters</message>
  <nestedLevel>1</nestedLevel>
</record>
<record>
  <date>2019-06-27T18:27:51</date>
  <millis>1561640271195</millis>
  <sequence>160</sequence>
  <level>END</level>
  <class>com.kms.katalon.core.logging.XmlKeywordLogger</class>
  <method>endTest</method>
  <thread>1</thread>
  <message>End Test Case : Test Cases/Ccp_Controller_API/Ccp_Controller_Verify_Response_with_Invalid_parameters</message>
  <nestedLevel>0</nestedLevel>
</record>
<record>
  <date>2019-06-27T18:27:51</date>
  <millis>1561640271200</millis>
  <sequence>161</sequence>
  <level>START</level>
  <class>com.kms.katalon.core.logging.XmlKeywordLogger</class>
  <method>startTest</method>
  <thread>1</thread>
  <message>Start Test Case : Test Cases/Ccp_Controller_API/Ccp_Controller_Post_Request</message>
  <nestedLevel>1</nestedLevel>
  <property name="name">Test Cases/Ccp_Controller_API/Ccp_Controller_Post_Request</property>
  <property name="description"></property>
  <property name="id">Test Cases/Ccp_Controller_API/Ccp_Controller_Post_Request</property>
  <property name="source">C:\\Users\\khaja.h\\Katalon Studio\\ADDI_Project\\Test Cases\\Ccp_Controller_API\\Ccp_Controller_Post_Request.tc</property>
  <property name="isOptional">false</property>
</record>
<record>
  <date>2019-06-27T18:27:51</date>
  <millis>1561640271520</millis>
  <sequence>163</sequence>
  <level>START</level>
  <class>com.kms.katalon.core.logging.XmlKeywordLogger</class>
  <method>startKeyword</method>
  <thread>1</thread>
  <message>Start action : response = sendRequest(findTestObject(\&amp;quot;Ccp_Controller_API/Ccp_Controller_Post_Request\&amp;quot;))</message>
  <nestedLevel>1</nestedLevel>
  <property name="startLine">16</property>
  <property name="stepIndex">1</property>
</record>
<record>
  <date>2019-06-27T18:27:51</date>
  <millis>1561640271894</millis>
  <sequence>167</sequence>
  <level>INFO</level>
  <class>com.kms.katalon.core.logging.XmlKeywordLogger</class>
  <method>logMessage</method>
  <thread>1</thread>
  <message>HAR: C:\\Users\\khaja.h\\Katalon Studio\\ADDI_Project\\Reports\\Ccp_Controller_API\\20190627_182627\\requests\\main\\4.har</message>
  <nestedLevel>1</nestedLevel>
  <property name="harId">f0849bc0-9a5a-40c8-b872-6e6ae65d3b52</property>
</record>
<record>
  <date>2019-06-27T18:27:51</date>
  <millis>1561640271910</millis>
  <sequence>168</sequence>
  <level>PASSED</level>
  <class>com.kms.katalon.core.logging.XmlKeywordLogger</class>
  <method>logMessage</method>
  <thread>1</thread>
  <message>Send request successfully</message>
  <nestedLevel>1</nestedLevel>
</record>
<record>
  <date>2019-06-27T18:27:51</date>
  <millis>1561640271911</millis>
  <sequence>169</sequence>
  <level>END</level>
  <class>com.kms.katalon.core.logging.XmlKeywordLogger</class>
  <method>endKeyword</method>
  <thread>1</thread>
  <message>End action : response = sendRequest(findTestObject(\&amp;quot;Ccp_Controller_API/Ccp_Controller_Post_Request\&amp;quot;))</message>
  <nestedLevel>1</nestedLevel>
</record>
<record>
  <date>2019-06-27T18:27:51</date>
  <millis>1561640271911</millis>
  <sequence>170</sequence>
  <level>START</level>
  <class>com.kms.katalon.core.logging.XmlKeywordLogger</class>
  <method>startKeyword</method>
  <thread>1</thread>
  <message>Start action : verifyResponseStatusCode(response, 201)</message>
  <nestedLevel>1</nestedLevel>
  <property name="startLine">17</property>
  <property name="stepIndex">2</property>
</record>
<record>
  <date>2019-06-27T18:27:51</date>
  <millis>1561640271912</millis>
  <sequence>172</sequence>
  <level>PASSED</level>
  <class>com.kms.katalon.core.logging.XmlKeywordLogger</class>
  <method>logMessage</method>
  <thread>1</thread>
  <message>Verify response status code successfully</message>
  <nestedLevel>1</nestedLevel>
</record>
<record>
  <date>2019-06-27T18:27:51</date>
  <millis>1561640271913</millis>
  <sequence>173</sequence>
  <level>END</level>
  <class>com.kms.katalon.core.logging.XmlKeywordLogger</class>
  <method>endKeyword</method>
  <thread>1</thread>
  <message>End action : verifyResponseStatusCode(response, 201)</message>
  <nestedLevel>1</nestedLevel>
</record>
<record>
  <date>2019-06-27T18:27:51</date>
  <millis>1561640271913</millis>
  <sequence>174</sequence>
  <level>PASSED</level>
  <class>com.kms.katalon.core.logging.XmlKeywordLogger</class>
  <method>logMessage</method>
  <thread>1</thread>
  <message>Test Cases/Ccp_Controller_API/Ccp_Controller_Post_Request</message>
  <nestedLevel>1</nestedLevel>
</record>
<record>
  <date>2019-06-27T18:27:51</date>
  <millis>1561640271914</millis>
  <sequence>175</sequence>
  <level>END</level>
  <class>com.kms.katalon.core.logging.XmlKeywordLogger</class>
  <method>endTest</method>
  <thread>1</thread>
  <message>End Test Case : Test Cases/Ccp_Controller_API/Ccp_Controller_Post_Request</message>
  <nestedLevel>0</nestedLevel>
</record>
<record>
  <date>2019-06-27T18:27:51</date>
  <millis>1561640271963</millis>
  <sequence>176</sequence>
  <level>START</level>
  <class>com.kms.katalon.core.logging.XmlKeywordLogger</class>
  <method>startTest</method>
  <thread>1</thread>
  <message>Start Test Case : Test Cases/Ccp_Controller_API/Ccp_Controller_Put_Request</message>
  <nestedLevel>1</nestedLevel>
  <property name="name">Test Cases/Ccp_Controller_API/Ccp_Controller_Put_Request</property>
  <property name="description"></property>
  <property name="id">Test Cases/Ccp_Controller_API/Ccp_Controller_Put_Request</property>
  <property name="source">C:\\Users\\khaja.h\\Katalon Studio\\ADDI_Project\\Test Cases\\Ccp_Controller_API\\Ccp_Controller_Put_Request.tc</property>
  <property name="isOptional">false</property>
</record>
<record>
  <date>2019-06-27T18:27:52</date>
  <millis>1561640272477</millis>
  <sequence>178</sequence>
  <level>START</level>
  <class>com.kms.katalon.core.logging.XmlKeywordLogger</class>
  <method>startKeyword</method>
  <thread>1</thread>
  <message>Start action : response = sendRequest(findTestObject(\&amp;quot;Ccp_Controller_API/Ccp_Controller_Put_Request\&amp;quot;))</message>
  <nestedLevel>1</nestedLevel>
  <property name="startLine">16</property>
  <property name="stepIndex">1</property>
</record>
<record>
  <date>2019-06-27T18:27:55</date>
  <millis>1561640275106</millis>
  <sequence>186</sequence>
  <level>INFO</level>
  <class>com.kms.katalon.core.logging.XmlKeywordLogger</class>
  <method>logMessage</method>
  <thread>1</thread>
  <message>HAR: C:\\Users\\khaja.h\\Katalon Studio\\ADDI_Project\\Reports\\Ccp_Controller_API\\20190627_182627\\requests\\main\\5.har</message>
  <nestedLevel>1</nestedLevel>
  <property name="harId">37447ce3-87ff-4420-884b-768c191cbf14</property>
</record>
<record>
  <date>2019-06-27T18:27:55</date>
  <millis>1561640275113</millis>
  <sequence>187</sequence>
  <level>PASSED</level>
  <class>com.kms.katalon.core.logging.XmlKeywordLogger</class>
  <method>logMessage</method>
  <thread>1</thread>
  <message>Send request successfully</message>
  <nestedLevel>1</nestedLevel>
</record>
<record>
  <date>2019-06-27T18:27:55</date>
  <millis>1561640275114</millis>
  <sequence>188</sequence>
  <level>END</level>
  <class>com.kms.katalon.core.logging.XmlKeywordLogger</class>
  <method>endKeyword</method>
  <thread>1</thread>
  <message>End action : response = sendRequest(findTestObject(\&amp;quot;Ccp_Controller_API/Ccp_Controller_Put_Request\&amp;quot;))</message>
  <nestedLevel>1</nestedLevel>
</record>
<record>
  <date>2019-06-27T18:27:55</date>
  <millis>1561640275115</millis>
  <sequence>189</sequence>
  <level>START</level>
  <class>com.kms.katalon.core.logging.XmlKeywordLogger</class>
  <method>startKeyword</method>
  <thread>1</thread>
  <message>Start action : verifyResponseStatusCode(response, 200)</message>
  <nestedLevel>1</nestedLevel>
  <property name="startLine">18</property>
  <property name="stepIndex">2</property>
</record>
<record>
  <date>2019-06-27T18:27:55</date>
  <millis>1561640275117</millis>
  <sequence>191</sequence>
  <level>PASSED</level>
  <class>com.kms.katalon.core.logging.XmlKeywordLogger</class>
  <method>logMessage</method>
  <thread>1</thread>
  <message>Verify response status code successfully</message>
  <nestedLevel>1</nestedLevel>
</record>
<record>
  <date>2019-06-27T18:27:55</date>
  <millis>1561640275117</millis>
  <sequence>192</sequence>
  <level>END</level>
  <class>com.kms.katalon.core.logging.XmlKeywordLogger</class>
  <method>endKeyword</method>
  <thread>1</thread>
  <message>End action : verifyResponseStatusCode(response, 200)</message>
  <nestedLevel>1</nestedLevel>
</record>
<record>
  <date>2019-06-27T18:27:55</date>
  <millis>1561640275117</millis>
  <sequence>193</sequence>
  <level>PASSED</level>
  <class>com.kms.katalon.core.logging.XmlKeywordLogger</class>
  <method>logMessage</method>
  <thread>1</thread>
  <message>Test Cases/Ccp_Controller_API/Ccp_Controller_Put_Request</message>
  <nestedLevel>1</nestedLevel>
</record>
<record>
  <date>2019-06-27T18:27:55</date>
  <millis>1561640275118</millis>
  <sequence>194</sequence>
  <level>END</level>
  <class>com.kms.katalon.core.logging.XmlKeywordLogger</class>
  <method>endTest</method>
  <thread>1</thread>
  <message>End Test Case : Test Cases/Ccp_Controller_API/Ccp_Controller_Put_Request</message>
  <nestedLevel>0</nestedLevel>
</record>
<record>
  <date>2019-06-27T18:27:55</date>
  <millis>1561640275154</millis>
  <sequence>195</sequence>
  <level>START</level>
  <class>com.kms.katalon.core.logging.XmlKeywordLogger</class>
  <method>startTest</method>
  <thread>1</thread>
  <message>Start Test Case : Test Cases/Ccp_Controller_API/Ccp_Controller_Delete_Request_with_Valid_Parameters</message>
  <nestedLevel>1</nestedLevel>
  <property name="name">Test Cases/Ccp_Controller_API/Ccp_Controller_Delete_Request_with_Valid_Parameters</property>
  <property name="description"></property>
  <property name="id">Test Cases/Ccp_Controller_API/Ccp_Controller_Delete_Request_with_Valid_Parameters</property>
  <property name="source">C:\\Users\\khaja.h\\Katalon Studio\\ADDI_Project\\Test Cases\\Ccp_Controller_API\\Ccp_Controller_Delete_Request_with_Valid_Parameters.tc</property>
  <property name="isOptional">false</property>
</record>
<record>
  <date>2019-06-27T18:27:55</date>
  <millis>1561640275499</millis>
  <sequence>197</sequence>
  <level>START</level>
  <class>com.kms.katalon.core.logging.XmlKeywordLogger</class>
  <method>startKeyword</method>
  <thread>1</thread>
  <message>Start action : response = sendRequest(findTestObject(\&amp;quot;Ccp_Controller_API/Ccp_Controller_Delete_Request_with_Valid_Parameters\&amp;quot;))</message>
  <nestedLevel>1</nestedLevel>
  <property name="startLine">16</property>
  <property name="stepIndex">1</property>
</record>
<record>
  <date>2019-06-27T18:27:55</date>
  <millis>1561640275800</millis>
  <sequence>201</sequence>
  <level>INFO</level>
  <class>com.kms.katalon.core.logging.XmlKeywordLogger</class>
  <method>logMessage</method>
  <thread>1</thread>
  <message>HAR: C:\\Users\\khaja.h\\Katalon Studio\\ADDI_Project\\Reports\\Ccp_Controller_API\\20190627_182627\\requests\\main\\6.har</message>
  <nestedLevel>1</nestedLevel>
  <property name="harId">9fa5d66a-9254-4d29-844b-053f2ca88f2b</property>
</record>
<record>
  <date>2019-06-27T18:27:55</date>
  <millis>1561640275808</millis>
  <sequence>202</sequence>
  <level>PASSED</level>
  <class>com.kms.katalon.core.logging.XmlKeywordLogger</class>
  <method>logMessage</method>
  <thread>1</thread>
  <message>Send request successfully</message>
  <nestedLevel>1</nestedLevel>
</record>
<record>
  <date>2019-06-27T18:27:55</date>
  <millis>1561640275809</millis>
  <sequence>203</sequence>
  <level>END</level>
  <class>com.kms.katalon.core.logging.XmlKeywordLogger</class>
  <method>endKeyword</method>
  <thread>1</thread>
  <message>End action : response = sendRequest(findTestObject(\&amp;quot;Ccp_Controller_API/Ccp_Controller_Delete_Request_with_Valid_Parameters\&amp;quot;))</message>
  <nestedLevel>1</nestedLevel>
</record>
<record>
  <date>2019-06-27T18:27:55</date>
  <millis>1561640275810</millis>
  <sequence>204</sequence>
  <level>START</level>
  <class>com.kms.katalon.core.logging.XmlKeywordLogger</class>
  <method>startKeyword</method>
  <thread>1</thread>
  <message>Start action : verifyResponseStatusCode(response, 200)</message>
  <nestedLevel>1</nestedLevel>
  <property name="startLine">18</property>
  <property name="stepIndex">2</property>
</record>
<record>
  <date>2019-06-27T18:27:55</date>
  <millis>1561640275811</millis>
  <sequence>206</sequence>
  <level>PASSED</level>
  <class>com.kms.katalon.core.logging.XmlKeywordLogger</class>
  <method>logMessage</method>
  <thread>1</thread>
  <message>Verify response status code successfully</message>
  <nestedLevel>1</nestedLevel>
</record>
<record>
  <date>2019-06-27T18:27:55</date>
  <millis>1561640275813</millis>
  <sequence>207</sequence>
  <level>END</level>
  <class>com.kms.katalon.core.logging.XmlKeywordLogger</class>
  <method>endKeyword</method>
  <thread>1</thread>
  <message>End action : verifyResponseStatusCode(response, 200)</message>
  <nestedLevel>1</nestedLevel>
</record>
<record>
  <date>2019-06-27T18:27:55</date>
  <millis>1561640275813</millis>
  <sequence>208</sequence>
  <level>PASSED</level>
  <class>com.kms.katalon.core.logging.XmlKeywordLogger</class>
  <method>logMessage</method>
  <thread>1</thread>
  <message>Test Cases/Ccp_Controller_API/Ccp_Controller_Delete_Request_with_Valid_Parameters</message>
  <nestedLevel>1</nestedLevel>
</record>
<record>
  <date>2019-06-27T18:27:55</date>
  <millis>1561640275814</millis>
  <sequence>209</sequence>
  <level>END</level>
  <class>com.kms.katalon.core.logging.XmlKeywordLogger</class>
  <method>endTest</method>
  <thread>1</thread>
  <message>End Test Case : Test Cases/Ccp_Controller_API/Ccp_Controller_Delete_Request_with_Valid_Parameters</message>
  <nestedLevel>0</nestedLevel>
</record>
<record>
  <date>2019-06-27T18:27:55</date>
  <millis>1561640275829</millis>
  <sequence>210</sequence>
  <level>START</level>
  <class>com.kms.katalon.core.logging.XmlKeywordLogger</class>
  <method>startTest</method>
  <thread>1</thread>
  <message>Start Test Case : Test Cases/Ccp_Controller_API/Ccp_Controller_Delete_Request_with_Invalid_Parameters</message>
  <nestedLevel>1</nestedLevel>
  <property name="name">Test Cases/Ccp_Controller_API/Ccp_Controller_Delete_Request_with_Invalid_Parameters</property>
  <property name="description"></property>
  <property name="id">Test Cases/Ccp_Controller_API/Ccp_Controller_Delete_Request_with_Invalid_Parameters</property>
  <property name="source">C:\\Users\\khaja.h\\Katalon Studio\\ADDI_Project\\Test Cases\\Ccp_Controller_API\\Ccp_Controller_Delete_Request_with_Invalid_Parameters.tc</property>
  <property name="isOptional">false</property>
</record>
<record>
  <date>2019-06-27T18:27:56</date>
  <millis>1561640276138</millis>
  <sequence>212</sequence>
  <level>START</level>
  <class>com.kms.katalon.core.logging.XmlKeywordLogger</class>
  <method>startKeyword</method>
  <thread>1</thread>
  <message>Start action : response = sendRequest(findTestObject(\&amp;quot;Ccp_Controller_API/Ccp_Controller_Delete_Request_with_Invalid_Parameters\&amp;quot;))</message>
  <nestedLevel>1</nestedLevel>
  <property name="startLine">16</property>
  <property name="stepIndex">1</property>
</record>
<record>
  <date>2019-06-27T18:27:56</date>
  <millis>1561640276299</millis>
  <sequence>216</sequence>
  <level>INFO</level>
  <class>com.kms.katalon.core.logging.XmlKeywordLogger</class>
  <method>logMessage</method>
  <thread>1</thread>
  <message>HAR: C:\\Users\\khaja.h\\Katalon Studio\\ADDI_Project\\Reports\\Ccp_Controller_API\\20190627_182627\\requests\\main\\7.har</message>
  <nestedLevel>1</nestedLevel>
  <property name="harId">325e9957-52e1-4196-a64c-5ddb682019b8</property>
</record>
<record>
  <date>2019-06-27T18:27:56</date>
  <millis>1561640276304</millis>
  <sequence>217</sequence>
  <level>PASSED</level>
  <class>com.kms.katalon.core.logging.XmlKeywordLogger</class>
  <method>logMessage</method>
  <thread>1</thread>
  <message>Send request successfully</message>
  <nestedLevel>1</nestedLevel>
</record>
<record>
  <date>2019-06-27T18:27:56</date>
  <millis>1561640276305</millis>
  <sequence>218</sequence>
  <level>END</level>
  <class>com.kms.katalon.core.logging.XmlKeywordLogger</class>
  <method>endKeyword</method>
  <thread>1</thread>
  <message>End action : response = sendRequest(findTestObject(\&amp;quot;Ccp_Controller_API/Ccp_Controller_Delete_Request_with_Invalid_Parameters\&amp;quot;))</message>
  <nestedLevel>1</nestedLevel>
</record>
<record>
  <date>2019-06-27T18:27:56</date>
  <millis>1561640276305</millis>
  <sequence>219</sequence>
  <level>START</level>
  <class>com.kms.katalon.core.logging.XmlKeywordLogger</class>
  <method>startKeyword</method>
  <thread>1</thread>
  <message>Start action : verifyResponseStatusCode(response, 400)</message>
  <nestedLevel>1</nestedLevel>
  <property name="startLine">18</property>
  <property name="stepIndex">2</property>
</record>
<record>
  <date>2019-06-27T18:27:56</date>
  <millis>1561640276306</millis>
  <sequence>221</sequence>
  <level>PASSED</level>
  <class>com.kms.katalon.core.logging.XmlKeywordLogger</class>
  <method>logMessage</method>
  <thread>1</thread>
  <message>Verify response status code successfully</message>
  <nestedLevel>1</nestedLevel>
</record>
<record>
  <date>2019-06-27T18:27:56</date>
  <millis>1561640276307</millis>
  <sequence>222</sequence>
  <level>END</level>
  <class>com.kms.katalon.core.logging.XmlKeywordLogger</class>
  <method>endKeyword</method>
  <thread>1</thread>
  <message>End action : verifyResponseStatusCode(response, 400)</message>
  <nestedLevel>1</nestedLevel>
</record>
<record>
  <date>2019-06-27T18:27:56</date>
  <millis>1561640276307</millis>
  <sequence>223</sequence>
  <level>PASSED</level>
  <class>com.kms.katalon.core.logging.XmlKeywordLogger</class>
  <method>logMessage</method>
  <thread>1</thread>
  <message>Test Cases/Ccp_Controller_API/Ccp_Controller_Delete_Request_with_Invalid_Parameters</message>
  <nestedLevel>1</nestedLevel>
</record>
<record>
  <date>2019-06-27T18:27:56</date>
  <millis>1561640276307</millis>
  <sequence>224</sequence>
  <level>END</level>
  <class>com.kms.katalon.core.logging.XmlKeywordLogger</class>
  <method>endTest</method>
  <thread>1</thread>
  <message>End Test Case : Test Cases/Ccp_Controller_API/Ccp_Controller_Delete_Request_with_Invalid_Parameters</message>
  <nestedLevel>0</nestedLevel>
</record>
<record>
  <date>2019-06-27T18:27:56</date>
  <millis>1561640276383</millis>
  <sequence>225</sequence>
  <level>END</level>
  <class>com.kms.katalon.core.logging.XmlKeywordLogger</class>
  <method>endSuite</method>
  <thread>1</thread>
  <message>End Test Suite : Test Suites/Ccp_Controller_API</message>
  <nestedLevel>0</nestedLevel>
</record>
</log>