<?xml version="1.0" encoding="UTF-8" standalone="no"?>
<!DOCTYPE log SYSTEM "logger.dtd">
<log>
<record>
  <date>2019-06-28T09:37:01</date>
  <millis>1561694821364</millis>
  <sequence>0</sequence>
  <level>START</level>
  <class>com.kms.katalon.core.logging.XmlKeywordLogger</class>
  <method>startSuite</method>
  <thread>1</thread>
  <message>Start Test Suite : Test Suites/Ccp_Controller_API</message>
  <nestedLevel>0</nestedLevel>
  <property name="name">Ccp_Controller_API</property>
  <property name="description"></property>
  <property name="id">Test Suites/Ccp_Controller_API</property>
</record>
<record>
  <date>2019-06-28T09:37:01</date>
  <millis>1561694821391</millis>
  <sequence>1</sequence>
  <level>RUN_DATA</level>
  <class>com.kms.katalon.core.logging.XmlKeywordLogger</class>
  <method>logMessage</method>
  <thread>1</thread>
  <message>hostName = khaja.h - LP-5CD7465GP0.HCLT.CORP.HCL.IN</message>
  <nestedLevel>0</nestedLevel>
  <property name="hostName">khaja.h - LP-5CD7465GP0.HCLT.CORP.HCL.IN</property>
</record>
<record>
  <date>2019-06-28T09:37:01</date>
  <millis>1561694821394</millis>
  <sequence>2</sequence>
  <level>RUN_DATA</level>
  <class>com.kms.katalon.core.logging.XmlKeywordLogger</class>
  <method>logMessage</method>
  <thread>1</thread>
  <message>os = Windows 10 64bit</message>
  <nestedLevel>0</nestedLevel>
  <property name="os">Windows 10 64bit</property>
</record>
<record>
  <date>2019-06-28T09:37:01</date>
  <millis>1561694821395</millis>
  <sequence>3</sequence>
  <level>RUN_DATA</level>
  <class>com.kms.katalon.core.logging.XmlKeywordLogger</class>
  <method>logMessage</method>
  <thread>1</thread>
  <message>hostAddress = 172.23.0.1</message>
  <nestedLevel>0</nestedLevel>
  <property name="hostAddress">172.23.0.1</property>
</record>
<record>
  <date>2019-06-28T09:37:01</date>
  <millis>1561694821405</millis>
  <sequence>4</sequence>
  <level>RUN_DATA</level>
  <class>com.kms.katalon.core.logging.XmlKeywordLogger</class>
  <method>logMessage</method>
  <thread>1</thread>
  <message>katalonVersion = 5.10.1.1</message>
  <nestedLevel>0</nestedLevel>
  <property name="katalonVersion">5.10.1.1</property>
</record>
<record>
  <date>2019-06-28T09:37:01</date>
  <millis>1561694821789</millis>
  <sequence>5</sequence>
  <level>START</level>
  <class>com.kms.katalon.core.logging.XmlKeywordLogger</class>
  <method>startTest</method>
  <thread>1</thread>
  <message>Start Test Case : Test Cases/Ccp_Controller_API/Ccp_Controller_Verify_Response_with_valid_Values</message>
  <nestedLevel>1</nestedLevel>
  <property name="name">Test Cases/Ccp_Controller_API/Ccp_Controller_Verify_Response_with_valid_Values</property>
  <property name="description"></property>
  <property name="id">Test Cases/Ccp_Controller_API/Ccp_Controller_Verify_Response_with_valid_Values</property>
  <property name="source">C:\\Users\\khaja.h\\Katalon Studio\\ADDI_Project\\Test Cases\\Ccp_Controller_API\\Ccp_Controller_Verify_Response_with_valid_Values.tc</property>
  <property name="isOptional">false</property>
</record>
<record>
  <date>2019-06-28T09:37:01</date>
  <millis>1561694821844</millis>
  <sequence>7</sequence>
  <level>INFO</level>
  <class>com.kms.katalon.core.logging.XmlKeywordLogger</class>
  <method>logMessage</method>
  <thread>1</thread>
  <message>type = null</message>
  <nestedLevel>1</nestedLevel>
</record>
<record>
  <date>2019-06-28T09:37:01</date>
  <millis>1561694821845</millis>
  <sequence>8</sequence>
  <level>INFO</level>
  <class>com.kms.katalon.core.logging.XmlKeywordLogger</class>
  <method>logMessage</method>
  <thread>1</thread>
  <message>owner = ILP</message>
  <nestedLevel>1</nestedLevel>
</record>
<record>
  <date>2019-06-28T09:37:01</date>
  <millis>1561694821846</millis>
  <sequence>9</sequence>
  <level>INFO</level>
  <class>com.kms.katalon.core.logging.XmlKeywordLogger</class>
  <method>logMessage</method>
  <thread>1</thread>
  <message>application = 00000</message>
  <nestedLevel>1</nestedLevel>
</record>
<record>
  <date>2019-06-28T09:37:01</date>
  <millis>1561694821847</millis>
  <sequence>10</sequence>
  <level>INFO</level>
  <class>com.kms.katalon.core.logging.XmlKeywordLogger</class>
  <method>logMessage</method>
  <thread>1</thread>
  <message>ccpid = 10018</message>
  <nestedLevel>1</nestedLevel>
</record>
<record>
  <date>2019-06-28T09:37:01</date>
  <millis>1561694821850</millis>
  <sequence>11</sequence>
  <level>INFO</level>
  <class>com.kms.katalon.core.logging.XmlKeywordLogger</class>
  <method>logMessage</method>
  <thread>1</thread>
  <message>description = BELOW MARKET RATE SET TO ZERO</message>
  <nestedLevel>1</nestedLevel>
</record>
<record>
  <date>2019-06-28T09:37:01</date>
  <millis>1561694821856</millis>
  <sequence>12</sequence>
  <level>INFO</level>
  <class>com.kms.katalon.core.logging.XmlKeywordLogger</class>
  <method>logMessage</method>
  <thread>1</thread>
  <message>messageCategory = </message>
  <nestedLevel>1</nestedLevel>
</record>
<record>
  <date>2019-06-28T09:37:02</date>
  <millis>1561694822421</millis>
  <sequence>13</sequence>
  <level>START</level>
  <class>com.kms.katalon.core.logging.XmlKeywordLogger</class>
  <method>startKeyword</method>
  <thread>1</thread>
  <message>Start action : response = sendRequest(findTestObject(\&amp;quot;Ccp_Controller_API/Ccp_Controller_Verify_Response_with_valid_Values\&amp;quot;))</message>
  <nestedLevel>1</nestedLevel>
  <property name="startLine">16</property>
  <property name="stepIndex">1</property>
</record>
<record>
  <date>2019-06-28T09:37:06</date>
  <millis>1561694826256</millis>
  <sequence>17</sequence>
  <level>INFO</level>
  <class>com.kms.katalon.core.logging.XmlKeywordLogger</class>
  <method>logMessage</method>
  <thread>1</thread>
  <message>HAR: C:\\Users\\khaja.h\\Katalon Studio\\ADDI_Project\\Reports\\Ccp_Controller_API\\20190628_093541\\requests\\main\\0.har</message>
  <nestedLevel>1</nestedLevel>
  <property name="harId">cbb54c11-071b-41cb-8386-5b832945acad</property>
</record>
<record>
  <date>2019-06-28T09:37:06</date>
  <millis>1561694826701</millis>
  <sequence>18</sequence>
  <level>PASSED</level>
  <class>com.kms.katalon.core.logging.XmlKeywordLogger</class>
  <method>logMessage</method>
  <thread>1</thread>
  <message>Send request successfully</message>
  <nestedLevel>1</nestedLevel>
</record>
<record>
  <date>2019-06-28T09:37:06</date>
  <millis>1561694826705</millis>
  <sequence>19</sequence>
  <level>END</level>
  <class>com.kms.katalon.core.logging.XmlKeywordLogger</class>
  <method>endKeyword</method>
  <thread>1</thread>
  <message>End action : response = sendRequest(findTestObject(\&amp;quot;Ccp_Controller_API/Ccp_Controller_Verify_Response_with_valid_Values\&amp;quot;))</message>
  <nestedLevel>1</nestedLevel>
</record>
<record>
  <date>2019-06-28T09:37:06</date>
  <millis>1561694826706</millis>
  <sequence>20</sequence>
  <level>START</level>
  <class>com.kms.katalon.core.logging.XmlKeywordLogger</class>
  <method>startKeyword</method>
  <thread>1</thread>
  <message>Start action : verifyResponseStatusCode(response, 200)</message>
  <nestedLevel>1</nestedLevel>
  <property name="startLine">18</property>
  <property name="stepIndex">2</property>
</record>
<record>
  <date>2019-06-28T09:37:06</date>
  <millis>1561694826766</millis>
  <sequence>22</sequence>
  <level>PASSED</level>
  <class>com.kms.katalon.core.logging.XmlKeywordLogger</class>
  <method>logMessage</method>
  <thread>1</thread>
  <message>Verify response status code successfully</message>
  <nestedLevel>1</nestedLevel>
</record>
<record>
  <date>2019-06-28T09:37:06</date>
  <millis>1561694826768</millis>
  <sequence>23</sequence>
  <level>END</level>
  <class>com.kms.katalon.core.logging.XmlKeywordLogger</class>
  <method>endKeyword</method>
  <thread>1</thread>
  <message>End action : verifyResponseStatusCode(response, 200)</message>
  <nestedLevel>1</nestedLevel>
</record>
<record>
  <date>2019-06-28T09:37:06</date>
  <millis>1561694826770</millis>
  <sequence>24</sequence>
  <level>START</level>
  <class>com.kms.katalon.core.logging.XmlKeywordLogger</class>
  <method>startKeyword</method>
  <thread>1</thread>
  <message>Start action : verifyElementPropertyValue(response, \&amp;quot;[0].type\&amp;quot;, type)</message>
  <nestedLevel>1</nestedLevel>
  <property name="startLine">20</property>
  <property name="stepIndex">3</property>
</record>
<record>
  <date>2019-06-28T09:37:06</date>
  <millis>1561694826999</millis>
  <sequence>26</sequence>
  <level>PASSED</level>
  <class>com.kms.katalon.core.logging.XmlKeywordLogger</class>
  <method>logMessage</method>
  <thread>1</thread>
  <message>Verify element property value successfully</message>
  <nestedLevel>1</nestedLevel>
</record>
<record>
  <date>2019-06-28T09:37:07</date>
  <millis>1561694827006</millis>
  <sequence>27</sequence>
  <level>END</level>
  <class>com.kms.katalon.core.logging.XmlKeywordLogger</class>
  <method>endKeyword</method>
  <thread>1</thread>
  <message>End action : verifyElementPropertyValue(response, \&amp;quot;[0].type\&amp;quot;, type)</message>
  <nestedLevel>1</nestedLevel>
</record>
<record>
  <date>2019-06-28T09:37:07</date>
  <millis>1561694827007</millis>
  <sequence>28</sequence>
  <level>START</level>
  <class>com.kms.katalon.core.logging.XmlKeywordLogger</class>
  <method>startKeyword</method>
  <thread>1</thread>
  <message>Start action : verifyElementPropertyValue(response, \&amp;quot;[0].owner\&amp;quot;, owner)</message>
  <nestedLevel>1</nestedLevel>
  <property name="startLine">22</property>
  <property name="stepIndex">4</property>
</record>
<record>
  <date>2019-06-28T09:37:07</date>
  <millis>1561694827042</millis>
  <sequence>30</sequence>
  <level>PASSED</level>
  <class>com.kms.katalon.core.logging.XmlKeywordLogger</class>
  <method>logMessage</method>
  <thread>1</thread>
  <message>Verify element property value successfully</message>
  <nestedLevel>1</nestedLevel>
</record>
<record>
  <date>2019-06-28T09:37:07</date>
  <millis>1561694827046</millis>
  <sequence>31</sequence>
  <level>END</level>
  <class>com.kms.katalon.core.logging.XmlKeywordLogger</class>
  <method>endKeyword</method>
  <thread>1</thread>
  <message>End action : verifyElementPropertyValue(response, \&amp;quot;[0].owner\&amp;quot;, owner)</message>
  <nestedLevel>1</nestedLevel>
</record>
<record>
  <date>2019-06-28T09:37:07</date>
  <millis>1561694827046</millis>
  <sequence>32</sequence>
  <level>START</level>
  <class>com.kms.katalon.core.logging.XmlKeywordLogger</class>
  <method>startKeyword</method>
  <thread>1</thread>
  <message>Start action : verifyElementPropertyValue(response, \&amp;quot;[0].application\&amp;quot;, application)</message>
  <nestedLevel>1</nestedLevel>
  <property name="startLine">24</property>
  <property name="stepIndex">5</property>
</record>
<record>
  <date>2019-06-28T09:37:07</date>
  <millis>1561694827087</millis>
  <sequence>34</sequence>
  <level>PASSED</level>
  <class>com.kms.katalon.core.logging.XmlKeywordLogger</class>
  <method>logMessage</method>
  <thread>1</thread>
  <message>Verify element property value successfully</message>
  <nestedLevel>1</nestedLevel>
</record>
<record>
  <date>2019-06-28T09:37:07</date>
  <millis>1561694827088</millis>
  <sequence>35</sequence>
  <level>END</level>
  <class>com.kms.katalon.core.logging.XmlKeywordLogger</class>
  <method>endKeyword</method>
  <thread>1</thread>
  <message>End action : verifyElementPropertyValue(response, \&amp;quot;[0].application\&amp;quot;, application)</message>
  <nestedLevel>1</nestedLevel>
</record>
<record>
  <date>2019-06-28T09:37:07</date>
  <millis>1561694827089</millis>
  <sequence>36</sequence>
  <level>START</level>
  <class>com.kms.katalon.core.logging.XmlKeywordLogger</class>
  <method>startKeyword</method>
  <thread>1</thread>
  <message>Start action : verifyElementPropertyValue(response, \&amp;quot;[0].ccpid\&amp;quot;, ccpid)</message>
  <nestedLevel>1</nestedLevel>
  <property name="startLine">26</property>
  <property name="stepIndex">6</property>
</record>
<record>
  <date>2019-06-28T09:37:07</date>
  <millis>1561694827136</millis>
  <sequence>38</sequence>
  <level>PASSED</level>
  <class>com.kms.katalon.core.logging.XmlKeywordLogger</class>
  <method>logMessage</method>
  <thread>1</thread>
  <message>Verify element property value successfully</message>
  <nestedLevel>1</nestedLevel>
</record>
<record>
  <date>2019-06-28T09:37:07</date>
  <millis>1561694827137</millis>
  <sequence>39</sequence>
  <level>END</level>
  <class>com.kms.katalon.core.logging.XmlKeywordLogger</class>
  <method>endKeyword</method>
  <thread>1</thread>
  <message>End action : verifyElementPropertyValue(response, \&amp;quot;[0].ccpid\&amp;quot;, ccpid)</message>
  <nestedLevel>1</nestedLevel>
</record>
<record>
  <date>2019-06-28T09:37:07</date>
  <millis>1561694827139</millis>
  <sequence>40</sequence>
  <level>START</level>
  <class>com.kms.katalon.core.logging.XmlKeywordLogger</class>
  <method>startKeyword</method>
  <thread>1</thread>
  <message>Start action : verifyElementPropertyValue(response, \&amp;quot;[0].description\&amp;quot;, description)</message>
  <nestedLevel>1</nestedLevel>
  <property name="startLine">28</property>
  <property name="stepIndex">7</property>
</record>
<record>
  <date>2019-06-28T09:37:07</date>
  <millis>1561694827191</millis>
  <sequence>42</sequence>
  <level>PASSED</level>
  <class>com.kms.katalon.core.logging.XmlKeywordLogger</class>
  <method>logMessage</method>
  <thread>1</thread>
  <message>Verify element property value successfully</message>
  <nestedLevel>1</nestedLevel>
</record>
<record>
  <date>2019-06-28T09:37:07</date>
  <millis>1561694827194</millis>
  <sequence>43</sequence>
  <level>END</level>
  <class>com.kms.katalon.core.logging.XmlKeywordLogger</class>
  <method>endKeyword</method>
  <thread>1</thread>
  <message>End action : verifyElementPropertyValue(response, \&amp;quot;[0].description\&amp;quot;, description)</message>
  <nestedLevel>1</nestedLevel>
</record>
<record>
  <date>2019-06-28T09:37:07</date>
  <millis>1561694827195</millis>
  <sequence>44</sequence>
  <level>START</level>
  <class>com.kms.katalon.core.logging.XmlKeywordLogger</class>
  <method>startKeyword</method>
  <thread>1</thread>
  <message>Start action : verifyElementPropertyValue(response, \&amp;quot;[0].messageCategory\&amp;quot;, messageCategory)</message>
  <nestedLevel>1</nestedLevel>
  <property name="startLine">30</property>
  <property name="stepIndex">8</property>
</record>
<record>
  <date>2019-06-28T09:37:07</date>
  <millis>1561694827237</millis>
  <sequence>46</sequence>
  <level>PASSED</level>
  <class>com.kms.katalon.core.logging.XmlKeywordLogger</class>
  <method>logMessage</method>
  <thread>1</thread>
  <message>Verify element property value successfully</message>
  <nestedLevel>1</nestedLevel>
</record>
<record>
  <date>2019-06-28T09:37:07</date>
  <millis>1561694827239</millis>
  <sequence>47</sequence>
  <level>END</level>
  <class>com.kms.katalon.core.logging.XmlKeywordLogger</class>
  <method>endKeyword</method>
  <thread>1</thread>
  <message>End action : verifyElementPropertyValue(response, \&amp;quot;[0].messageCategory\&amp;quot;, messageCategory)</message>
  <nestedLevel>1</nestedLevel>
</record>
<record>
  <date>2019-06-28T09:37:07</date>
  <millis>1561694827240</millis>
  <sequence>48</sequence>
  <level>PASSED</level>
  <class>com.kms.katalon.core.logging.XmlKeywordLogger</class>
  <method>logMessage</method>
  <thread>1</thread>
  <message>Test Cases/Ccp_Controller_API/Ccp_Controller_Verify_Response_with_valid_Values</message>
  <nestedLevel>1</nestedLevel>
</record>
<record>
  <date>2019-06-28T09:37:07</date>
  <millis>1561694827241</millis>
  <sequence>49</sequence>
  <level>END</level>
  <class>com.kms.katalon.core.logging.XmlKeywordLogger</class>
  <method>endTest</method>
  <thread>1</thread>
  <message>End Test Case : Test Cases/Ccp_Controller_API/Ccp_Controller_Verify_Response_with_valid_Values</message>
  <nestedLevel>0</nestedLevel>
</record>
<record>
  <date>2019-06-28T09:37:07</date>
  <millis>1561694827314</millis>
  <sequence>50</sequence>
  <level>START</level>
  <class>com.kms.katalon.core.logging.XmlKeywordLogger</class>
  <method>startTest</method>
  <thread>1</thread>
  <message>Start Test Case : Test Cases/Ccp_Controller_API/Ccp_Controller_Verify_Response_with_Empty_Values</message>
  <nestedLevel>1</nestedLevel>
  <property name="name">Test Cases/Ccp_Controller_API/Ccp_Controller_Verify_Response_with_Empty_Values</property>
  <property name="description"></property>
  <property name="id">Test Cases/Ccp_Controller_API/Ccp_Controller_Verify_Response_with_Empty_Values</property>
  <property name="source">C:\\Users\\khaja.h\\Katalon Studio\\ADDI_Project\\Test Cases\\Ccp_Controller_API\\Ccp_Controller_Verify_Response_with_Empty_Values.tc</property>
  <property name="isOptional">false</property>
</record>
<record>
  <date>2019-06-28T09:37:07</date>
  <millis>1561694827399</millis>
  <sequence>52</sequence>
  <level>INFO</level>
  <class>com.kms.katalon.core.logging.XmlKeywordLogger</class>
  <method>logMessage</method>
  <thread>1</thread>
  <message>type = </message>
  <nestedLevel>1</nestedLevel>
</record>
<record>
  <date>2019-06-28T09:37:07</date>
  <millis>1561694827404</millis>
  <sequence>53</sequence>
  <level>INFO</level>
  <class>com.kms.katalon.core.logging.XmlKeywordLogger</class>
  <method>logMessage</method>
  <thread>1</thread>
  <message>owner = </message>
  <nestedLevel>1</nestedLevel>
</record>
<record>
  <date>2019-06-28T09:37:07</date>
  <millis>1561694827435</millis>
  <sequence>54</sequence>
  <level>INFO</level>
  <class>com.kms.katalon.core.logging.XmlKeywordLogger</class>
  <method>logMessage</method>
  <thread>1</thread>
  <message>application = </message>
  <nestedLevel>1</nestedLevel>
</record>
<record>
  <date>2019-06-28T09:37:07</date>
  <millis>1561694827441</millis>
  <sequence>55</sequence>
  <level>INFO</level>
  <class>com.kms.katalon.core.logging.XmlKeywordLogger</class>
  <method>logMessage</method>
  <thread>1</thread>
  <message>ccpid = </message>
  <nestedLevel>1</nestedLevel>
</record>
<record>
  <date>2019-06-28T09:37:07</date>
  <millis>1561694827453</millis>
  <sequence>56</sequence>
  <level>INFO</level>
  <class>com.kms.katalon.core.logging.XmlKeywordLogger</class>
  <method>logMessage</method>
  <thread>1</thread>
  <message>description = </message>
  <nestedLevel>1</nestedLevel>
</record>
<record>
  <date>2019-06-28T09:37:07</date>
  <millis>1561694827456</millis>
  <sequence>57</sequence>
  <level>INFO</level>
  <class>com.kms.katalon.core.logging.XmlKeywordLogger</class>
  <method>logMessage</method>
  <thread>1</thread>
  <message>messageCategory = gtfv</message>
  <nestedLevel>1</nestedLevel>
</record>
<record>
  <date>2019-06-28T09:37:08</date>
  <millis>1561694828094</millis>
  <sequence>58</sequence>
  <level>START</level>
  <class>com.kms.katalon.core.logging.XmlKeywordLogger</class>
  <method>startKeyword</method>
  <thread>1</thread>
  <message>Start action : response = sendRequest(findTestObject(\&amp;quot;Ccp_Controller_API/Ccp_Controller_Verify_Response_with_Empty_Values\&amp;quot;))</message>
  <nestedLevel>1</nestedLevel>
  <property name="startLine">16</property>
  <property name="stepIndex">1</property>
</record>
<record>
  <date>2019-06-28T09:37:08</date>
  <millis>1561694828347</millis>
  <sequence>62</sequence>
  <level>INFO</level>
  <class>com.kms.katalon.core.logging.XmlKeywordLogger</class>
  <method>logMessage</method>
  <thread>1</thread>
  <message>HAR: C:\\Users\\khaja.h\\Katalon Studio\\ADDI_Project\\Reports\\Ccp_Controller_API\\20190628_093541\\requests\\main\\1.har</message>
  <nestedLevel>1</nestedLevel>
  <property name="harId">46b95b6d-c8ae-499d-be9d-fcb4097311f3</property>
</record>
<record>
  <date>2019-06-28T09:37:08</date>
  <millis>1561694828356</millis>
  <sequence>63</sequence>
  <level>PASSED</level>
  <class>com.kms.katalon.core.logging.XmlKeywordLogger</class>
  <method>logMessage</method>
  <thread>1</thread>
  <message>Send request successfully</message>
  <nestedLevel>1</nestedLevel>
</record>
<record>
  <date>2019-06-28T09:37:08</date>
  <millis>1561694828357</millis>
  <sequence>64</sequence>
  <level>END</level>
  <class>com.kms.katalon.core.logging.XmlKeywordLogger</class>
  <method>endKeyword</method>
  <thread>1</thread>
  <message>End action : response = sendRequest(findTestObject(\&amp;quot;Ccp_Controller_API/Ccp_Controller_Verify_Response_with_Empty_Values\&amp;quot;))</message>
  <nestedLevel>1</nestedLevel>
</record>
<record>
  <date>2019-06-28T09:37:08</date>
  <millis>1561694828358</millis>
  <sequence>65</sequence>
  <level>START</level>
  <class>com.kms.katalon.core.logging.XmlKeywordLogger</class>
  <method>startKeyword</method>
  <thread>1</thread>
  <message>Start action : verifyResponseStatusCode(response, 200)</message>
  <nestedLevel>1</nestedLevel>
  <property name="startLine">18</property>
  <property name="stepIndex">2</property>
</record>
<record>
  <date>2019-06-28T09:37:08</date>
  <millis>1561694828359</millis>
  <sequence>67</sequence>
  <level>PASSED</level>
  <class>com.kms.katalon.core.logging.XmlKeywordLogger</class>
  <method>logMessage</method>
  <thread>1</thread>
  <message>Verify response status code successfully</message>
  <nestedLevel>1</nestedLevel>
</record>
<record>
  <date>2019-06-28T09:37:08</date>
  <millis>1561694828360</millis>
  <sequence>68</sequence>
  <level>END</level>
  <class>com.kms.katalon.core.logging.XmlKeywordLogger</class>
  <method>endKeyword</method>
  <thread>1</thread>
  <message>End action : verifyResponseStatusCode(response, 200)</message>
  <nestedLevel>1</nestedLevel>
</record>
<record>
  <date>2019-06-28T09:37:08</date>
  <millis>1561694828361</millis>
  <sequence>69</sequence>
  <level>START</level>
  <class>com.kms.katalon.core.logging.XmlKeywordLogger</class>
  <method>startKeyword</method>
  <thread>1</thread>
  <message>Start action : verifyElementPropertyValue(response, \&amp;quot;[0].type\&amp;quot;, type)</message>
  <nestedLevel>1</nestedLevel>
  <property name="startLine">20</property>
  <property name="stepIndex">3</property>
</record>
<record>
  <date>2019-06-28T09:37:08</date>
  <millis>1561694828406</millis>
  <sequence>71</sequence>
  <level>FAILED</level>
  <class>com.kms.katalon.core.logging.XmlKeywordLogger</class>
  <method>logMessage</method>
  <thread>1</thread>
  <message>Expected element property value &amp;apos;&amp;apos; is not equal with actual property value &amp;apos;null&amp;apos;</message>
  <nestedLevel>1</nestedLevel>
</record>
<record>
  <date>2019-06-28T09:37:08</date>
  <millis>1561694828408</millis>
  <sequence>72</sequence>
  <level>END</level>
  <class>com.kms.katalon.core.logging.XmlKeywordLogger</class>
  <method>endKeyword</method>
  <thread>1</thread>
  <message>End action : verifyElementPropertyValue(response, \&amp;quot;[0].type\&amp;quot;, type)</message>
  <nestedLevel>1</nestedLevel>
</record>
<record>
  <date>2019-06-28T09:37:08</date>
  <millis>1561694828408</millis>
  <sequence>73</sequence>
  <level>START</level>
  <class>com.kms.katalon.core.logging.XmlKeywordLogger</class>
  <method>startKeyword</method>
  <thread>1</thread>
  <message>Start action : verifyElementPropertyValue(response, \&amp;quot;[0].owner\&amp;quot;, owner)</message>
  <nestedLevel>1</nestedLevel>
  <property name="startLine">22</property>
  <property name="stepIndex">4</property>
</record>
<record>
  <date>2019-06-28T09:37:08</date>
  <millis>1561694828444</millis>
  <sequence>75</sequence>
  <level>FAILED</level>
  <class>com.kms.katalon.core.logging.XmlKeywordLogger</class>
  <method>logMessage</method>
  <thread>1</thread>
  <message>Expected element property value &amp;apos;&amp;apos; is not equal with actual property value &amp;apos;ILP&amp;apos;</message>
  <nestedLevel>1</nestedLevel>
</record>
<record>
  <date>2019-06-28T09:37:08</date>
  <millis>1561694828446</millis>
  <sequence>76</sequence>
  <level>END</level>
  <class>com.kms.katalon.core.logging.XmlKeywordLogger</class>
  <method>endKeyword</method>
  <thread>1</thread>
  <message>End action : verifyElementPropertyValue(response, \&amp;quot;[0].owner\&amp;quot;, owner)</message>
  <nestedLevel>1</nestedLevel>
</record>
<record>
  <date>2019-06-28T09:37:08</date>
  <millis>1561694828447</millis>
  <sequence>77</sequence>
  <level>START</level>
  <class>com.kms.katalon.core.logging.XmlKeywordLogger</class>
  <method>startKeyword</method>
  <thread>1</thread>
  <message>Start action : verifyElementPropertyValue(response, \&amp;quot;[0].application\&amp;quot;, application)</message>
  <nestedLevel>1</nestedLevel>
  <property name="startLine">24</property>
  <property name="stepIndex">5</property>
</record>
<record>
  <date>2019-06-28T09:37:08</date>
  <millis>1561694828492</millis>
  <sequence>79</sequence>
  <level>FAILED</level>
  <class>com.kms.katalon.core.logging.XmlKeywordLogger</class>
  <method>logMessage</method>
  <thread>1</thread>
  <message>Expected element property value &amp;apos;&amp;apos; is not equal with actual property value &amp;apos;00000&amp;apos;</message>
  <nestedLevel>1</nestedLevel>
</record>
<record>
  <date>2019-06-28T09:37:08</date>
  <millis>1561694828494</millis>
  <sequence>80</sequence>
  <level>END</level>
  <class>com.kms.katalon.core.logging.XmlKeywordLogger</class>
  <method>endKeyword</method>
  <thread>1</thread>
  <message>End action : verifyElementPropertyValue(response, \&amp;quot;[0].application\&amp;quot;, application)</message>
  <nestedLevel>1</nestedLevel>
</record>
<record>
  <date>2019-06-28T09:37:08</date>
  <millis>1561694828495</millis>
  <sequence>81</sequence>
  <level>START</level>
  <class>com.kms.katalon.core.logging.XmlKeywordLogger</class>
  <method>startKeyword</method>
  <thread>1</thread>
  <message>Start action : verifyElementPropertyValue(response, \&amp;quot;[0].ccpid\&amp;quot;, ccpid)</message>
  <nestedLevel>1</nestedLevel>
  <property name="startLine">26</property>
  <property name="stepIndex">6</property>
</record>
<record>
  <date>2019-06-28T09:37:08</date>
  <millis>1561694828530</millis>
  <sequence>83</sequence>
  <level>FAILED</level>
  <class>com.kms.katalon.core.logging.XmlKeywordLogger</class>
  <method>logMessage</method>
  <thread>1</thread>
  <message>Expected element property value &amp;apos;&amp;apos; is not equal with actual property value &amp;apos;10018&amp;apos;</message>
  <nestedLevel>1</nestedLevel>
</record>
<record>
  <date>2019-06-28T09:37:08</date>
  <millis>1561694828532</millis>
  <sequence>84</sequence>
  <level>END</level>
  <class>com.kms.katalon.core.logging.XmlKeywordLogger</class>
  <method>endKeyword</method>
  <thread>1</thread>
  <message>End action : verifyElementPropertyValue(response, \&amp;quot;[0].ccpid\&amp;quot;, ccpid)</message>
  <nestedLevel>1</nestedLevel>
</record>
<record>
  <date>2019-06-28T09:37:08</date>
  <millis>1561694828534</millis>
  <sequence>85</sequence>
  <level>START</level>
  <class>com.kms.katalon.core.logging.XmlKeywordLogger</class>
  <method>startKeyword</method>
  <thread>1</thread>
  <message>Start action : verifyElementPropertyValue(response, \&amp;quot;[0].description\&amp;quot;, description)</message>
  <nestedLevel>1</nestedLevel>
  <property name="startLine">28</property>
  <property name="stepIndex">7</property>
</record>
<record>
  <date>2019-06-28T09:37:08</date>
  <millis>1561694828588</millis>
  <sequence>87</sequence>
  <level>FAILED</level>
  <class>com.kms.katalon.core.logging.XmlKeywordLogger</class>
  <method>logMessage</method>
  <thread>1</thread>
  <message>Expected element property value &amp;apos;&amp;apos; is not equal with actual property value &amp;apos;BELOW MARKET RATE SET TO ZERO&amp;apos;</message>
  <nestedLevel>1</nestedLevel>
</record>
<record>
  <date>2019-06-28T09:37:08</date>
  <millis>1561694828600</millis>
  <sequence>88</sequence>
  <level>END</level>
  <class>com.kms.katalon.core.logging.XmlKeywordLogger</class>
  <method>endKeyword</method>
  <thread>1</thread>
  <message>End action : verifyElementPropertyValue(response, \&amp;quot;[0].description\&amp;quot;, description)</message>
  <nestedLevel>1</nestedLevel>
</record>
<record>
  <date>2019-06-28T09:37:08</date>
  <millis>1561694828600</millis>
  <sequence>89</sequence>
  <level>START</level>
  <class>com.kms.katalon.core.logging.XmlKeywordLogger</class>
  <method>startKeyword</method>
  <thread>1</thread>
  <message>Start action : verifyElementPropertyValue(response, \&amp;quot;[0].messageCategory\&amp;quot;, messageCategory)</message>
  <nestedLevel>1</nestedLevel>
  <property name="startLine">30</property>
  <property name="stepIndex">8</property>
</record>
<record>
  <date>2019-06-28T09:37:08</date>
  <millis>1561694828636</millis>
  <sequence>91</sequence>
  <level>FAILED</level>
  <class>com.kms.katalon.core.logging.XmlKeywordLogger</class>
  <method>logMessage</method>
  <thread>1</thread>
  <message>Expected element property value &amp;apos;gtfv&amp;apos; is not equal with actual property value &amp;apos;&amp;apos;</message>
  <nestedLevel>1</nestedLevel>
</record>
<record>
  <date>2019-06-28T09:37:08</date>
  <millis>1561694828648</millis>
  <sequence>93</sequence>
  <logger>com.kms.katalon.core.logging.XmlKeywordLogger</logger>
  <level>FAILED</level>
  <class>com.kms.katalon.core.logging.XmlKeywordLogger</class>
  <method>logMessage</method>
  <thread>1</thread>
  <message>verifyElementPropertyValue(response, \&amp;quot;[0].messageCategory\&amp;quot;, messageCategory) FAILED.\nReason:\ncom.kms.katalon.core.exception.StepFailedException: Expected element property value &amp;apos;&amp;apos; is not equal with actual property value &amp;apos;null&amp;apos;\r\n\tat com.kms.katalon.core.keyword.internal.KeywordMain.stepFailed(KeywordMain.groovy:32)\r\n\tat com.kms.katalon.core.webservice.keyword.builtin.VerifyElementPropertyValueKeyword$_verifyElementPropertyValue_closure1.doCall(VerifyElementPropertyValueKeyword.groovy:56)\r\n\tat com.kms.katalon.core.webservice.keyword.builtin.VerifyElementPropertyValueKeyword$_verifyElementPropertyValue_closure1.call(VerifyElementPropertyValueKeyword.groovy)\r\n\tat com.kms.katalon.core.keyword.internal.KeywordMain.runKeyword(KeywordMain.groovy:54)\r\n\tat com.kms.katalon.core.webservice.keyword.builtin.VerifyElementPropertyValueKeyword.verifyElementPropertyValue(VerifyElementPropertyValueKeyword.groovy:48)\r\n\tat com.kms.katalon.core.webservice.keyword.builtin.VerifyElementPropertyValueKeyword.execute(VerifyElementPropertyValueKeyword.groovy:43)\r\n\tat com.kms.katalon.core.keyword.internal.KeywordExecutor.executeKeywordForPlatform(KeywordExecutor.groovy:53)\r\n\tat com.kms.katalon.core.webservice.keyword.WSBuiltInKeywords.verifyElementPropertyValue(WSBuiltInKeywords.groovy:123)\r\n\tat com.kms.katalon.core.webservice.keyword.WSBuiltInKeywords$verifyElementPropertyValue$1.call(Unknown Source)\r\n\tat Ccp_Controller_Verify_Response_with_Empty_Values.run(Ccp_Controller_Verify_Response_with_Empty_Values:20)\r\n\tat com.kms.katalon.core.main.ScriptEngine.run(ScriptEngine.java:194)\r\n\tat com.kms.katalon.core.main.ScriptEngine.runScriptAsRawText(ScriptEngine.java:119)\r\n\tat com.kms.katalon.core.main.TestCaseExecutor.runScript(TestCaseExecutor.java:328)\r\n\tat com.kms.katalon.core.main.TestCaseExecutor.doExecute(TestCaseExecutor.java:319)\r\n\tat com.kms.katalon.core.main.TestCaseExecutor.processExecutionPhase(TestCaseExecutor.java:298)\r\n\tat com.kms.katalon.core.main.TestCaseExecutor.accessMainPhase(TestCaseExecutor.java:290)\r\n\tat com.kms.katalon.core.main.TestCaseExecutor.execute(TestCaseExecutor.java:224)\r\n\tat com.kms.katalon.core.main.TestSuiteExecutor.accessTestCaseMainPhase(TestSuiteExecutor.java:129)\r\n\tat com.kms.katalon.core.main.TestSuiteExecutor.accessTestSuiteMainPhase(TestSuiteExecutor.java:112)\r\n\tat com.kms.katalon.core.main.TestSuiteExecutor.execute(TestSuiteExecutor.java:81)\r\n\tat com.kms.katalon.core.main.TestCaseMain.startTestSuite(TestCaseMain.java:149)\r\n\tat com.kms.katalon.core.main.TestCaseMain$startTestSuite$0.call(Unknown Source)\r\n\tat TempTestSuite1561694746499.run(TempTestSuite1561694746499.groovy:36)\r\n</message>
  <exception>
    <message>com.kms.katalon.core.exception.StepFailedException: Expected element property value '' is not equal with actual property value 'null'</message>
    <frame>
      <class>com.kms.katalon.core.keyword.internal.KeywordMain</class>
      <method>stepFailed</method>
      <line>32</line>
    </frame>
    <frame>
      <class>com.kms.katalon.core.webservice.keyword.builtin.VerifyElementPropertyValueKeyword$_verifyElementPropertyValue_closure1</class>
      <method>doCall</method>
      <line>56</line>
    </frame>
    <frame>
      <class>com.kms.katalon.core.webservice.keyword.builtin.VerifyElementPropertyValueKeyword$_verifyElementPropertyValue_closure1</class>
      <method>call</method>
    </frame>
    <frame>
      <class>com.kms.katalon.core.keyword.internal.KeywordMain</class>
      <method>runKeyword</method>
      <line>54</line>
    </frame>
    <frame>
      <class>com.kms.katalon.core.webservice.keyword.builtin.VerifyElementPropertyValueKeyword</class>
      <method>verifyElementPropertyValue</method>
      <line>48</line>
    </frame>
    <frame>
      <class>com.kms.katalon.core.webservice.keyword.builtin.VerifyElementPropertyValueKeyword</class>
      <method>execute</method>
      <line>43</line>
    </frame>
    <frame>
      <class>com.kms.katalon.core.keyword.internal.KeywordExecutor</class>
      <method>executeKeywordForPlatform</method>
      <line>53</line>
    </frame>
    <frame>
      <class>com.kms.katalon.core.webservice.keyword.WSBuiltInKeywords</class>
      <method>verifyElementPropertyValue</method>
      <line>123</line>
    </frame>
    <frame>
      <class>com.kms.katalon.core.webservice.keyword.WSBuiltInKeywords$verifyElementPropertyValue$1</class>
      <method>call</method>
    </frame>
    <frame>
      <class>Ccp_Controller_Verify_Response_with_Empty_Values</class>
      <method>run</method>
      <line>20</line>
    </frame>
    <frame>
      <class>com.kms.katalon.core.main.ScriptEngine</class>
      <method>run</method>
      <line>194</line>
    </frame>
    <frame>
      <class>com.kms.katalon.core.main.ScriptEngine</class>
      <method>runScriptAsRawText</method>
      <line>119</line>
    </frame>
    <frame>
      <class>com.kms.katalon.core.main.TestCaseExecutor</class>
      <method>runScript</method>
      <line>328</line>
    </frame>
    <frame>
      <class>com.kms.katalon.core.main.TestCaseExecutor</class>
      <method>doExecute</method>
      <line>319</line>
    </frame>
    <frame>
      <class>com.kms.katalon.core.main.TestCaseExecutor</class>
      <method>processExecutionPhase</method>
      <line>298</line>
    </frame>
    <frame>
      <class>com.kms.katalon.core.main.TestCaseExecutor</class>
      <method>accessMainPhase</method>
      <line>290</line>
    </frame>
    <frame>
      <class>com.kms.katalon.core.main.TestCaseExecutor</class>
      <method>execute</method>
      <line>224</line>
    </frame>
    <frame>
      <class>com.kms.katalon.core.main.TestSuiteExecutor</class>
      <method>accessTestCaseMainPhase</method>
      <line>129</line>
    </frame>
    <frame>
      <class>com.kms.katalon.core.main.TestSuiteExecutor</class>
      <method>accessTestSuiteMainPhase</method>
      <line>112</line>
    </frame>
    <frame>
      <class>com.kms.katalon.core.main.TestSuiteExecutor</class>
      <method>execute</method>
      <line>81</line>
    </frame>
    <frame>
      <class>com.kms.katalon.core.main.TestCaseMain</class>
      <method>startTestSuite</method>
      <line>149</line>
    </frame>
    <frame>
      <class>com.kms.katalon.core.main.TestCaseMain$startTestSuite$0</class>
      <method>call</method>
    </frame>
    <frame>
      <class>TempTestSuite1561694746499</class>
      <method>run</method>
      <line>36</line>
    </frame>
  </exception>
  <nestedLevel>0</nestedLevel>
</record>
<record>
  <date>2019-06-28T09:37:08</date>
  <millis>1561694828655</millis>
  <sequence>94</sequence>
  <level>END</level>
  <class>com.kms.katalon.core.logging.XmlKeywordLogger</class>
  <method>endKeyword</method>
  <thread>1</thread>
  <message>End action : verifyElementPropertyValue(response, \&amp;quot;[0].messageCategory\&amp;quot;, messageCategory)</message>
  <nestedLevel>1</nestedLevel>
</record>
<record>
  <date>2019-06-28T09:37:08</date>
  <millis>1561694828658</millis>
  <sequence>96</sequence>
  <logger>com.kms.katalon.core.logging.XmlKeywordLogger</logger>
  <level>FAILED</level>
  <class>com.kms.katalon.core.logging.XmlKeywordLogger</class>
  <method>logMessage</method>
  <thread>1</thread>
  <message>Test Cases/Ccp_Controller_API/Ccp_Controller_Verify_Response_with_Empty_Values FAILED.\nReason:\ncom.kms.katalon.core.exception.StepFailedException: Expected element property value &amp;apos;&amp;apos; is not equal with actual property value &amp;apos;null&amp;apos;\r\n\tat com.kms.katalon.core.keyword.internal.KeywordMain.stepFailed(KeywordMain.groovy:32)\r\n\tat com.kms.katalon.core.webservice.keyword.builtin.VerifyElementPropertyValueKeyword$_verifyElementPropertyValue_closure1.doCall(VerifyElementPropertyValueKeyword.groovy:56)\r\n\tat com.kms.katalon.core.webservice.keyword.builtin.VerifyElementPropertyValueKeyword$_verifyElementPropertyValue_closure1.call(VerifyElementPropertyValueKeyword.groovy)\r\n\tat com.kms.katalon.core.keyword.internal.KeywordMain.runKeyword(KeywordMain.groovy:54)\r\n\tat com.kms.katalon.core.webservice.keyword.builtin.VerifyElementPropertyValueKeyword.verifyElementPropertyValue(VerifyElementPropertyValueKeyword.groovy:48)\r\n\tat com.kms.katalon.core.webservice.keyword.builtin.VerifyElementPropertyValueKeyword.execute(VerifyElementPropertyValueKeyword.groovy:43)\r\n\tat com.kms.katalon.core.keyword.internal.KeywordExecutor.executeKeywordForPlatform(KeywordExecutor.groovy:53)\r\n\tat com.kms.katalon.core.webservice.keyword.WSBuiltInKeywords.verifyElementPropertyValue(WSBuiltInKeywords.groovy:123)\r\n\tat com.kms.katalon.core.webservice.keyword.WSBuiltInKeywords$verifyElementPropertyValue$1.call(Unknown Source)\r\n\tat Ccp_Controller_Verify_Response_with_Empty_Values.run(Ccp_Controller_Verify_Response_with_Empty_Values:20)\r\n\tat com.kms.katalon.core.main.ScriptEngine.run(ScriptEngine.java:194)\r\n\tat com.kms.katalon.core.main.ScriptEngine.runScriptAsRawText(ScriptEngine.java:119)\r\n\tat com.kms.katalon.core.main.TestCaseExecutor.runScript(TestCaseExecutor.java:328)\r\n\tat com.kms.katalon.core.main.TestCaseExecutor.doExecute(TestCaseExecutor.java:319)\r\n\tat com.kms.katalon.core.main.TestCaseExecutor.processExecutionPhase(TestCaseExecutor.java:298)\r\n\tat com.kms.katalon.core.main.TestCaseExecutor.accessMainPhase(TestCaseExecutor.java:290)\r\n\tat com.kms.katalon.core.main.TestCaseExecutor.execute(TestCaseExecutor.java:224)\r\n\tat com.kms.katalon.core.main.TestSuiteExecutor.accessTestCaseMainPhase(TestSuiteExecutor.java:129)\r\n\tat com.kms.katalon.core.main.TestSuiteExecutor.accessTestSuiteMainPhase(TestSuiteExecutor.java:112)\r\n\tat com.kms.katalon.core.main.TestSuiteExecutor.execute(TestSuiteExecutor.java:81)\r\n\tat com.kms.katalon.core.main.TestCaseMain.startTestSuite(TestCaseMain.java:149)\r\n\tat com.kms.katalon.core.main.TestCaseMain$startTestSuite$0.call(Unknown Source)\r\n\tat TempTestSuite1561694746499.run(TempTestSuite1561694746499.groovy:36)\r\n</message>
  <exception>
    <message>com.kms.katalon.core.exception.StepFailedException: Expected element property value '' is not equal with actual property value 'null'</message>
    <frame>
      <class>com.kms.katalon.core.keyword.internal.KeywordMain</class>
      <method>stepFailed</method>
      <line>32</line>
    </frame>
    <frame>
      <class>com.kms.katalon.core.webservice.keyword.builtin.VerifyElementPropertyValueKeyword$_verifyElementPropertyValue_closure1</class>
      <method>doCall</method>
      <line>56</line>
    </frame>
    <frame>
      <class>com.kms.katalon.core.webservice.keyword.builtin.VerifyElementPropertyValueKeyword$_verifyElementPropertyValue_closure1</class>
      <method>call</method>
    </frame>
    <frame>
      <class>com.kms.katalon.core.keyword.internal.KeywordMain</class>
      <method>runKeyword</method>
      <line>54</line>
    </frame>
    <frame>
      <class>com.kms.katalon.core.webservice.keyword.builtin.VerifyElementPropertyValueKeyword</class>
      <method>verifyElementPropertyValue</method>
      <line>48</line>
    </frame>
    <frame>
      <class>com.kms.katalon.core.webservice.keyword.builtin.VerifyElementPropertyValueKeyword</class>
      <method>execute</method>
      <line>43</line>
    </frame>
    <frame>
      <class>com.kms.katalon.core.keyword.internal.KeywordExecutor</class>
      <method>executeKeywordForPlatform</method>
      <line>53</line>
    </frame>
    <frame>
      <class>com.kms.katalon.core.webservice.keyword.WSBuiltInKeywords</class>
      <method>verifyElementPropertyValue</method>
      <line>123</line>
    </frame>
    <frame>
      <class>com.kms.katalon.core.webservice.keyword.WSBuiltInKeywords$verifyElementPropertyValue$1</class>
      <method>call</method>
    </frame>
    <frame>
      <class>Ccp_Controller_Verify_Response_with_Empty_Values</class>
      <method>run</method>
      <line>20</line>
    </frame>
    <frame>
      <class>com.kms.katalon.core.main.ScriptEngine</class>
      <method>run</method>
      <line>194</line>
    </frame>
    <frame>
      <class>com.kms.katalon.core.main.ScriptEngine</class>
      <method>runScriptAsRawText</method>
      <line>119</line>
    </frame>
    <frame>
      <class>com.kms.katalon.core.main.TestCaseExecutor</class>
      <method>runScript</method>
      <line>328</line>
    </frame>
    <frame>
      <class>com.kms.katalon.core.main.TestCaseExecutor</class>
      <method>doExecute</method>
      <line>319</line>
    </frame>
    <frame>
      <class>com.kms.katalon.core.main.TestCaseExecutor</class>
      <method>processExecutionPhase</method>
      <line>298</line>
    </frame>
    <frame>
      <class>com.kms.katalon.core.main.TestCaseExecutor</class>
      <method>accessMainPhase</method>
      <line>290</line>
    </frame>
    <frame>
      <class>com.kms.katalon.core.main.TestCaseExecutor</class>
      <method>execute</method>
      <line>224</line>
    </frame>
    <frame>
      <class>com.kms.katalon.core.main.TestSuiteExecutor</class>
      <method>accessTestCaseMainPhase</method>
      <line>129</line>
    </frame>
    <frame>
      <class>com.kms.katalon.core.main.TestSuiteExecutor</class>
      <method>accessTestSuiteMainPhase</method>
      <line>112</line>
    </frame>
    <frame>
      <class>com.kms.katalon.core.main.TestSuiteExecutor</class>
      <method>execute</method>
      <line>81</line>
    </frame>
    <frame>
      <class>com.kms.katalon.core.main.TestCaseMain</class>
      <method>startTestSuite</method>
      <line>149</line>
    </frame>
    <frame>
      <class>com.kms.katalon.core.main.TestCaseMain$startTestSuite$0</class>
      <method>call</method>
    </frame>
    <frame>
      <class>TempTestSuite1561694746499</class>
      <method>run</method>
      <line>36</line>
    </frame>
  </exception>
  <nestedLevel>0</nestedLevel>
</record>
<record>
  <date>2019-06-28T09:37:08</date>
  <millis>1561694828678</millis>
  <sequence>97</sequence>
  <level>END</level>
  <class>com.kms.katalon.core.logging.XmlKeywordLogger</class>
  <method>endTest</method>
  <thread>1</thread>
  <message>End Test Case : Test Cases/Ccp_Controller_API/Ccp_Controller_Verify_Response_with_Empty_Values</message>
  <nestedLevel>0</nestedLevel>
</record>
<record>
  <date>2019-06-28T09:37:08</date>
  <millis>1561694828708</millis>
  <sequence>98</sequence>
  <level>START</level>
  <class>com.kms.katalon.core.logging.XmlKeywordLogger</class>
  <method>startTest</method>
  <thread>1</thread>
  <message>Start Test Case : Test Cases/Ccp_Controller_API/Ccp_Controller_Verify_Response__with_Invalid_Values</message>
  <nestedLevel>1</nestedLevel>
  <property name="name">Test Cases/Ccp_Controller_API/Ccp_Controller_Verify_Response__with_Invalid_Values</property>
  <property name="description"></property>
  <property name="id">Test Cases/Ccp_Controller_API/Ccp_Controller_Verify_Response__with_Invalid_Values</property>
  <property name="source">C:\\Users\\khaja.h\\Katalon Studio\\ADDI_Project\\Test Cases\\Ccp_Controller_API\\Ccp_Controller_Verify_Response__with_Invalid_Values.tc</property>
  <property name="isOptional">false</property>
</record>
<record>
  <date>2019-06-28T09:37:08</date>
  <millis>1561694828738</millis>
  <sequence>100</sequence>
  <level>INFO</level>
  <class>com.kms.katalon.core.logging.XmlKeywordLogger</class>
  <method>logMessage</method>
  <thread>1</thread>
  <message>type = yhgt</message>
  <nestedLevel>1</nestedLevel>
</record>
<record>
  <date>2019-06-28T09:37:08</date>
  <millis>1561694828739</millis>
  <sequence>101</sequence>
  <level>INFO</level>
  <class>com.kms.katalon.core.logging.XmlKeywordLogger</class>
  <method>logMessage</method>
  <thread>1</thread>
  <message>owner = LKJHN</message>
  <nestedLevel>1</nestedLevel>
</record>
<record>
  <date>2019-06-28T09:37:08</date>
  <millis>1561694828740</millis>
  <sequence>102</sequence>
  <level>INFO</level>
  <class>com.kms.katalon.core.logging.XmlKeywordLogger</class>
  <method>logMessage</method>
  <thread>1</thread>
  <message>application = 098723</message>
  <nestedLevel>1</nestedLevel>
</record>
<record>
  <date>2019-06-28T09:37:08</date>
  <millis>1561694828741</millis>
  <sequence>103</sequence>
  <level>INFO</level>
  <class>com.kms.katalon.core.logging.XmlKeywordLogger</class>
  <method>logMessage</method>
  <thread>1</thread>
  <message>ccpid = fgvfc</message>
  <nestedLevel>1</nestedLevel>
</record>
<record>
  <date>2019-06-28T09:37:08</date>
  <millis>1561694828745</millis>
  <sequence>104</sequence>
  <level>INFO</level>
  <class>com.kms.katalon.core.logging.XmlKeywordLogger</class>
  <method>logMessage</method>
  <thread>1</thread>
  <message>description = SGBDVGF</message>
  <nestedLevel>1</nestedLevel>
</record>
<record>
  <date>2019-06-28T09:37:08</date>
  <millis>1561694828747</millis>
  <sequence>105</sequence>
  <level>INFO</level>
  <class>com.kms.katalon.core.logging.XmlKeywordLogger</class>
  <method>logMessage</method>
  <thread>1</thread>
  <message>messageCategory = MNJH</message>
  <nestedLevel>1</nestedLevel>
</record>
<record>
  <date>2019-06-28T09:37:09</date>
  <millis>1561694829191</millis>
  <sequence>106</sequence>
  <level>START</level>
  <class>com.kms.katalon.core.logging.XmlKeywordLogger</class>
  <method>startKeyword</method>
  <thread>1</thread>
  <message>Start action : response = sendRequest(findTestObject(\&amp;quot;Ccp_Controller_API/Ccp_Controller_Verify_Response__with_Invalid_Values\&amp;quot;))</message>
  <nestedLevel>1</nestedLevel>
  <property name="startLine">16</property>
  <property name="stepIndex">1</property>
</record>
<record>
  <date>2019-06-28T09:37:09</date>
  <millis>1561694829421</millis>
  <sequence>110</sequence>
  <level>INFO</level>
  <class>com.kms.katalon.core.logging.XmlKeywordLogger</class>
  <method>logMessage</method>
  <thread>1</thread>
  <message>HAR: C:\\Users\\khaja.h\\Katalon Studio\\ADDI_Project\\Reports\\Ccp_Controller_API\\20190628_093541\\requests\\main\\2.har</message>
  <nestedLevel>1</nestedLevel>
  <property name="harId">79e6ba45-6118-4f97-9ae1-f16c2dbd0f04</property>
</record>
<record>
  <date>2019-06-28T09:37:09</date>
  <millis>1561694829429</millis>
  <sequence>111</sequence>
  <level>PASSED</level>
  <class>com.kms.katalon.core.logging.XmlKeywordLogger</class>
  <method>logMessage</method>
  <thread>1</thread>
  <message>Send request successfully</message>
  <nestedLevel>1</nestedLevel>
</record>
<record>
  <date>2019-06-28T09:37:09</date>
  <millis>1561694829431</millis>
  <sequence>112</sequence>
  <level>END</level>
  <class>com.kms.katalon.core.logging.XmlKeywordLogger</class>
  <method>endKeyword</method>
  <thread>1</thread>
  <message>End action : response = sendRequest(findTestObject(\&amp;quot;Ccp_Controller_API/Ccp_Controller_Verify_Response__with_Invalid_Values\&amp;quot;))</message>
  <nestedLevel>1</nestedLevel>
</record>
<record>
  <date>2019-06-28T09:37:09</date>
  <millis>1561694829431</millis>
  <sequence>113</sequence>
  <level>START</level>
  <class>com.kms.katalon.core.logging.XmlKeywordLogger</class>
  <method>startKeyword</method>
  <thread>1</thread>
  <message>Start action : verifyResponseStatusCode(response, 200)</message>
  <nestedLevel>1</nestedLevel>
  <property name="startLine">18</property>
  <property name="stepIndex">2</property>
</record>
<record>
  <date>2019-06-28T09:37:09</date>
  <millis>1561694829432</millis>
  <sequence>115</sequence>
  <level>PASSED</level>
  <class>com.kms.katalon.core.logging.XmlKeywordLogger</class>
  <method>logMessage</method>
  <thread>1</thread>
  <message>Verify response status code successfully</message>
  <nestedLevel>1</nestedLevel>
</record>
<record>
  <date>2019-06-28T09:37:09</date>
  <millis>1561694829434</millis>
  <sequence>116</sequence>
  <level>END</level>
  <class>com.kms.katalon.core.logging.XmlKeywordLogger</class>
  <method>endKeyword</method>
  <thread>1</thread>
  <message>End action : verifyResponseStatusCode(response, 200)</message>
  <nestedLevel>1</nestedLevel>
</record>
<record>
  <date>2019-06-28T09:37:09</date>
  <millis>1561694829434</millis>
  <sequence>117</sequence>
  <level>START</level>
  <class>com.kms.katalon.core.logging.XmlKeywordLogger</class>
  <method>startKeyword</method>
  <thread>1</thread>
  <message>Start action : verifyElementPropertyValue(response, \&amp;quot;[0].type\&amp;quot;, type)</message>
  <nestedLevel>1</nestedLevel>
  <property name="startLine">20</property>
  <property name="stepIndex">3</property>
</record>
<record>
  <date>2019-06-28T09:37:09</date>
  <millis>1561694829507</millis>
  <sequence>119</sequence>
  <level>FAILED</level>
  <class>com.kms.katalon.core.logging.XmlKeywordLogger</class>
  <method>logMessage</method>
  <thread>1</thread>
  <message>Expected element property value &amp;apos;yhgt&amp;apos; is not equal with actual property value &amp;apos;null&amp;apos;</message>
  <nestedLevel>1</nestedLevel>
</record>
<record>
  <date>2019-06-28T09:37:09</date>
  <millis>1561694829510</millis>
  <sequence>120</sequence>
  <level>END</level>
  <class>com.kms.katalon.core.logging.XmlKeywordLogger</class>
  <method>endKeyword</method>
  <thread>1</thread>
  <message>End action : verifyElementPropertyValue(response, \&amp;quot;[0].type\&amp;quot;, type)</message>
  <nestedLevel>1</nestedLevel>
</record>
<record>
  <date>2019-06-28T09:37:09</date>
  <millis>1561694829510</millis>
  <sequence>121</sequence>
  <level>START</level>
  <class>com.kms.katalon.core.logging.XmlKeywordLogger</class>
  <method>startKeyword</method>
  <thread>1</thread>
  <message>Start action : verifyElementPropertyValue(response, \&amp;quot;[0].owner\&amp;quot;, owner)</message>
  <nestedLevel>1</nestedLevel>
  <property name="startLine">22</property>
  <property name="stepIndex">4</property>
</record>
<record>
  <date>2019-06-28T09:37:09</date>
  <millis>1561694829568</millis>
  <sequence>123</sequence>
  <level>FAILED</level>
  <class>com.kms.katalon.core.logging.XmlKeywordLogger</class>
  <method>logMessage</method>
  <thread>1</thread>
  <message>Expected element property value &amp;apos;LKJHN&amp;apos; is not equal with actual property value &amp;apos;ILP&amp;apos;</message>
  <nestedLevel>1</nestedLevel>
</record>
<record>
  <date>2019-06-28T09:37:09</date>
  <millis>1561694829570</millis>
  <sequence>124</sequence>
  <level>END</level>
  <class>com.kms.katalon.core.logging.XmlKeywordLogger</class>
  <method>endKeyword</method>
  <thread>1</thread>
  <message>End action : verifyElementPropertyValue(response, \&amp;quot;[0].owner\&amp;quot;, owner)</message>
  <nestedLevel>1</nestedLevel>
</record>
<record>
  <date>2019-06-28T09:37:09</date>
  <millis>1561694829570</millis>
  <sequence>125</sequence>
  <level>START</level>
  <class>com.kms.katalon.core.logging.XmlKeywordLogger</class>
  <method>startKeyword</method>
  <thread>1</thread>
  <message>Start action : verifyElementPropertyValue(response, \&amp;quot;[0].application\&amp;quot;, application)</message>
  <nestedLevel>1</nestedLevel>
  <property name="startLine">24</property>
  <property name="stepIndex">5</property>
</record>
<record>
  <date>2019-06-28T09:37:09</date>
  <millis>1561694829665</millis>
  <sequence>127</sequence>
  <level>FAILED</level>
  <class>com.kms.katalon.core.logging.XmlKeywordLogger</class>
  <method>logMessage</method>
  <thread>1</thread>
  <message>Expected element property value &amp;apos;098723&amp;apos; is not equal with actual property value &amp;apos;00000&amp;apos;</message>
  <nestedLevel>1</nestedLevel>
</record>
<record>
  <date>2019-06-28T09:37:09</date>
  <millis>1561694829666</millis>
  <sequence>128</sequence>
  <level>END</level>
  <class>com.kms.katalon.core.logging.XmlKeywordLogger</class>
  <method>endKeyword</method>
  <thread>1</thread>
  <message>End action : verifyElementPropertyValue(response, \&amp;quot;[0].application\&amp;quot;, application)</message>
  <nestedLevel>1</nestedLevel>
</record>
<record>
  <date>2019-06-28T09:37:09</date>
  <millis>1561694829667</millis>
  <sequence>129</sequence>
  <level>START</level>
  <class>com.kms.katalon.core.logging.XmlKeywordLogger</class>
  <method>startKeyword</method>
  <thread>1</thread>
  <message>Start action : verifyElementPropertyValue(response, \&amp;quot;[0].ccpid\&amp;quot;, ccpid)</message>
  <nestedLevel>1</nestedLevel>
  <property name="startLine">26</property>
  <property name="stepIndex">6</property>
</record>
<record>
  <date>2019-06-28T09:37:09</date>
  <millis>1561694829772</millis>
  <sequence>131</sequence>
  <level>FAILED</level>
  <class>com.kms.katalon.core.logging.XmlKeywordLogger</class>
  <method>logMessage</method>
  <thread>1</thread>
  <message>Expected element property value &amp;apos;fgvfc&amp;apos; is not equal with actual property value &amp;apos;10018&amp;apos;</message>
  <nestedLevel>1</nestedLevel>
</record>
<record>
  <date>2019-06-28T09:37:09</date>
  <millis>1561694829774</millis>
  <sequence>132</sequence>
  <level>END</level>
  <class>com.kms.katalon.core.logging.XmlKeywordLogger</class>
  <method>endKeyword</method>
  <thread>1</thread>
  <message>End action : verifyElementPropertyValue(response, \&amp;quot;[0].ccpid\&amp;quot;, ccpid)</message>
  <nestedLevel>1</nestedLevel>
</record>
<record>
  <date>2019-06-28T09:37:09</date>
  <millis>1561694829775</millis>
  <sequence>133</sequence>
  <level>START</level>
  <class>com.kms.katalon.core.logging.XmlKeywordLogger</class>
  <method>startKeyword</method>
  <thread>1</thread>
  <message>Start action : verifyElementPropertyValue(response, \&amp;quot;[0].description\&amp;quot;, description)</message>
  <nestedLevel>1</nestedLevel>
  <property name="startLine">28</property>
  <property name="stepIndex">7</property>
</record>
<record>
  <date>2019-06-28T09:37:09</date>
  <millis>1561694829848</millis>
  <sequence>135</sequence>
  <level>FAILED</level>
  <class>com.kms.katalon.core.logging.XmlKeywordLogger</class>
  <method>logMessage</method>
  <thread>1</thread>
  <message>Expected element property value &amp;apos;SGBDVGF&amp;apos; is not equal with actual property value &amp;apos;BELOW MARKET RATE SET TO ZERO&amp;apos;</message>
  <nestedLevel>1</nestedLevel>
</record>
<record>
  <date>2019-06-28T09:37:09</date>
  <millis>1561694829851</millis>
  <sequence>136</sequence>
  <level>END</level>
  <class>com.kms.katalon.core.logging.XmlKeywordLogger</class>
  <method>endKeyword</method>
  <thread>1</thread>
  <message>End action : verifyElementPropertyValue(response, \&amp;quot;[0].description\&amp;quot;, description)</message>
  <nestedLevel>1</nestedLevel>
</record>
<record>
  <date>2019-06-28T09:37:09</date>
  <millis>1561694829851</millis>
  <sequence>137</sequence>
  <level>START</level>
  <class>com.kms.katalon.core.logging.XmlKeywordLogger</class>
  <method>startKeyword</method>
  <thread>1</thread>
  <message>Start action : verifyElementPropertyValue(response, \&amp;quot;[0].messageCategory\&amp;quot;, messageCategory)</message>
  <nestedLevel>1</nestedLevel>
  <property name="startLine">30</property>
  <property name="stepIndex">8</property>
</record>
<record>
  <date>2019-06-28T09:37:09</date>
  <millis>1561694829960</millis>
  <sequence>139</sequence>
  <level>FAILED</level>
  <class>com.kms.katalon.core.logging.XmlKeywordLogger</class>
  <method>logMessage</method>
  <thread>1</thread>
  <message>Expected element property value &amp;apos;MNJH&amp;apos; is not equal with actual property value &amp;apos;&amp;apos;</message>
  <nestedLevel>1</nestedLevel>
</record>
<record>
  <date>2019-06-28T09:37:10</date>
  <millis>1561694830038</millis>
  <sequence>141</sequence>
  <logger>com.kms.katalon.core.logging.XmlKeywordLogger</logger>
  <level>FAILED</level>
  <class>com.kms.katalon.core.logging.XmlKeywordLogger</class>
  <method>logMessage</method>
  <thread>1</thread>
  <message>verifyElementPropertyValue(response, \&amp;quot;[0].messageCategory\&amp;quot;, messageCategory) FAILED.\nReason:\ncom.kms.katalon.core.exception.StepFailedException: Expected element property value &amp;apos;yhgt&amp;apos; is not equal with actual property value &amp;apos;null&amp;apos;\r\n\tat com.kms.katalon.core.keyword.internal.KeywordMain.stepFailed(KeywordMain.groovy:32)\r\n\tat com.kms.katalon.core.webservice.keyword.builtin.VerifyElementPropertyValueKeyword$_verifyElementPropertyValue_closure1.doCall(VerifyElementPropertyValueKeyword.groovy:56)\r\n\tat com.kms.katalon.core.webservice.keyword.builtin.VerifyElementPropertyValueKeyword$_verifyElementPropertyValue_closure1.call(VerifyElementPropertyValueKeyword.groovy)\r\n\tat com.kms.katalon.core.keyword.internal.KeywordMain.runKeyword(KeywordMain.groovy:54)\r\n\tat com.kms.katalon.core.webservice.keyword.builtin.VerifyElementPropertyValueKeyword.verifyElementPropertyValue(VerifyElementPropertyValueKeyword.groovy:48)\r\n\tat com.kms.katalon.core.webservice.keyword.builtin.VerifyElementPropertyValueKeyword.execute(VerifyElementPropertyValueKeyword.groovy:43)\r\n\tat com.kms.katalon.core.keyword.internal.KeywordExecutor.executeKeywordForPlatform(KeywordExecutor.groovy:53)\r\n\tat com.kms.katalon.core.webservice.keyword.WSBuiltInKeywords.verifyElementPropertyValue(WSBuiltInKeywords.groovy:123)\r\n\tat com.kms.katalon.core.webservice.keyword.WSBuiltInKeywords$verifyElementPropertyValue$1.call(Unknown Source)\r\n\tat Ccp_Controller_Verify_Response__with_Invalid_Values.run(Ccp_Controller_Verify_Response__with_Invalid_Values:20)\r\n\tat com.kms.katalon.core.main.ScriptEngine.run(ScriptEngine.java:194)\r\n\tat com.kms.katalon.core.main.ScriptEngine.runScriptAsRawText(ScriptEngine.java:119)\r\n\tat com.kms.katalon.core.main.TestCaseExecutor.runScript(TestCaseExecutor.java:328)\r\n\tat com.kms.katalon.core.main.TestCaseExecutor.doExecute(TestCaseExecutor.java:319)\r\n\tat com.kms.katalon.core.main.TestCaseExecutor.processExecutionPhase(TestCaseExecutor.java:298)\r\n\tat com.kms.katalon.core.main.TestCaseExecutor.accessMainPhase(TestCaseExecutor.java:290)\r\n\tat com.kms.katalon.core.main.TestCaseExecutor.execute(TestCaseExecutor.java:224)\r\n\tat com.kms.katalon.core.main.TestSuiteExecutor.accessTestCaseMainPhase(TestSuiteExecutor.java:129)\r\n\tat com.kms.katalon.core.main.TestSuiteExecutor.accessTestSuiteMainPhase(TestSuiteExecutor.java:112)\r\n\tat com.kms.katalon.core.main.TestSuiteExecutor.execute(TestSuiteExecutor.java:81)\r\n\tat com.kms.katalon.core.main.TestCaseMain.startTestSuite(TestCaseMain.java:149)\r\n\tat com.kms.katalon.core.main.TestCaseMain$startTestSuite$0.call(Unknown Source)\r\n\tat TempTestSuite1561694746499.run(TempTestSuite1561694746499.groovy:36)\r\n</message>
  <exception>
    <message>com.kms.katalon.core.exception.StepFailedException: Expected element property value 'yhgt' is not equal with actual property value 'null'</message>
    <frame>
      <class>com.kms.katalon.core.keyword.internal.KeywordMain</class>
      <method>stepFailed</method>
      <line>32</line>
    </frame>
    <frame>
      <class>com.kms.katalon.core.webservice.keyword.builtin.VerifyElementPropertyValueKeyword$_verifyElementPropertyValue_closure1</class>
      <method>doCall</method>
      <line>56</line>
    </frame>
    <frame>
      <class>com.kms.katalon.core.webservice.keyword.builtin.VerifyElementPropertyValueKeyword$_verifyElementPropertyValue_closure1</class>
      <method>call</method>
    </frame>
    <frame>
      <class>com.kms.katalon.core.keyword.internal.KeywordMain</class>
      <method>runKeyword</method>
      <line>54</line>
    </frame>
    <frame>
      <class>com.kms.katalon.core.webservice.keyword.builtin.VerifyElementPropertyValueKeyword</class>
      <method>verifyElementPropertyValue</method>
      <line>48</line>
    </frame>
    <frame>
      <class>com.kms.katalon.core.webservice.keyword.builtin.VerifyElementPropertyValueKeyword</class>
      <method>execute</method>
      <line>43</line>
    </frame>
    <frame>
      <class>com.kms.katalon.core.keyword.internal.KeywordExecutor</class>
      <method>executeKeywordForPlatform</method>
      <line>53</line>
    </frame>
    <frame>
      <class>com.kms.katalon.core.webservice.keyword.WSBuiltInKeywords</class>
      <method>verifyElementPropertyValue</method>
      <line>123</line>
    </frame>
    <frame>
      <class>com.kms.katalon.core.webservice.keyword.WSBuiltInKeywords$verifyElementPropertyValue$1</class>
      <method>call</method>
    </frame>
    <frame>
      <class>Ccp_Controller_Verify_Response__with_Invalid_Values</class>
      <method>run</method>
      <line>20</line>
    </frame>
    <frame>
      <class>com.kms.katalon.core.main.ScriptEngine</class>
      <method>run</method>
      <line>194</line>
    </frame>
    <frame>
      <class>com.kms.katalon.core.main.ScriptEngine</class>
      <method>runScriptAsRawText</method>
      <line>119</line>
    </frame>
    <frame>
      <class>com.kms.katalon.core.main.TestCaseExecutor</class>
      <method>runScript</method>
      <line>328</line>
    </frame>
    <frame>
      <class>com.kms.katalon.core.main.TestCaseExecutor</class>
      <method>doExecute</method>
      <line>319</line>
    </frame>
    <frame>
      <class>com.kms.katalon.core.main.TestCaseExecutor</class>
      <method>processExecutionPhase</method>
      <line>298</line>
    </frame>
    <frame>
      <class>com.kms.katalon.core.main.TestCaseExecutor</class>
      <method>accessMainPhase</method>
      <line>290</line>
    </frame>
    <frame>
      <class>com.kms.katalon.core.main.TestCaseExecutor</class>
      <method>execute</method>
      <line>224</line>
    </frame>
    <frame>
      <class>com.kms.katalon.core.main.TestSuiteExecutor</class>
      <method>accessTestCaseMainPhase</method>
      <line>129</line>
    </frame>
    <frame>
      <class>com.kms.katalon.core.main.TestSuiteExecutor</class>
      <method>accessTestSuiteMainPhase</method>
      <line>112</line>
    </frame>
    <frame>
      <class>com.kms.katalon.core.main.TestSuiteExecutor</class>
      <method>execute</method>
      <line>81</line>
    </frame>
    <frame>
      <class>com.kms.katalon.core.main.TestCaseMain</class>
      <method>startTestSuite</method>
      <line>149</line>
    </frame>
    <frame>
      <class>com.kms.katalon.core.main.TestCaseMain$startTestSuite$0</class>
      <method>call</method>
    </frame>
    <frame>
      <class>TempTestSuite1561694746499</class>
      <method>run</method>
      <line>36</line>
    </frame>
  </exception>
  <nestedLevel>0</nestedLevel>
</record>
<record>
  <date>2019-06-28T09:37:10</date>
  <millis>1561694830044</millis>
  <sequence>142</sequence>
  <level>END</level>
  <class>com.kms.katalon.core.logging.XmlKeywordLogger</class>
  <method>endKeyword</method>
  <thread>1</thread>
  <message>End action : verifyElementPropertyValue(response, \&amp;quot;[0].messageCategory\&amp;quot;, messageCategory)</message>
  <nestedLevel>1</nestedLevel>
</record>
<record>
  <date>2019-06-28T09:37:10</date>
  <millis>1561694830046</millis>
  <sequence>144</sequence>
  <logger>com.kms.katalon.core.logging.XmlKeywordLogger</logger>
  <level>FAILED</level>
  <class>com.kms.katalon.core.logging.XmlKeywordLogger</class>
  <method>logMessage</method>
  <thread>1</thread>
  <message>Test Cases/Ccp_Controller_API/Ccp_Controller_Verify_Response__with_Invalid_Values FAILED.\nReason:\ncom.kms.katalon.core.exception.StepFailedException: Expected element property value &amp;apos;yhgt&amp;apos; is not equal with actual property value &amp;apos;null&amp;apos;\r\n\tat com.kms.katalon.core.keyword.internal.KeywordMain.stepFailed(KeywordMain.groovy:32)\r\n\tat com.kms.katalon.core.webservice.keyword.builtin.VerifyElementPropertyValueKeyword$_verifyElementPropertyValue_closure1.doCall(VerifyElementPropertyValueKeyword.groovy:56)\r\n\tat com.kms.katalon.core.webservice.keyword.builtin.VerifyElementPropertyValueKeyword$_verifyElementPropertyValue_closure1.call(VerifyElementPropertyValueKeyword.groovy)\r\n\tat com.kms.katalon.core.keyword.internal.KeywordMain.runKeyword(KeywordMain.groovy:54)\r\n\tat com.kms.katalon.core.webservice.keyword.builtin.VerifyElementPropertyValueKeyword.verifyElementPropertyValue(VerifyElementPropertyValueKeyword.groovy:48)\r\n\tat com.kms.katalon.core.webservice.keyword.builtin.VerifyElementPropertyValueKeyword.execute(VerifyElementPropertyValueKeyword.groovy:43)\r\n\tat com.kms.katalon.core.keyword.internal.KeywordExecutor.executeKeywordForPlatform(KeywordExecutor.groovy:53)\r\n\tat com.kms.katalon.core.webservice.keyword.WSBuiltInKeywords.verifyElementPropertyValue(WSBuiltInKeywords.groovy:123)\r\n\tat com.kms.katalon.core.webservice.keyword.WSBuiltInKeywords$verifyElementPropertyValue$1.call(Unknown Source)\r\n\tat Ccp_Controller_Verify_Response__with_Invalid_Values.run(Ccp_Controller_Verify_Response__with_Invalid_Values:20)\r\n\tat com.kms.katalon.core.main.ScriptEngine.run(ScriptEngine.java:194)\r\n\tat com.kms.katalon.core.main.ScriptEngine.runScriptAsRawText(ScriptEngine.java:119)\r\n\tat com.kms.katalon.core.main.TestCaseExecutor.runScript(TestCaseExecutor.java:328)\r\n\tat com.kms.katalon.core.main.TestCaseExecutor.doExecute(TestCaseExecutor.java:319)\r\n\tat com.kms.katalon.core.main.TestCaseExecutor.processExecutionPhase(TestCaseExecutor.java:298)\r\n\tat com.kms.katalon.core.main.TestCaseExecutor.accessMainPhase(TestCaseExecutor.java:290)\r\n\tat com.kms.katalon.core.main.TestCaseExecutor.execute(TestCaseExecutor.java:224)\r\n\tat com.kms.katalon.core.main.TestSuiteExecutor.accessTestCaseMainPhase(TestSuiteExecutor.java:129)\r\n\tat com.kms.katalon.core.main.TestSuiteExecutor.accessTestSuiteMainPhase(TestSuiteExecutor.java:112)\r\n\tat com.kms.katalon.core.main.TestSuiteExecutor.execute(TestSuiteExecutor.java:81)\r\n\tat com.kms.katalon.core.main.TestCaseMain.startTestSuite(TestCaseMain.java:149)\r\n\tat com.kms.katalon.core.main.TestCaseMain$startTestSuite$0.call(Unknown Source)\r\n\tat TempTestSuite1561694746499.run(TempTestSuite1561694746499.groovy:36)\r\n</message>
  <exception>
    <message>com.kms.katalon.core.exception.StepFailedException: Expected element property value 'yhgt' is not equal with actual property value 'null'</message>
    <frame>
      <class>com.kms.katalon.core.keyword.internal.KeywordMain</class>
      <method>stepFailed</method>
      <line>32</line>
    </frame>
    <frame>
      <class>com.kms.katalon.core.webservice.keyword.builtin.VerifyElementPropertyValueKeyword$_verifyElementPropertyValue_closure1</class>
      <method>doCall</method>
      <line>56</line>
    </frame>
    <frame>
      <class>com.kms.katalon.core.webservice.keyword.builtin.VerifyElementPropertyValueKeyword$_verifyElementPropertyValue_closure1</class>
      <method>call</method>
    </frame>
    <frame>
      <class>com.kms.katalon.core.keyword.internal.KeywordMain</class>
      <method>runKeyword</method>
      <line>54</line>
    </frame>
    <frame>
      <class>com.kms.katalon.core.webservice.keyword.builtin.VerifyElementPropertyValueKeyword</class>
      <method>verifyElementPropertyValue</method>
      <line>48</line>
    </frame>
    <frame>
      <class>com.kms.katalon.core.webservice.keyword.builtin.VerifyElementPropertyValueKeyword</class>
      <method>execute</method>
      <line>43</line>
    </frame>
    <frame>
      <class>com.kms.katalon.core.keyword.internal.KeywordExecutor</class>
      <method>executeKeywordForPlatform</method>
      <line>53</line>
    </frame>
    <frame>
      <class>com.kms.katalon.core.webservice.keyword.WSBuiltInKeywords</class>
      <method>verifyElementPropertyValue</method>
      <line>123</line>
    </frame>
    <frame>
      <class>com.kms.katalon.core.webservice.keyword.WSBuiltInKeywords$verifyElementPropertyValue$1</class>
      <method>call</method>
    </frame>
    <frame>
      <class>Ccp_Controller_Verify_Response__with_Invalid_Values</class>
      <method>run</method>
      <line>20</line>
    </frame>
    <frame>
      <class>com.kms.katalon.core.main.ScriptEngine</class>
      <method>run</method>
      <line>194</line>
    </frame>
    <frame>
      <class>com.kms.katalon.core.main.ScriptEngine</class>
      <method>runScriptAsRawText</method>
      <line>119</line>
    </frame>
    <frame>
      <class>com.kms.katalon.core.main.TestCaseExecutor</class>
      <method>runScript</method>
      <line>328</line>
    </frame>
    <frame>
      <class>com.kms.katalon.core.main.TestCaseExecutor</class>
      <method>doExecute</method>
      <line>319</line>
    </frame>
    <frame>
      <class>com.kms.katalon.core.main.TestCaseExecutor</class>
      <method>processExecutionPhase</method>
      <line>298</line>
    </frame>
    <frame>
      <class>com.kms.katalon.core.main.TestCaseExecutor</class>
      <method>accessMainPhase</method>
      <line>290</line>
    </frame>
    <frame>
      <class>com.kms.katalon.core.main.TestCaseExecutor</class>
      <method>execute</method>
      <line>224</line>
    </frame>
    <frame>
      <class>com.kms.katalon.core.main.TestSuiteExecutor</class>
      <method>accessTestCaseMainPhase</method>
      <line>129</line>
    </frame>
    <frame>
      <class>com.kms.katalon.core.main.TestSuiteExecutor</class>
      <method>accessTestSuiteMainPhase</method>
      <line>112</line>
    </frame>
    <frame>
      <class>com.kms.katalon.core.main.TestSuiteExecutor</class>
      <method>execute</method>
      <line>81</line>
    </frame>
    <frame>
      <class>com.kms.katalon.core.main.TestCaseMain</class>
      <method>startTestSuite</method>
      <line>149</line>
    </frame>
    <frame>
      <class>com.kms.katalon.core.main.TestCaseMain$startTestSuite$0</class>
      <method>call</method>
    </frame>
    <frame>
      <class>TempTestSuite1561694746499</class>
      <method>run</method>
      <line>36</line>
    </frame>
  </exception>
  <nestedLevel>0</nestedLevel>
</record>
<record>
  <date>2019-06-28T09:37:10</date>
  <millis>1561694830104</millis>
  <sequence>145</sequence>
  <level>END</level>
  <class>com.kms.katalon.core.logging.XmlKeywordLogger</class>
  <method>endTest</method>
  <thread>1</thread>
  <message>End Test Case : Test Cases/Ccp_Controller_API/Ccp_Controller_Verify_Response__with_Invalid_Values</message>
  <nestedLevel>0</nestedLevel>
</record>
<record>
  <date>2019-06-28T09:37:10</date>
  <millis>1561694830134</millis>
  <sequence>146</sequence>
  <level>START</level>
  <class>com.kms.katalon.core.logging.XmlKeywordLogger</class>
  <method>startTest</method>
  <thread>1</thread>
  <message>Start Test Case : Test Cases/Ccp_Controller_API/Ccp_Controller_Verify_Response_with_Invalid_parameters</message>
  <nestedLevel>1</nestedLevel>
  <property name="name">Test Cases/Ccp_Controller_API/Ccp_Controller_Verify_Response_with_Invalid_parameters</property>
  <property name="description"></property>
  <property name="id">Test Cases/Ccp_Controller_API/Ccp_Controller_Verify_Response_with_Invalid_parameters</property>
  <property name="source">C:\\Users\\khaja.h\\Katalon Studio\\ADDI_Project\\Test Cases\\Ccp_Controller_API\\Ccp_Controller_Verify_Response_with_Invalid_parameters.tc</property>
  <property name="isOptional">false</property>
</record>
<record>
  <date>2019-06-28T09:37:10</date>
  <millis>1561694830768</millis>
  <sequence>148</sequence>
  <level>START</level>
  <class>com.kms.katalon.core.logging.XmlKeywordLogger</class>
  <method>startKeyword</method>
  <thread>1</thread>
  <message>Start action : response = sendRequest(findTestObject(\&amp;quot;Ccp_Controller_API/Ccp_Controller_Verify_Response_with_Invalid_parameters\&amp;quot;))</message>
  <nestedLevel>1</nestedLevel>
  <property name="startLine">16</property>
  <property name="stepIndex">1</property>
</record>
<record>
  <date>2019-06-28T09:37:10</date>
  <millis>1561694830971</millis>
  <sequence>152</sequence>
  <level>INFO</level>
  <class>com.kms.katalon.core.logging.XmlKeywordLogger</class>
  <method>logMessage</method>
  <thread>1</thread>
  <message>HAR: C:\\Users\\khaja.h\\Katalon Studio\\ADDI_Project\\Reports\\Ccp_Controller_API\\20190628_093541\\requests\\main\\3.har</message>
  <nestedLevel>1</nestedLevel>
  <property name="harId">a8e870b4-2ad1-4b31-9c62-4f2dbc2e8c8d</property>
</record>
<record>
  <date>2019-06-28T09:37:10</date>
  <millis>1561694830978</millis>
  <sequence>153</sequence>
  <level>PASSED</level>
  <class>com.kms.katalon.core.logging.XmlKeywordLogger</class>
  <method>logMessage</method>
  <thread>1</thread>
  <message>Send request successfully</message>
  <nestedLevel>1</nestedLevel>
</record>
<record>
  <date>2019-06-28T09:37:10</date>
  <millis>1561694830980</millis>
  <sequence>154</sequence>
  <level>END</level>
  <class>com.kms.katalon.core.logging.XmlKeywordLogger</class>
  <method>endKeyword</method>
  <thread>1</thread>
  <message>End action : response = sendRequest(findTestObject(\&amp;quot;Ccp_Controller_API/Ccp_Controller_Verify_Response_with_Invalid_parameters\&amp;quot;))</message>
  <nestedLevel>1</nestedLevel>
</record>
<record>
  <date>2019-06-28T09:37:10</date>
  <millis>1561694830980</millis>
  <sequence>155</sequence>
  <level>START</level>
  <class>com.kms.katalon.core.logging.XmlKeywordLogger</class>
  <method>startKeyword</method>
  <thread>1</thread>
  <message>Start action : verifyResponseStatusCode(response, 400)</message>
  <nestedLevel>1</nestedLevel>
  <property name="startLine">18</property>
  <property name="stepIndex">2</property>
</record>
<record>
  <date>2019-06-28T09:37:10</date>
  <millis>1561694830981</millis>
  <sequence>157</sequence>
  <level>PASSED</level>
  <class>com.kms.katalon.core.logging.XmlKeywordLogger</class>
  <method>logMessage</method>
  <thread>1</thread>
  <message>Verify response status code successfully</message>
  <nestedLevel>1</nestedLevel>
</record>
<record>
  <date>2019-06-28T09:37:10</date>
  <millis>1561694830982</millis>
  <sequence>158</sequence>
  <level>END</level>
  <class>com.kms.katalon.core.logging.XmlKeywordLogger</class>
  <method>endKeyword</method>
  <thread>1</thread>
  <message>End action : verifyResponseStatusCode(response, 400)</message>
  <nestedLevel>1</nestedLevel>
</record>
<record>
  <date>2019-06-28T09:37:10</date>
  <millis>1561694830982</millis>
  <sequence>159</sequence>
  <level>PASSED</level>
  <class>com.kms.katalon.core.logging.XmlKeywordLogger</class>
  <method>logMessage</method>
  <thread>1</thread>
  <message>Test Cases/Ccp_Controller_API/Ccp_Controller_Verify_Response_with_Invalid_parameters</message>
  <nestedLevel>1</nestedLevel>
</record>
<record>
  <date>2019-06-28T09:37:10</date>
  <millis>1561694830983</millis>
  <sequence>160</sequence>
  <level>END</level>
  <class>com.kms.katalon.core.logging.XmlKeywordLogger</class>
  <method>endTest</method>
  <thread>1</thread>
  <message>End Test Case : Test Cases/Ccp_Controller_API/Ccp_Controller_Verify_Response_with_Invalid_parameters</message>
  <nestedLevel>0</nestedLevel>
</record>
<record>
  <date>2019-06-28T09:37:10</date>
  <millis>1561694830988</millis>
  <sequence>161</sequence>
  <level>START</level>
  <class>com.kms.katalon.core.logging.XmlKeywordLogger</class>
  <method>startTest</method>
  <thread>1</thread>
  <message>Start Test Case : Test Cases/Ccp_Controller_API/Ccp_Controller_Post_Request</message>
  <nestedLevel>1</nestedLevel>
  <property name="name">Test Cases/Ccp_Controller_API/Ccp_Controller_Post_Request</property>
  <property name="description"></property>
  <property name="id">Test Cases/Ccp_Controller_API/Ccp_Controller_Post_Request</property>
  <property name="source">C:\\Users\\khaja.h\\Katalon Studio\\ADDI_Project\\Test Cases\\Ccp_Controller_API\\Ccp_Controller_Post_Request.tc</property>
  <property name="isOptional">false</property>
</record>
<record>
  <date>2019-06-28T09:37:11</date>
  <millis>1561694831467</millis>
  <sequence>163</sequence>
  <level>START</level>
  <class>com.kms.katalon.core.logging.XmlKeywordLogger</class>
  <method>startKeyword</method>
  <thread>1</thread>
  <message>Start action : response = sendRequest(findTestObject(\&amp;quot;Ccp_Controller_API/Ccp_Controller_Post_Request\&amp;quot;))</message>
  <nestedLevel>1</nestedLevel>
  <property name="startLine">16</property>
  <property name="stepIndex">1</property>
</record>
<record>
  <date>2019-06-28T09:37:11</date>
  <millis>1561694831672</millis>
  <sequence>167</sequence>
  <level>INFO</level>
  <class>com.kms.katalon.core.logging.XmlKeywordLogger</class>
  <method>logMessage</method>
  <thread>1</thread>
  <message>HAR: C:\\Users\\khaja.h\\Katalon Studio\\ADDI_Project\\Reports\\Ccp_Controller_API\\20190628_093541\\requests\\main\\4.har</message>
  <nestedLevel>1</nestedLevel>
  <property name="harId">288bf1bd-0bdd-4a35-9739-44396fa7a33e</property>
</record>
<record>
  <date>2019-06-28T09:37:11</date>
  <millis>1561694831688</millis>
  <sequence>168</sequence>
  <level>PASSED</level>
  <class>com.kms.katalon.core.logging.XmlKeywordLogger</class>
  <method>logMessage</method>
  <thread>1</thread>
  <message>Send request successfully</message>
  <nestedLevel>1</nestedLevel>
</record>
<record>
  <date>2019-06-28T09:37:11</date>
  <millis>1561694831688</millis>
  <sequence>169</sequence>
  <level>END</level>
  <class>com.kms.katalon.core.logging.XmlKeywordLogger</class>
  <method>endKeyword</method>
  <thread>1</thread>
  <message>End action : response = sendRequest(findTestObject(\&amp;quot;Ccp_Controller_API/Ccp_Controller_Post_Request\&amp;quot;))</message>
  <nestedLevel>1</nestedLevel>
</record>
<record>
  <date>2019-06-28T09:37:11</date>
  <millis>1561694831688</millis>
  <sequence>170</sequence>
  <level>START</level>
  <class>com.kms.katalon.core.logging.XmlKeywordLogger</class>
  <method>startKeyword</method>
  <thread>1</thread>
  <message>Start action : verifyResponseStatusCode(response, 201)</message>
  <nestedLevel>1</nestedLevel>
  <property name="startLine">17</property>
  <property name="stepIndex">2</property>
</record>
<record>
  <date>2019-06-28T09:37:11</date>
  <millis>1561694831688</millis>
  <sequence>172</sequence>
  <level>PASSED</level>
  <class>com.kms.katalon.core.logging.XmlKeywordLogger</class>
  <method>logMessage</method>
  <thread>1</thread>
  <message>Verify response status code successfully</message>
  <nestedLevel>1</nestedLevel>
</record>
<record>
  <date>2019-06-28T09:37:11</date>
  <millis>1561694831688</millis>
  <sequence>173</sequence>
  <level>END</level>
  <class>com.kms.katalon.core.logging.XmlKeywordLogger</class>
  <method>endKeyword</method>
  <thread>1</thread>
  <message>End action : verifyResponseStatusCode(response, 201)</message>
  <nestedLevel>1</nestedLevel>
</record>
<record>
  <date>2019-06-28T09:37:11</date>
  <millis>1561694831688</millis>
  <sequence>174</sequence>
  <level>PASSED</level>
  <class>com.kms.katalon.core.logging.XmlKeywordLogger</class>
  <method>logMessage</method>
  <thread>1</thread>
  <message>Test Cases/Ccp_Controller_API/Ccp_Controller_Post_Request</message>
  <nestedLevel>1</nestedLevel>
</record>
<record>
  <date>2019-06-28T09:37:11</date>
  <millis>1561694831688</millis>
  <sequence>175</sequence>
  <level>END</level>
  <class>com.kms.katalon.core.logging.XmlKeywordLogger</class>
  <method>endTest</method>
  <thread>1</thread>
  <message>End Test Case : Test Cases/Ccp_Controller_API/Ccp_Controller_Post_Request</message>
  <nestedLevel>0</nestedLevel>
</record>
<record>
  <date>2019-06-28T09:37:11</date>
  <millis>1561694831704</millis>
  <sequence>176</sequence>
  <level>START</level>
  <class>com.kms.katalon.core.logging.XmlKeywordLogger</class>
  <method>startTest</method>
  <thread>1</thread>
  <message>Start Test Case : Test Cases/Ccp_Controller_API/Ccp_Controller_Put_Request</message>
  <nestedLevel>1</nestedLevel>
  <property name="name">Test Cases/Ccp_Controller_API/Ccp_Controller_Put_Request</property>
  <property name="description"></property>
  <property name="id">Test Cases/Ccp_Controller_API/Ccp_Controller_Put_Request</property>
  <property name="source">C:\\Users\\khaja.h\\Katalon Studio\\ADDI_Project\\Test Cases\\Ccp_Controller_API\\Ccp_Controller_Put_Request.tc</property>
  <property name="isOptional">false</property>
</record>
<record>
  <date>2019-06-28T09:37:12</date>
  <millis>1561694832001</millis>
  <sequence>178</sequence>
  <level>START</level>
  <class>com.kms.katalon.core.logging.XmlKeywordLogger</class>
  <method>startKeyword</method>
  <thread>1</thread>
  <message>Start action : response = sendRequest(findTestObject(\&amp;quot;Ccp_Controller_API/Ccp_Controller_Put_Request\&amp;quot;))</message>
  <nestedLevel>1</nestedLevel>
  <property name="startLine">16</property>
  <property name="stepIndex">1</property>
</record>
<record>
  <date>2019-06-28T09:37:14</date>
  <millis>1561694834562</millis>
  <sequence>186</sequence>
  <level>INFO</level>
  <class>com.kms.katalon.core.logging.XmlKeywordLogger</class>
  <method>logMessage</method>
  <thread>1</thread>
  <message>HAR: C:\\Users\\khaja.h\\Katalon Studio\\ADDI_Project\\Reports\\Ccp_Controller_API\\20190628_093541\\requests\\main\\5.har</message>
  <nestedLevel>1</nestedLevel>
  <property name="harId">804ec834-a61e-4097-89f8-f33f595007ff</property>
</record>
<record>
  <date>2019-06-28T09:37:14</date>
  <millis>1561694834578</millis>
  <sequence>187</sequence>
  <level>PASSED</level>
  <class>com.kms.katalon.core.logging.XmlKeywordLogger</class>
  <method>logMessage</method>
  <thread>1</thread>
  <message>Send request successfully</message>
  <nestedLevel>1</nestedLevel>
</record>
<record>
  <date>2019-06-28T09:37:14</date>
  <millis>1561694834578</millis>
  <sequence>188</sequence>
  <level>END</level>
  <class>com.kms.katalon.core.logging.XmlKeywordLogger</class>
  <method>endKeyword</method>
  <thread>1</thread>
  <message>End action : response = sendRequest(findTestObject(\&amp;quot;Ccp_Controller_API/Ccp_Controller_Put_Request\&amp;quot;))</message>
  <nestedLevel>1</nestedLevel>
</record>
<record>
  <date>2019-06-28T09:37:14</date>
  <millis>1561694834579</millis>
  <sequence>189</sequence>
  <level>START</level>
  <class>com.kms.katalon.core.logging.XmlKeywordLogger</class>
  <method>startKeyword</method>
  <thread>1</thread>
  <message>Start action : verifyResponseStatusCode(response, 200)</message>
  <nestedLevel>1</nestedLevel>
  <property name="startLine">18</property>
  <property name="stepIndex">2</property>
</record>
<record>
  <date>2019-06-28T09:37:14</date>
  <millis>1561694834581</millis>
  <sequence>191</sequence>
  <level>PASSED</level>
  <class>com.kms.katalon.core.logging.XmlKeywordLogger</class>
  <method>logMessage</method>
  <thread>1</thread>
  <message>Verify response status code successfully</message>
  <nestedLevel>1</nestedLevel>
</record>
<record>
  <date>2019-06-28T09:37:14</date>
  <millis>1561694834581</millis>
  <sequence>192</sequence>
  <level>END</level>
  <class>com.kms.katalon.core.logging.XmlKeywordLogger</class>
  <method>endKeyword</method>
  <thread>1</thread>
  <message>End action : verifyResponseStatusCode(response, 200)</message>
  <nestedLevel>1</nestedLevel>
</record>
<record>
  <date>2019-06-28T09:37:14</date>
  <millis>1561694834582</millis>
  <sequence>193</sequence>
  <level>PASSED</level>
  <class>com.kms.katalon.core.logging.XmlKeywordLogger</class>
  <method>logMessage</method>
  <thread>1</thread>
  <message>Test Cases/Ccp_Controller_API/Ccp_Controller_Put_Request</message>
  <nestedLevel>1</nestedLevel>
</record>
<record>
  <date>2019-06-28T09:37:14</date>
  <millis>1561694834582</millis>
  <sequence>194</sequence>
  <level>END</level>
  <class>com.kms.katalon.core.logging.XmlKeywordLogger</class>
  <method>endTest</method>
  <thread>1</thread>
  <message>End Test Case : Test Cases/Ccp_Controller_API/Ccp_Controller_Put_Request</message>
  <nestedLevel>0</nestedLevel>
</record>
<record>
  <date>2019-06-28T09:37:14</date>
  <millis>1561694834586</millis>
  <sequence>195</sequence>
  <level>START</level>
  <class>com.kms.katalon.core.logging.XmlKeywordLogger</class>
  <method>startTest</method>
  <thread>1</thread>
  <message>Start Test Case : Test Cases/Ccp_Controller_API/Ccp_Controller_Delete_Request_with_Valid_Parameters</message>
  <nestedLevel>1</nestedLevel>
  <property name="name">Test Cases/Ccp_Controller_API/Ccp_Controller_Delete_Request_with_Valid_Parameters</property>
  <property name="description"></property>
  <property name="id">Test Cases/Ccp_Controller_API/Ccp_Controller_Delete_Request_with_Valid_Parameters</property>
  <property name="source">C:\\Users\\khaja.h\\Katalon Studio\\ADDI_Project\\Test Cases\\Ccp_Controller_API\\Ccp_Controller_Delete_Request_with_Valid_Parameters.tc</property>
  <property name="isOptional">false</property>
</record>
<record>
  <date>2019-06-28T09:37:15</date>
  <millis>1561694835051</millis>
  <sequence>197</sequence>
  <level>START</level>
  <class>com.kms.katalon.core.logging.XmlKeywordLogger</class>
  <method>startKeyword</method>
  <thread>1</thread>
  <message>Start action : response = sendRequest(findTestObject(\&amp;quot;Ccp_Controller_API/Ccp_Controller_Delete_Request_with_Valid_Parameters\&amp;quot;))</message>
  <nestedLevel>1</nestedLevel>
  <property name="startLine">16</property>
  <property name="stepIndex">1</property>
</record>
<record>
  <date>2019-06-28T09:37:15</date>
  <millis>1561694835389</millis>
  <sequence>201</sequence>
  <level>INFO</level>
  <class>com.kms.katalon.core.logging.XmlKeywordLogger</class>
  <method>logMessage</method>
  <thread>1</thread>
  <message>HAR: C:\\Users\\khaja.h\\Katalon Studio\\ADDI_Project\\Reports\\Ccp_Controller_API\\20190628_093541\\requests\\main\\6.har</message>
  <nestedLevel>1</nestedLevel>
  <property name="harId">f92f32ac-b9e6-433b-ae68-06144c6d7b33</property>
</record>
<record>
  <date>2019-06-28T09:37:15</date>
  <millis>1561694835396</millis>
  <sequence>202</sequence>
  <level>PASSED</level>
  <class>com.kms.katalon.core.logging.XmlKeywordLogger</class>
  <method>logMessage</method>
  <thread>1</thread>
  <message>Send request successfully</message>
  <nestedLevel>1</nestedLevel>
</record>
<record>
  <date>2019-06-28T09:37:15</date>
  <millis>1561694835397</millis>
  <sequence>203</sequence>
  <level>END</level>
  <class>com.kms.katalon.core.logging.XmlKeywordLogger</class>
  <method>endKeyword</method>
  <thread>1</thread>
  <message>End action : response = sendRequest(findTestObject(\&amp;quot;Ccp_Controller_API/Ccp_Controller_Delete_Request_with_Valid_Parameters\&amp;quot;))</message>
  <nestedLevel>1</nestedLevel>
</record>
<record>
  <date>2019-06-28T09:37:15</date>
  <millis>1561694835397</millis>
  <sequence>204</sequence>
  <level>START</level>
  <class>com.kms.katalon.core.logging.XmlKeywordLogger</class>
  <method>startKeyword</method>
  <thread>1</thread>
  <message>Start action : verifyResponseStatusCode(response, 200)</message>
  <nestedLevel>1</nestedLevel>
  <property name="startLine">18</property>
  <property name="stepIndex">2</property>
</record>
<record>
  <date>2019-06-28T09:37:15</date>
  <millis>1561694835397</millis>
  <sequence>206</sequence>
  <level>PASSED</level>
  <class>com.kms.katalon.core.logging.XmlKeywordLogger</class>
  <method>logMessage</method>
  <thread>1</thread>
  <message>Verify response status code successfully</message>
  <nestedLevel>1</nestedLevel>
</record>
<record>
  <date>2019-06-28T09:37:15</date>
  <millis>1561694835397</millis>
  <sequence>207</sequence>
  <level>END</level>
  <class>com.kms.katalon.core.logging.XmlKeywordLogger</class>
  <method>endKeyword</method>
  <thread>1</thread>
  <message>End action : verifyResponseStatusCode(response, 200)</message>
  <nestedLevel>1</nestedLevel>
</record>
<record>
  <date>2019-06-28T09:37:15</date>
  <millis>1561694835397</millis>
  <sequence>208</sequence>
  <level>PASSED</level>
  <class>com.kms.katalon.core.logging.XmlKeywordLogger</class>
  <method>logMessage</method>
  <thread>1</thread>
  <message>Test Cases/Ccp_Controller_API/Ccp_Controller_Delete_Request_with_Valid_Parameters</message>
  <nestedLevel>1</nestedLevel>
</record>
<record>
  <date>2019-06-28T09:37:15</date>
  <millis>1561694835397</millis>
  <sequence>209</sequence>
  <level>END</level>
  <class>com.kms.katalon.core.logging.XmlKeywordLogger</class>
  <method>endTest</method>
  <thread>1</thread>
  <message>End Test Case : Test Cases/Ccp_Controller_API/Ccp_Controller_Delete_Request_with_Valid_Parameters</message>
  <nestedLevel>0</nestedLevel>
</record>
<record>
  <date>2019-06-28T09:37:15</date>
  <millis>1561694835413</millis>
  <sequence>210</sequence>
  <level>START</level>
  <class>com.kms.katalon.core.logging.XmlKeywordLogger</class>
  <method>startTest</method>
  <thread>1</thread>
  <message>Start Test Case : Test Cases/Ccp_Controller_API/Ccp_Controller_Delete_Request_with_Invalid_Parameters</message>
  <nestedLevel>1</nestedLevel>
  <property name="name">Test Cases/Ccp_Controller_API/Ccp_Controller_Delete_Request_with_Invalid_Parameters</property>
  <property name="description"></property>
  <property name="id">Test Cases/Ccp_Controller_API/Ccp_Controller_Delete_Request_with_Invalid_Parameters</property>
  <property name="source">C:\\Users\\khaja.h\\Katalon Studio\\ADDI_Project\\Test Cases\\Ccp_Controller_API\\Ccp_Controller_Delete_Request_with_Invalid_Parameters.tc</property>
  <property name="isOptional">false</property>
</record>
<record>
  <date>2019-06-28T09:37:15</date>
  <millis>1561694835876</millis>
  <sequence>212</sequence>
  <level>START</level>
  <class>com.kms.katalon.core.logging.XmlKeywordLogger</class>
  <method>startKeyword</method>
  <thread>1</thread>
  <message>Start action : response = sendRequest(findTestObject(\&amp;quot;Ccp_Controller_API/Ccp_Controller_Delete_Request_with_Invalid_Parameters\&amp;quot;))</message>
  <nestedLevel>1</nestedLevel>
  <property name="startLine">16</property>
  <property name="stepIndex">1</property>
</record>
<record>
  <date>2019-06-28T09:37:16</date>
  <millis>1561694836273</millis>
  <sequence>216</sequence>
  <level>INFO</level>
  <class>com.kms.katalon.core.logging.XmlKeywordLogger</class>
  <method>logMessage</method>
  <thread>1</thread>
  <message>HAR: C:\\Users\\khaja.h\\Katalon Studio\\ADDI_Project\\Reports\\Ccp_Controller_API\\20190628_093541\\requests\\main\\7.har</message>
  <nestedLevel>1</nestedLevel>
  <property name="harId">333cdcb6-2a81-48cb-92e5-e6f3d9d3d579</property>
</record>
<record>
  <date>2019-06-28T09:37:16</date>
  <millis>1561694836292</millis>
  <sequence>217</sequence>
  <level>PASSED</level>
  <class>com.kms.katalon.core.logging.XmlKeywordLogger</class>
  <method>logMessage</method>
  <thread>1</thread>
  <message>Send request successfully</message>
  <nestedLevel>1</nestedLevel>
</record>
<record>
  <date>2019-06-28T09:37:16</date>
  <millis>1561694836293</millis>
  <sequence>218</sequence>
  <level>END</level>
  <class>com.kms.katalon.core.logging.XmlKeywordLogger</class>
  <method>endKeyword</method>
  <thread>1</thread>
  <message>End action : response = sendRequest(findTestObject(\&amp;quot;Ccp_Controller_API/Ccp_Controller_Delete_Request_with_Invalid_Parameters\&amp;quot;))</message>
  <nestedLevel>1</nestedLevel>
</record>
<record>
  <date>2019-06-28T09:37:16</date>
  <millis>1561694836293</millis>
  <sequence>219</sequence>
  <level>START</level>
  <class>com.kms.katalon.core.logging.XmlKeywordLogger</class>
  <method>startKeyword</method>
  <thread>1</thread>
  <message>Start action : verifyResponseStatusCode(response, 400)</message>
  <nestedLevel>1</nestedLevel>
  <property name="startLine">18</property>
  <property name="stepIndex">2</property>
</record>
<record>
  <date>2019-06-28T09:37:16</date>
  <millis>1561694836293</millis>
  <sequence>221</sequence>
  <level>PASSED</level>
  <class>com.kms.katalon.core.logging.XmlKeywordLogger</class>
  <method>logMessage</method>
  <thread>1</thread>
  <message>Verify response status code successfully</message>
  <nestedLevel>1</nestedLevel>
</record>
<record>
  <date>2019-06-28T09:37:16</date>
  <millis>1561694836293</millis>
  <sequence>222</sequence>
  <level>END</level>
  <class>com.kms.katalon.core.logging.XmlKeywordLogger</class>
  <method>endKeyword</method>
  <thread>1</thread>
  <message>End action : verifyResponseStatusCode(response, 400)</message>
  <nestedLevel>1</nestedLevel>
</record>
<record>
  <date>2019-06-28T09:37:16</date>
  <millis>1561694836293</millis>
  <sequence>223</sequence>
  <level>PASSED</level>
  <class>com.kms.katalon.core.logging.XmlKeywordLogger</class>
  <method>logMessage</method>
  <thread>1</thread>
  <message>Test Cases/Ccp_Controller_API/Ccp_Controller_Delete_Request_with_Invalid_Parameters</message>
  <nestedLevel>1</nestedLevel>
</record>
<record>
  <date>2019-06-28T09:37:16</date>
  <millis>1561694836293</millis>
  <sequence>224</sequence>
  <level>END</level>
  <class>com.kms.katalon.core.logging.XmlKeywordLogger</class>
  <method>endTest</method>
  <thread>1</thread>
  <message>End Test Case : Test Cases/Ccp_Controller_API/Ccp_Controller_Delete_Request_with_Invalid_Parameters</message>
  <nestedLevel>0</nestedLevel>
</record>
<record>
  <date>2019-06-28T09:37:16</date>
  <millis>1561694836389</millis>
  <sequence>225</sequence>
  <level>END</level>
  <class>com.kms.katalon.core.logging.XmlKeywordLogger</class>
  <method>endSuite</method>
  <thread>1</thread>
  <message>End Test Suite : Test Suites/Ccp_Controller_API</message>
  <nestedLevel>0</nestedLevel>
</record>
</log>